[ 2018-05-04T14:55:50+08:00 ] 192.168.1.251 /index.php/Home/MarketCoupon/getAll?token=33ba1bd57fb7092c1eb12537c9f2acaf&user_id=13914896237&_area%5B0%5D%5Bcode%5D=340000&_area%5B0%5D%5Bname%5D=%E5%AE%89%E5%BE%BD%E7%9C%81&_area%5B1%5D%5Bcode%5D=340100&_area%5B1%5D%5Bname%5D=%E5%90%88%E8%82%A5%E5%B8%82&_area%5B2%5D%5Bcode%5D=340102&_area%5B2%5D%5Bname%5D=%E7%91%B6%E6%B5%B7%E5%8C%BA
INFO: [ app_init ] --START--
INFO: Run Behavior\BuildLiteBehavior [ RunTime:0.000023s ]
INFO: [ app_init ] --END-- [ RunTime:0.000678s ]
INFO: [ app_begin ] --START--
INFO: Run Behavior\ReadHtmlCacheBehavior [ RunTime:0.001073s ]
INFO: [ app_begin ] --END-- [ RunTime:0.001177s ]
NOTIC: [2048] Declaration of Home\Controller\MarketCouponController::get() should be compatible with Think\Controller::get($name = '') D:\database\Project\working\company\cosmetics\server\app\Home\Controller\MarketCouponController.class.php 第 19 行.
SQL: SHOW COLUMNS FROM `c_token` [ RunTime:0.0008s ]
SQL: SELECT * FROM `c_token` WHERE `login_id` = '13914896237' AND `token` = '33ba1bd57fb7092c1eb12537c9f2acaf' LIMIT 1   [ RunTime:0.0004s ]

[ 2018-05-04T14:55:50+08:00 ] 192.168.1.251 /index.php/Home/MarketCoupon/getAll?token=33ba1bd57fb7092c1eb12537c9f2acaf&user_id=13914896237&_area%5B0%5D%5Bcode%5D=340000&_area%5B0%5D%5Bname%5D=%E5%AE%89%E5%BE%BD%E7%9C%81&_area%5B1%5D%5Bcode%5D=340100&_area%5B1%5D%5Bname%5D=%E5%90%88%E8%82%A5%E5%B8%82&_area%5B2%5D%5Bcode%5D=340102&_area%5B2%5D%5Bname%5D=%E7%91%B6%E6%B5%B7%E5%8C%BA
INFO: [ app_init ] --START--
INFO: Run Behavior\BuildLiteBehavior [ RunTime:0.000019s ]
INFO: [ app_init ] --END-- [ RunTime:0.000505s ]
INFO: [ app_begin ] --START--
INFO: Run Behavior\ReadHtmlCacheBehavior [ RunTime:0.000746s ]
INFO: [ app_begin ] --END-- [ RunTime:0.000850s ]
NOTIC: [2048] Declaration of Home\Controller\MarketCouponController::get() should be compatible with Think\Controller::get($name = '') D:\database\Project\working\company\cosmetics\server\app\Home\Controller\MarketCouponController.class.php 第 19 行.
SQL: SHOW COLUMNS FROM `c_token` [ RunTime:0.0007s ]
SQL: SELECT * FROM `c_token` WHERE `login_id` = '13914896237' AND `token` = '33ba1bd57fb7092c1eb12537c9f2acaf' LIMIT 1   [ RunTime:0.0004s ]

[ 2018-05-04T14:55:50+08:00 ] 192.168.1.251 /index.php/Home/user/getUserInfo?token=33ba1bd57fb7092c1eb12537c9f2acaf&user_id=13914896237&field%5B%5D=user_name&field%5B%5D=user_head&field%5B%5D=user_type&field%5B%5D=user_weixin&field%5B%5D=user_info&field%5B%5D=user_vip_level&field%5B%5D=user_money&field%5B%5D=user_email&field%5B%5D=user_id&field%5B%5D=invite_code
INFO: [ app_init ] --START--
INFO: Run Behavior\BuildLiteBehavior [ RunTime:0.000018s ]
INFO: [ app_init ] --END-- [ RunTime:0.000499s ]
INFO: [ app_begin ] --START--
INFO: Run Behavior\ReadHtmlCacheBehavior [ RunTime:0.000756s ]
INFO: [ app_begin ] --END-- [ RunTime:0.000819s ]
SQL: SHOW COLUMNS FROM `c_token` [ RunTime:0.0008s ]
SQL: SELECT * FROM `c_token` WHERE `login_id` = '13914896237' AND `token` = '33ba1bd57fb7092c1eb12537c9f2acaf' LIMIT 1   [ RunTime:0.0004s ]

[ 2018-05-04T14:55:51+08:00 ] 192.168.1.251 /index.php/Home/user/getUserInfo?token=33ba1bd57fb7092c1eb12537c9f2acaf&user_id=13914896237&field%5B%5D=user_name&field%5B%5D=user_head&field%5B%5D=user_type&field%5B%5D=user_weixin&field%5B%5D=user_info&field%5B%5D=user_vip_level&field%5B%5D=user_money&field%5B%5D=user_email&field%5B%5D=user_id&field%5B%5D=invite_code
INFO: [ app_init ] --START--
INFO: Run Behavior\BuildLiteBehavior [ RunTime:0.000019s ]
INFO: [ app_init ] --END-- [ RunTime:0.000554s ]
INFO: [ app_begin ] --START--
INFO: Run Behavior\ReadHtmlCacheBehavior [ RunTime:0.000811s ]
INFO: [ app_begin ] --END-- [ RunTime:0.000882s ]
SQL: SHOW COLUMNS FROM `c_token` [ RunTime:0.0007s ]
SQL: SELECT * FROM `c_token` WHERE `login_id` = '13914896237' AND `token` = '33ba1bd57fb7092c1eb12537c9f2acaf' LIMIT 1   [ RunTime:0.0004s ]

[ 2018-05-04T14:55:51+08:00 ] 192.168.1.251 /index.php/Home/login/isLogin?token=33ba1bd57fb7092c1eb12537c9f2acaf&user_id=13914896237&_area%5B0%5D%5Bcode%5D=340000&_area%5B0%5D%5Bname%5D=%E5%AE%89%E5%BE%BD%E7%9C%81&_area%5B1%5D%5Bcode%5D=340100&_area%5B1%5D%5Bname%5D=%E5%90%88%E8%82%A5%E5%B8%82&_area%5B2%5D%5Bcode%5D=340102&_area%5B2%5D%5Bname%5D=%E7%91%B6%E6%B5%B7%E5%8C%BA
INFO: [ app_init ] --START--
INFO: Run Behavior\BuildLiteBehavior [ RunTime:0.000021s ]
INFO: [ app_init ] --END-- [ RunTime:0.000631s ]
INFO: [ app_begin ] --START--
INFO: Run Behavior\ReadHtmlCacheBehavior [ RunTime:0.001057s ]
INFO: [ app_begin ] --END-- [ RunTime:0.001154s ]
SQL: SHOW COLUMNS FROM `c_token` [ RunTime:0.0007s ]
SQL: SELECT * FROM `c_token` WHERE `login_id` = '13914896237' AND `token` = '33ba1bd57fb7092c1eb12537c9f2acaf' LIMIT 1   [ RunTime:0.0004s ]
INFO: [ app_end ] --START--
INFO: Run Behavior\ShowPageTraceBehavior [ RunTime:0.001033s ]
INFO: [ app_end ] --END-- [ RunTime:0.001111s ]

[ 2018-05-04T14:55:51+08:00 ] 192.168.1.251 /index.php/Home/login/isLogin?token=33ba1bd57fb7092c1eb12537c9f2acaf&user_id=13914896237&_area%5B0%5D%5Bcode%5D=340000&_area%5B0%5D%5Bname%5D=%E5%AE%89%E5%BE%BD%E7%9C%81&_area%5B1%5D%5Bcode%5D=340100&_area%5B1%5D%5Bname%5D=%E5%90%88%E8%82%A5%E5%B8%82&_area%5B2%5D%5Bcode%5D=340102&_area%5B2%5D%5Bname%5D=%E7%91%B6%E6%B5%B7%E5%8C%BA
INFO: [ app_init ] --START--
INFO: Run Behavior\BuildLiteBehavior [ RunTime:0.000018s ]
INFO: [ app_init ] --END-- [ RunTime:0.000489s ]
INFO: [ app_begin ] --START--
INFO: Run Behavior\ReadHtmlCacheBehavior [ RunTime:0.000698s ]
INFO: [ app_begin ] --END-- [ RunTime:0.000778s ]
SQL: SHOW COLUMNS FROM `c_token` [ RunTime:0.0007s ]
SQL: SELECT * FROM `c_token` WHERE `login_id` = '13914896237' AND `token` = '33ba1bd57fb7092c1eb12537c9f2acaf' LIMIT 1   [ RunTime:0.0004s ]
INFO: [ app_end ] --START--
INFO: Run Behavior\ShowPageTraceBehavior [ RunTime:0.001062s ]
INFO: [ app_end ] --END-- [ RunTime:0.001136s ]

[ 2018-05-04T14:56:11+08:00 ] 192.168.1.251 /index.php/Home/login/getCode
INFO: [ app_init ] --START--
INFO: Run Behavior\BuildLiteBehavior [ RunTime:0.000012s ]
INFO: [ app_init ] --END-- [ RunTime:0.000457s ]
INFO: [ app_begin ] --START--
INFO: Run Behavior\ReadHtmlCacheBehavior [ RunTime:0.000787s ]
INFO: [ app_begin ] --END-- [ RunTime:0.000917s ]
SQL: SHOW COLUMNS FROM `c_user` [ RunTime:0.0251s ]
SQL: SELECT * FROM `c_user` WHERE `user_id` = '13914896237' LIMIT 1   [ RunTime:0.0004s ]
INFO: [ app_end ] --START--
INFO: Run Behavior\ShowPageTraceBehavior [ RunTime:0.000960s ]
INFO: [ app_end ] --END-- [ RunTime:0.001037s ]

[ 2018-05-04T14:56:11+08:00 ] 192.168.1.251 /index.php/Home/login/login
INFO: [ app_init ] --START--
INFO: Run Behavior\BuildLiteBehavior [ RunTime:0.000012s ]
INFO: [ app_init ] --END-- [ RunTime:0.000401s ]
INFO: [ app_begin ] --START--
INFO: Run Behavior\ReadHtmlCacheBehavior [ RunTime:0.000545s ]
INFO: [ app_begin ] --END-- [ RunTime:0.000587s ]
SQL: SHOW COLUMNS FROM `c_token` [ RunTime:0.0008s ]
SQL: REPLACE INTO `c_token` (`token`,`login_id`,`edit_time`) VALUES ('e2f936fdafba97978615c9e55c0a2a21','13914896237','1525416971') [ RunTime:0.0116s ]
INFO: [ app_end ] --START--
INFO: Run Behavior\ShowPageTraceBehavior [ RunTime:0.000732s ]
INFO: [ app_end ] --END-- [ RunTime:0.000765s ]

[ 2018-05-04T14:56:11+08:00 ] 192.168.1.251 /index.php/Home/user/getUserInfo?token=e2f936fdafba97978615c9e55c0a2a21&user_id=13914896237&field%5B%5D=user_name&field%5B%5D=user_head&field%5B%5D=user_type&field%5B%5D=user_weixin&field%5B%5D=user_info&field%5B%5D=user_vip_level&field%5B%5D=user_money&field%5B%5D=user_email&field%5B%5D=user_id&field%5B%5D=invite_code
INFO: [ app_init ] --START--
INFO: Run Behavior\BuildLiteBehavior [ RunTime:0.000012s ]
INFO: [ app_init ] --END-- [ RunTime:0.000445s ]
INFO: [ app_begin ] --START--
INFO: Run Behavior\ReadHtmlCacheBehavior [ RunTime:0.000627s ]
INFO: [ app_begin ] --END-- [ RunTime:0.000665s ]
SQL: SHOW COLUMNS FROM `c_token` [ RunTime:0.0005s ]
SQL: SELECT * FROM `c_token` WHERE `login_id` = '13914896237' AND `token` = 'e2f936fdafba97978615c9e55c0a2a21' LIMIT 1   [ RunTime:0.0003s ]
SQL: SHOW COLUMNS FROM `c_user` [ RunTime:0.0005s ]
SQL: SELECT * FROM `c_user` WHERE `user_id` = '13914896237' LIMIT 1   [ RunTime:0.0003s ]
SQL: SELECT `user_name`,`user_head`,`user_type`,`user_weixin`,`user_info`,`user_vip_level`,`user_money`,`user_email`,`user_id`,`invite_code` FROM `c_user` WHERE `user_id` = '13914896237' LIMIT 1   [ RunTime:0.0003s ]
NOTIC: [2] Missing argument 2 for VIP::__construct(), called in D:\database\Project\working\company\cosmetics\server\app\Home\Controller\UserController.class.php on line 156 and defined D:\database\Project\working\company\cosmetics\server\ThinkPHP\Library\Vendor\VIP\VIP.php 第 143 行.
SQL: SELECT * FROM `c_user` WHERE `user_id` = '13914896237' LIMIT 1   [ RunTime:0.0004s ]
SQL: SHOW COLUMNS FROM `c_vip` [ RunTime:0.0005s ]
SQL: SELECT * FROM `c_vip` WHERE `vip_level` = 3 LIMIT 1   [ RunTime:0.0003s ]
SQL: SHOW COLUMNS FROM `c_user_super` [ RunTime:0.0004s ]
SQL: SELECT * FROM `c_user_super` WHERE `user_id` = '13914896237' LIMIT 1   [ RunTime:0.0185s ]
SQL: SELECT * FROM `c_user` WHERE `user_id` = '12138' LIMIT 1   [ RunTime:0.0003s ]
SQL: SELECT * FROM `c_vip` WHERE `vip_level` = 3 LIMIT 1   [ RunTime:0.0003s ]
SQL: SELECT * FROM `c_user_super` WHERE `user_id` = '12138' LIMIT 1   [ RunTime:0.0002s ]
INFO: [ app_end ] --START--
INFO: Run Behavior\ShowPageTraceBehavior [ RunTime:0.000680s ]
INFO: [ app_end ] --END-- [ RunTime:0.000713s ]

[ 2018-05-04T14:56:12+08:00 ] 192.168.1.251 /index.php/Home/config/get?token=e2f936fdafba97978615c9e55c0a2a21&user_id=13914896237
INFO: [ app_init ] --START--
INFO: Run Behavior\BuildLiteBehavior [ RunTime:0.000025s ]
INFO: [ app_init ] --END-- [ RunTime:0.000476s ]
INFO: [ app_begin ] --START--
INFO: Run Behavior\ReadHtmlCacheBehavior [ RunTime:0.000653s ]
INFO: [ app_begin ] --END-- [ RunTime:0.000689s ]
NOTIC: [2048] Declaration of Home\Controller\ConfigController::get() should be compatible with Think\Controller::get($name = '') D:\database\Project\working\company\cosmetics\server\app\Home\Controller\ConfigController.class.php 第 20 行.
SQL: SHOW COLUMNS FROM `c_token` [ RunTime:0.0491s ]
SQL: SELECT * FROM `c_token` WHERE `login_id` = '13914896237' AND `token` = 'e2f936fdafba97978615c9e55c0a2a21' LIMIT 1   [ RunTime:0.0003s ]
SQL: SHOW COLUMNS FROM `c_user` [ RunTime:0.0005s ]
SQL: SELECT * FROM `c_user` WHERE `user_id` = '13914896237' LIMIT 1   [ RunTime:0.0003s ]
SQL: SHOW COLUMNS FROM `c_config` [ RunTime:0.0005s ]
SQL: SELECT * FROM `c_config` WHERE `id` = 1 LIMIT 1   [ RunTime:0.0002s ]
INFO: [ app_end ] --START--
INFO: Run Behavior\ShowPageTraceBehavior [ RunTime:0.000626s ]
INFO: [ app_end ] --END-- [ RunTime:0.000661s ]

[ 2018-05-04T14:56:12+08:00 ] 192.168.1.251 /index.php/Home/user/getUserInfo?token=e2f936fdafba97978615c9e55c0a2a21&user_id=13914896237&field%5B%5D=user_name&field%5B%5D=user_head&field%5B%5D=user_type&field%5B%5D=user_weixin&field%5B%5D=user_info&field%5B%5D=user_vip_level&field%5B%5D=user_money&field%5B%5D=user_email&field%5B%5D=user_id&field%5B%5D=invite_code
INFO: [ app_init ] --START--
INFO: Run Behavior\BuildLiteBehavior [ RunTime:0.000013s ]
INFO: [ app_init ] --END-- [ RunTime:0.000335s ]
INFO: [ app_begin ] --START--
INFO: Run Behavior\ReadHtmlCacheBehavior [ RunTime:0.000558s ]
INFO: [ app_begin ] --END-- [ RunTime:0.000596s ]
SQL: SHOW COLUMNS FROM `c_token` [ RunTime:0.0006s ]
SQL: SELECT * FROM `c_token` WHERE `login_id` = '13914896237' AND `token` = 'e2f936fdafba97978615c9e55c0a2a21' LIMIT 1   [ RunTime:0.0003s ]
SQL: SHOW COLUMNS FROM `c_user` [ RunTime:0.0005s ]
SQL: SELECT * FROM `c_user` WHERE `user_id` = '13914896237' LIMIT 1   [ RunTime:0.0314s ]
SQL: SELECT `user_name`,`user_head`,`user_type`,`user_weixin`,`user_info`,`user_vip_level`,`user_money`,`user_email`,`user_id`,`invite_code` FROM `c_user` WHERE `user_id` = '13914896237' LIMIT 1   [ RunTime:0.0003s ]
NOTIC: [2] Missing argument 2 for VIP::__construct(), called in D:\database\Project\working\company\cosmetics\server\app\Home\Controller\UserController.class.php on line 156 and defined D:\database\Project\working\company\cosmetics\server\ThinkPHP\Library\Vendor\VIP\VIP.php 第 143 行.
SQL: SELECT * FROM `c_user` WHERE `user_id` = '13914896237' LIMIT 1   [ RunTime:0.0003s ]
SQL: SHOW COLUMNS FROM `c_vip` [ RunTime:0.0005s ]
SQL: SELECT * FROM `c_vip` WHERE `vip_level` = 3 LIMIT 1   [ RunTime:0.0003s ]
SQL: SHOW COLUMNS FROM `c_user_super` [ RunTime:0.0004s ]
SQL: SELECT * FROM `c_user_super` WHERE `user_id` = '13914896237' LIMIT 1   [ RunTime:0.0003s ]
SQL: SELECT * FROM `c_user` WHERE `user_id` = '12138' LIMIT 1   [ RunTime:0.0003s ]
SQL: SELECT * FROM `c_vip` WHERE `vip_level` = 3 LIMIT 1   [ RunTime:0.0002s ]
SQL: SELECT * FROM `c_user_super` WHERE `user_id` = '12138' LIMIT 1   [ RunTime:0.0002s ]
INFO: [ app_end ] --START--
INFO: Run Behavior\ShowPageTraceBehavior [ RunTime:0.000675s ]
INFO: [ app_end ] --END-- [ RunTime:0.000718s ]

[ 2018-05-04T14:56:12+08:00 ] 192.168.1.251 /index.php/Home/special/getSmallList?limit=6&token=e2f936fdafba97978615c9e55c0a2a21&user_id=13914896237&_area%5B0%5D%5Bcode%5D=340000&_area%5B0%5D%5Bname%5D=%E5%AE%89%E5%BE%BD%E7%9C%81&_area%5B1%5D%5Bcode%5D=340100&_area%5B1%5D%5Bname%5D=%E5%90%88%E8%82%A5%E5%B8%82&_area%5B2%5D%5Bcode%5D=340102&_area%5B2%5D%5Bname%5D=%E7%91%B6%E6%B5%B7%E5%8C%BA
INFO: [ app_init ] --START--
INFO: Run Behavior\BuildLiteBehavior [ RunTime:0.000018s ]
INFO: [ app_init ] --END-- [ RunTime:0.000565s ]
INFO: [ app_begin ] --START--
INFO: Run Behavior\ReadHtmlCacheBehavior [ RunTime:0.001314s ]
INFO: [ app_begin ] --END-- [ RunTime:0.001413s ]
SQL: SHOW COLUMNS FROM `c_token` [ RunTime:0.0006s ]
SQL: SELECT * FROM `c_token` WHERE `login_id` = '13914896237' AND `token` = 'e2f936fdafba97978615c9e55c0a2a21' LIMIT 1   [ RunTime:0.0004s ]
SQL: SHOW COLUMNS FROM `c_user` [ RunTime:0.0007s ]
SQL: SELECT * FROM `c_user` WHERE `user_id` = '13914896237' LIMIT 1   [ RunTime:0.0004s ]
SQL: SHOW COLUMNS FROM `c_special` [ RunTime:0.0007s ]
NOTIC: [2] Missing argument 1 for I(), called in D:\database\Project\working\company\cosmetics\server\app\Home\Controller\SpecialController.class.php on line 41 and defined D:\database\Project\working\company\cosmetics\server\ThinkPHP\Common\functions.php 第 271 行.
NOTIC: [8] Undefined variable: name D:\database\Project\working\company\cosmetics\server\ThinkPHP\Common\functions.php 第 273 行.
NOTIC: [8] Undefined variable: name D:\database\Project\working\company\cosmetics\server\ThinkPHP\Common\functions.php 第 278 行.
NOTIC: [8] Undefined variable: name D:\database\Project\working\company\cosmetics\server\ThinkPHP\Common\functions.php 第 339 行.
NOTIC: [8] Undefined index: where D:\database\Project\working\company\cosmetics\server\app\Home\Model\SpecialModel.class.php 第 24 行.
SQL: SELECT * FROM `c_special` ORDER BY add_time desc LIMIT 6   [ RunTime:0.0003s ]
INFO: [ app_end ] --START--
INFO: Run Behavior\ShowPageTraceBehavior [ RunTime:0.000876s ]
INFO: [ app_end ] --END-- [ RunTime:0.000913s ]

[ 2018-05-04T14:56:12+08:00 ] 192.168.1.251 /index.php/Home/home/getPacket?token=e2f936fdafba97978615c9e55c0a2a21&user_id=13914896237&_area%5B0%5D%5Bcode%5D=340000&_area%5B0%5D%5Bname%5D=%E5%AE%89%E5%BE%BD%E7%9C%81&_area%5B1%5D%5Bcode%5D=340100&_area%5B1%5D%5Bname%5D=%E5%90%88%E8%82%A5%E5%B8%82&_area%5B2%5D%5Bcode%5D=340102&_area%5B2%5D%5Bname%5D=%E7%91%B6%E6%B5%B7%E5%8C%BA
INFO: [ app_init ] --START--
INFO: Run Behavior\BuildLiteBehavior [ RunTime:0.000014s ]
INFO: [ app_init ] --END-- [ RunTime:0.000435s ]
INFO: [ app_begin ] --START--
INFO: Run Behavior\ReadHtmlCacheBehavior [ RunTime:0.000580s ]
INFO: [ app_begin ] --END-- [ RunTime:0.000630s ]
SQL: SHOW COLUMNS FROM `c_token` [ RunTime:0.0010s ]
SQL: SELECT * FROM `c_token` WHERE `login_id` = '13914896237' AND `token` = 'e2f936fdafba97978615c9e55c0a2a21' LIMIT 1   [ RunTime:0.0005s ]
SQL: SHOW COLUMNS FROM `c_user` [ RunTime:0.0010s ]
SQL: SELECT * FROM `c_user` WHERE `user_id` = '13914896237' LIMIT 1   [ RunTime:0.0006s ]
SQL: SHOW COLUMNS FROM `c_carousel` [ RunTime:0.0008s ]
SQL: SHOW COLUMNS FROM `c_nav` [ RunTime:0.0007s ]
SQL: SHOW COLUMNS FROM `c_msg` [ RunTime:0.0010s ]
SQL: SELECT * FROM `c_carousel` WHERE `pages_id` = 0 ORDER BY sort asc,add_time desc  [ RunTime:0.0007s ]
NOTIC: [2] Missing argument 1 for Home\Model\NavModel::getList(), called in D:\database\Project\working\company\cosmetics\server\app\Home\Controller\HomeController.class.php on line 22 and defined D:\database\Project\working\company\cosmetics\server\app\Home\Model\NavModel.class.php 第 7 行.
SQL: SELECT * FROM `c_nav`  [ RunTime:0.0004s ]
SQL: SELECT * FROM `c_nav` WHERE `nav_id` = '0' LIMIT 1   [ RunTime:0.0003s ]
SQL: SHOW COLUMNS FROM `c_nav_special` [ RunTime:0.0008s ]
SQL: SELECT * FROM `c_nav_special` WHERE `nav_id` = '0'  [ RunTime:0.0005s ]
SQL: SHOW COLUMNS FROM `c_special` [ RunTime:0.0006s ]
SQL: SELECT * FROM `c_special` WHERE `special_id` = 'e5d462e89fbbdaf83aa448a414c20a14' LIMIT 1   [ RunTime:0.0003s ]
SQL: SELECT * FROM `c_special` WHERE `special_id` = 'ffa2428e17c5d7cda6cde82099d642da' LIMIT 1   [ RunTime:0.0002s ]
SQL: SHOW COLUMNS FROM `c_nav_goods` [ RunTime:0.0005s ]
SQL: SELECT * FROM `c_nav_goods` WHERE `nav_id` = '0'  [ RunTime:0.0003s ]
SQL: SHOW COLUMNS FROM `c_goods` [ RunTime:0.0006s ]
SQL: SHOW COLUMNS FROM `c_goods` [ RunTime:0.0005s ]
SQL: SELECT * FROM `c_goods` WHERE `is_up` = 1 AND `goods_id` = 15 LIMIT 1   [ RunTime:0.0010s ]
SQL: SHOW COLUMNS FROM `c_goods_img` [ RunTime:0.0008s ]
SQL: SELECT * FROM `c_goods_img` WHERE `goods_id` = '15' ORDER BY slot asc  [ RunTime:0.0004s ]
SQL: SHOW COLUMNS FROM `c_sku` [ RunTime:0.0007s ]
SQL: SELECT * FROM `c_sku` WHERE `goods_id` = '15'  [ RunTime:0.0004s ]
SQL: SHOW COLUMNS FROM `c_sku_tree` [ RunTime:0.0005s ]
SQL: SHOW COLUMNS FROM `c_sku_tree_v` [ RunTime:0.0004s ]
SQL: SELECT * FROM `c_sku_tree` WHERE `goods_id` = '15'  [ RunTime:0.0002s ]
SQL: SELECT * FROM `c_sku_tree_v` WHERE `goods_id` = '15' AND `sku_tree_id` = 'c2bd1ba6ae3cacd1c4af4fb750a3119d'  [ RunTime:0.0002s ]
SQL: SELECT * FROM `c_sku_tree_v` WHERE `goods_id` = '15' AND `sku_tree_id` = 'e9ccb2c92c1124187411fdd75b078fb2'  [ RunTime:0.0002s ]
SQL: SHOW COLUMNS FROM `c_freight` [ RunTime:0.0006s ]
SQL: SHOW COLUMNS FROM `c_freight_area` [ RunTime:0.0009s ]
SQL: SELECT * FROM `c_freight` WHERE `freight_id` = '' LIMIT 1   [ RunTime:0.0004s ]
SQL: SELECT * FROM `c_freight_area` WHERE `freight_id` = null  [ RunTime:0.0003s ]
SQL: SHOW COLUMNS FROM `c_collection` [ RunTime:0.0007s ]
SQL: SELECT * FROM `c_collection` WHERE `goods_id` = '15' AND `user_id` = '13914896237' LIMIT 1   [ RunTime:0.0005s ]
SQL: SELECT * FROM `c_goods` WHERE `is_up` = 1 AND `goods_id` = 14 LIMIT 1   [ RunTime:0.0004s ]
SQL: SELECT * FROM `c_goods_img` WHERE `goods_id` = '14' ORDER BY slot asc  [ RunTime:0.0004s ]
SQL: SELECT * FROM `c_sku` WHERE `goods_id` = '14'  [ RunTime:0.0003s ]
SQL: SELECT * FROM `c_sku_tree` WHERE `goods_id` = '14'  [ RunTime:0.0003s ]
SQL: SELECT * FROM `c_sku_tree_v` WHERE `goods_id` = '14' AND `sku_tree_id` = '6a2dec46aa8c6d3d23039e8b31b6828d'  [ RunTime:0.0003s ]
SQL: SELECT * FROM `c_freight` WHERE `freight_id` = '01a28972a8f19919569e4d52108a2f1b' LIMIT 1   [ RunTime:0.0003s ]
SQL: SELECT * FROM `c_freight_area` WHERE `freight_id` = '01a28972a8f19919569e4d52108a2f1b'  [ RunTime:0.0003s ]
SQL: SELECT * FROM `c_collection` WHERE `goods_id` = '14' AND `user_id` = '13914896237' LIMIT 1   [ RunTime:0.0003s ]
SQL: SELECT * FROM `c_goods` WHERE `is_up` = 1 AND `goods_id` = 13 LIMIT 1   [ RunTime:0.0003s ]
SQL: SELECT * FROM `c_goods_img` WHERE `goods_id` = '13' ORDER BY slot asc  [ RunTime:0.0003s ]
SQL: SELECT * FROM `c_sku` WHERE `goods_id` = '13'  [ RunTime:0.0003s ]
SQL: SELECT * FROM `c_sku_tree` WHERE `goods_id` = '13'  [ RunTime:0.0003s ]
SQL: SELECT * FROM `c_sku_tree_v` WHERE `goods_id` = '13' AND `sku_tree_id` = 'c6fba4cd45ca1e91a129e5491b9bd91c'  [ RunTime:0.0003s ]
SQL: SELECT * FROM `c_sku_tree_v` WHERE `goods_id` = '13' AND `sku_tree_id` = '56322df9d9ceb73a787c3dac8b54cd8a'  [ RunTime:0.0003s ]
SQL: SELECT * FROM `c_sku_tree_v` WHERE `goods_id` = '13' AND `sku_tree_id` = '9b9677b08e024ae617a24924ffbd2aea'  [ RunTime:0.0003s ]
SQL: SELECT * FROM `c_freight` WHERE `freight_id` = 'db55c0dabf8ed8548467ff77063014f5' LIMIT 1   [ RunTime:0.0006s ]
SQL: SELECT * FROM `c_freight_area` WHERE `freight_id` = 'db55c0dabf8ed8548467ff77063014f5'  [ RunTime:0.0004s ]
SQL: SELECT * FROM `c_collection` WHERE `goods_id` = '13' AND `user_id` = '13914896237' LIMIT 1   [ RunTime:0.0003s ]
SQL: SELECT * FROM `c_goods` WHERE `is_up` = 1 AND `goods_id` = 12 LIMIT 1   [ RunTime:0.0003s ]
SQL: SELECT * FROM `c_goods_img` WHERE `goods_id` = '12' ORDER BY slot asc  [ RunTime:0.0004s ]
SQL: SELECT * FROM `c_sku` WHERE `goods_id` = '12'  [ RunTime:0.0005s ]
SQL: SELECT * FROM `c_sku_tree` WHERE `goods_id` = '12'  [ RunTime:0.0003s ]
SQL: SELECT * FROM `c_sku_tree_v` WHERE `goods_id` = '12' AND `sku_tree_id` = '2c427e6f2d1cf324a1edc7bfff6fce14'  [ RunTime:0.0004s ]
SQL: SELECT * FROM `c_sku_tree_v` WHERE `goods_id` = '12' AND `sku_tree_id` = 'a339cc5da9db6b4b521ea025d8ace2a0'  [ RunTime:0.0004s ]
SQL: SELECT * FROM `c_freight` WHERE `freight_id` = '01a28972a8f19919569e4d52108a2f1b' LIMIT 1   [ RunTime:0.0003s ]
SQL: SELECT * FROM `c_freight_area` WHERE `freight_id` = '01a28972a8f19919569e4d52108a2f1b'  [ RunTime:0.0004s ]
SQL: SELECT * FROM `c_collection` WHERE `goods_id` = '12' AND `user_id` = '13914896237' LIMIT 1   [ RunTime:0.0003s ]
SQL: SELECT * FROM `c_msg` WHERE `type` = 1 ORDER BY add_time desc  [ RunTime:0.0005s ]
SQL: SELECT * FROM `c_nav` WHERE `nav_id` = '873e7931c32f8fc2924038482f952c9b' LIMIT 1   [ RunTime:0.0005s ]
SQL: SELECT * FROM `c_nav_special` WHERE `nav_id` = '873e7931c32f8fc2924038482f952c9b'  [ RunTime:0.0004s ]
SQL: SELECT * FROM `c_special` WHERE `special_id` = '1' LIMIT 1   [ RunTime:0.0003s ]
SQL: SELECT * FROM `c_special` WHERE `special_id` = '751f43ffb89c66c55d5a1150d58ad765' LIMIT 1   [ RunTime:0.0003s ]
SQL: SELECT * FROM `c_special` WHERE `special_id` = 'ffa2428e17c5d7cda6cde82099d642da' LIMIT 1   [ RunTime:0.0003s ]
SQL: SELECT * FROM `c_special` WHERE `special_id` = 'e5d462e89fbbdaf83aa448a414c20a14' LIMIT 1   [ RunTime:0.0003s ]
SQL: SELECT * FROM `c_special` WHERE `special_id` = '52fc0ac7f532a3b72b300b42a1d8e32f' LIMIT 1   [ RunTime:0.0004s ]
SQL: SELECT * FROM `c_nav_goods` WHERE `nav_id` = '873e7931c32f8fc2924038482f952c9b'  [ RunTime:0.0004s ]
SQL: SELECT * FROM `c_goods` WHERE `is_up` = 1 AND `goods_id` = 15 LIMIT 1   [ RunTime:0.0003s ]
SQL: SELECT * FROM `c_goods_img` WHERE `goods_id` = '15' ORDER BY slot asc  [ RunTime:0.0003s ]
SQL: SELECT * FROM `c_sku` WHERE `goods_id` = '15'  [ RunTime:0.0004s ]
SQL: SELECT * FROM `c_sku_tree` WHERE `goods_id` = '15'  [ RunTime:0.0003s ]
SQL: SELECT * FROM `c_sku_tree_v` WHERE `goods_id` = '15' AND `sku_tree_id` = 'c2bd1ba6ae3cacd1c4af4fb750a3119d'  [ RunTime:0.0004s ]
SQL: SELECT * FROM `c_sku_tree_v` WHERE `goods_id` = '15' AND `sku_tree_id` = 'e9ccb2c92c1124187411fdd75b078fb2'  [ RunTime:0.0004s ]
SQL: SELECT * FROM `c_freight` WHERE `freight_id` = '' LIMIT 1   [ RunTime:0.0003s ]
SQL: SELECT * FROM `c_freight_area` WHERE `freight_id` = null  [ RunTime:0.0003s ]
SQL: SELECT * FROM `c_collection` WHERE `goods_id` = '15' AND `user_id` = '13914896237' LIMIT 1   [ RunTime:0.0003s ]
SQL: SELECT * FROM `c_goods` WHERE `is_up` = 1 AND `goods_id` = 14 LIMIT 1   [ RunTime:0.0002s ]
SQL: SELECT * FROM `c_goods_img` WHERE `goods_id` = '14' ORDER BY slot asc  [ RunTime:0.0003s ]
SQL: SELECT * FROM `c_sku` WHERE `goods_id` = '14'  [ RunTime:0.0003s ]
SQL: SELECT * FROM `c_sku_tree` WHERE `goods_id` = '14'  [ RunTime:0.0003s ]
SQL: SELECT * FROM `c_sku_tree_v` WHERE `goods_id` = '14' AND `sku_tree_id` = '6a2dec46aa8c6d3d23039e8b31b6828d'  [ RunTime:0.0004s ]
SQL: SELECT * FROM `c_freight` WHERE `freight_id` = '01a28972a8f19919569e4d52108a2f1b' LIMIT 1   [ RunTime:0.0002s ]
SQL: SELECT * FROM `c_freight_area` WHERE `freight_id` = '01a28972a8f19919569e4d52108a2f1b'  [ RunTime:0.0003s ]
SQL: SELECT * FROM `c_collection` WHERE `goods_id` = '14' AND `user_id` = '13914896237' LIMIT 1   [ RunTime:0.0003s ]
SQL: SELECT * FROM `c_goods` WHERE `is_up` = 1 AND `goods_id` = 13 LIMIT 1   [ RunTime:0.0002s ]
SQL: SELECT * FROM `c_goods_img` WHERE `goods_id` = '13' ORDER BY slot asc  [ RunTime:0.0002s ]
SQL: SELECT * FROM `c_sku` WHERE `goods_id` = '13'  [ RunTime:0.0002s ]
SQL: SELECT * FROM `c_sku_tree` WHERE `goods_id` = '13'  [ RunTime:0.0002s ]
SQL: SELECT * FROM `c_sku_tree_v` WHERE `goods_id` = '13' AND `sku_tree_id` = 'c6fba4cd45ca1e91a129e5491b9bd91c'  [ RunTime:0.0002s ]
SQL: SELECT * FROM `c_sku_tree_v` WHERE `goods_id` = '13' AND `sku_tree_id` = '56322df9d9ceb73a787c3dac8b54cd8a'  [ RunTime:0.0002s ]
SQL: SELECT * FROM `c_sku_tree_v` WHERE `goods_id` = '13' AND `sku_tree_id` = '9b9677b08e024ae617a24924ffbd2aea'  [ RunTime:0.0003s ]
SQL: SELECT * FROM `c_freight` WHERE `freight_id` = 'db55c0dabf8ed8548467ff77063014f5' LIMIT 1   [ RunTime:0.0003s ]
SQL: SELECT * FROM `c_freight_area` WHERE `freight_id` = 'db55c0dabf8ed8548467ff77063014f5'  [ RunTime:0.0006s ]
SQL: SELECT * FROM `c_collection` WHERE `goods_id` = '13' AND `user_id` = '13914896237' LIMIT 1   [ RunTime:0.0003s ]
SQL: SELECT * FROM `c_goods` WHERE `is_up` = 1 AND `goods_id` = 12 LIMIT 1   [ RunTime:0.0004s ]
SQL: SELECT * FROM `c_goods_img` WHERE `goods_id` = '12' ORDER BY slot asc  [ RunTime:0.0003s ]
SQL: SELECT * FROM `c_sku` WHERE `goods_id` = '12'  [ RunTime:0.0005s ]
SQL: SELECT * FROM `c_sku_tree` WHERE `goods_id` = '12'  [ RunTime:0.0004s ]
SQL: SELECT * FROM `c_sku_tree_v` WHERE `goods_id` = '12' AND `sku_tree_id` = '2c427e6f2d1cf324a1edc7bfff6fce14'  [ RunTime:0.0004s ]
SQL: SELECT * FROM `c_sku_tree_v` WHERE `goods_id` = '12' AND `sku_tree_id` = 'a339cc5da9db6b4b521ea025d8ace2a0'  [ RunTime:0.0003s ]
SQL: SELECT * FROM `c_freight` WHERE `freight_id` = '01a28972a8f19919569e4d52108a2f1b' LIMIT 1   [ RunTime:0.0002s ]
SQL: SELECT * FROM `c_freight_area` WHERE `freight_id` = '01a28972a8f19919569e4d52108a2f1b'  [ RunTime:0.0002s ]
SQL: SELECT * FROM `c_collection` WHERE `goods_id` = '12' AND `user_id` = '13914896237' LIMIT 1   [ RunTime:0.0002s ]
SQL: SELECT * FROM `c_nav` WHERE `nav_id` = '88a2ee967601a279abd36d0fc76e2657' LIMIT 1   [ RunTime:0.0002s ]
SQL: SELECT * FROM `c_nav_special` WHERE `nav_id` = '88a2ee967601a279abd36d0fc76e2657'  [ RunTime:0.0003s ]
SQL: SELECT * FROM `c_special` WHERE `special_id` = 'e5d462e89fbbdaf83aa448a414c20a14' LIMIT 1   [ RunTime:0.0002s ]
SQL: SELECT * FROM `c_special` WHERE `special_id` = '751f43ffb89c66c55d5a1150d58ad765' LIMIT 1   [ RunTime:0.0002s ]
SQL: SELECT * FROM `c_special` WHERE `special_id` = '52fc0ac7f532a3b72b300b42a1d8e32f' LIMIT 1   [ RunTime:0.0003s ]
SQL: SELECT * FROM `c_nav_goods` WHERE `nav_id` = '88a2ee967601a279abd36d0fc76e2657'  [ RunTime:0.0005s ]
SQL: SELECT * FROM `c_goods` WHERE `is_up` = 1 AND `goods_id` = 15 LIMIT 1   [ RunTime:0.0003s ]
SQL: SELECT * FROM `c_goods_img` WHERE `goods_id` = '15' ORDER BY slot asc  [ RunTime:0.0003s ]
SQL: SELECT * FROM `c_sku` WHERE `goods_id` = '15'  [ RunTime:0.0004s ]
SQL: SELECT * FROM `c_sku_tree` WHERE `goods_id` = '15'  [ RunTime:0.0004s ]
SQL: SELECT * FROM `c_sku_tree_v` WHERE `goods_id` = '15' AND `sku_tree_id` = 'c2bd1ba6ae3cacd1c4af4fb750a3119d'  [ RunTime:0.0003s ]
SQL: SELECT * FROM `c_sku_tree_v` WHERE `goods_id` = '15' AND `sku_tree_id` = 'e9ccb2c92c1124187411fdd75b078fb2'  [ RunTime:0.0002s ]
SQL: SELECT * FROM `c_freight` WHERE `freight_id` = '' LIMIT 1   [ RunTime:0.0001s ]
SQL: SELECT * FROM `c_freight_area` WHERE `freight_id` = null  [ RunTime:0.0002s ]
SQL: SELECT * FROM `c_collection` WHERE `goods_id` = '15' AND `user_id` = '13914896237' LIMIT 1   [ RunTime:0.0001s ]
SQL: SELECT * FROM `c_goods` WHERE `is_up` = 1 AND `goods_id` = 12 LIMIT 1   [ RunTime:0.0002s ]
SQL: SELECT * FROM `c_goods_img` WHERE `goods_id` = '12' ORDER BY slot asc  [ RunTime:0.0002s ]
SQL: SELECT * FROM `c_sku` WHERE `goods_id` = '12'  [ RunTime:0.0003s ]
SQL: SELECT * FROM `c_sku_tree` WHERE `goods_id` = '12'  [ RunTime:0.0002s ]
SQL: SELECT * FROM `c_sku_tree_v` WHERE `goods_id` = '12' AND `sku_tree_id` = '2c427e6f2d1cf324a1edc7bfff6fce14'  [ RunTime:0.0002s ]
SQL: SELECT * FROM `c_sku_tree_v` WHERE `goods_id` = '12' AND `sku_tree_id` = 'a339cc5da9db6b4b521ea025d8ace2a0'  [ RunTime:0.0002s ]
SQL: SELECT * FROM `c_freight` WHERE `freight_id` = '01a28972a8f19919569e4d52108a2f1b' LIMIT 1   [ RunTime:0.0002s ]
SQL: SELECT * FROM `c_freight_area` WHERE `freight_id` = '01a28972a8f19919569e4d52108a2f1b'  [ RunTime:0.0002s ]
SQL: SELECT * FROM `c_collection` WHERE `goods_id` = '12' AND `user_id` = '13914896237' LIMIT 1   [ RunTime:0.0001s ]
SQL: SELECT * FROM `c_goods` WHERE `is_up` = 1 AND `goods_id` = 14 LIMIT 1   [ RunTime:0.0002s ]
SQL: SELECT * FROM `c_goods_img` WHERE `goods_id` = '14' ORDER BY slot asc  [ RunTime:0.0002s ]
SQL: SELECT * FROM `c_sku` WHERE `goods_id` = '14'  [ RunTime:0.0002s ]
SQL: SELECT * FROM `c_sku_tree` WHERE `goods_id` = '14'  [ RunTime:0.0004s ]
SQL: SELECT * FROM `c_sku_tree_v` WHERE `goods_id` = '14' AND `sku_tree_id` = '6a2dec46aa8c6d3d23039e8b31b6828d'  [ RunTime:0.0002s ]
SQL: SELECT * FROM `c_freight` WHERE `freight_id` = '01a28972a8f19919569e4d52108a2f1b' LIMIT 1   [ RunTime:0.0002s ]
SQL: SELECT * FROM `c_freight_area` WHERE `freight_id` = '01a28972a8f19919569e4d52108a2f1b'  [ RunTime:0.0002s ]
SQL: SELECT * FROM `c_collection` WHERE `goods_id` = '14' AND `user_id` = '13914896237' LIMIT 1   [ RunTime:0.0001s ]
SQL: SELECT * FROM `c_goods` WHERE `is_up` = 1 AND `goods_id` = 13 LIMIT 1   [ RunTime:0.0002s ]
SQL: SELECT * FROM `c_goods_img` WHERE `goods_id` = '13' ORDER BY slot asc  [ RunTime:0.0002s ]
SQL: SELECT * FROM `c_sku` WHERE `goods_id` = '13'  [ RunTime:0.0002s ]
SQL: SELECT * FROM `c_sku_tree` WHERE `goods_id` = '13'  [ RunTime:0.0002s ]
SQL: SELECT * FROM `c_sku_tree_v` WHERE `goods_id` = '13' AND `sku_tree_id` = 'c6fba4cd45ca1e91a129e5491b9bd91c'  [ RunTime:0.0002s ]
SQL: SELECT * FROM `c_sku_tree_v` WHERE `goods_id` = '13' AND `sku_tree_id` = '56322df9d9ceb73a787c3dac8b54cd8a'  [ RunTime:0.0002s ]
SQL: SELECT * FROM `c_sku_tree_v` WHERE `goods_id` = '13' AND `sku_tree_id` = '9b9677b08e024ae617a24924ffbd2aea'  [ RunTime:0.0002s ]
SQL: SELECT * FROM `c_freight` WHERE `freight_id` = 'db55c0dabf8ed8548467ff77063014f5' LIMIT 1   [ RunTime:0.0001s ]
SQL: SELECT * FROM `c_freight_area` WHERE `freight_id` = 'db55c0dabf8ed8548467ff77063014f5'  [ RunTime:0.0002s ]
SQL: SELECT * FROM `c_collection` WHERE `goods_id` = '13' AND `user_id` = '13914896237' LIMIT 1   [ RunTime:0.0002s ]
SQL: SELECT * FROM `c_nav` WHERE `nav_id` = 'f3f77f3d08ad3b1e38b8fca874d14284' LIMIT 1   [ RunTime:0.0002s ]
SQL: SELECT * FROM `c_nav_special` WHERE `nav_id` = 'f3f77f3d08ad3b1e38b8fca874d14284'  [ RunTime:0.0002s ]
SQL: SELECT * FROM `c_special` WHERE `special_id` = '2' LIMIT 1   [ RunTime:0.0001s ]
SQL: SELECT * FROM `c_special` WHERE `special_id` = '3' LIMIT 1   [ RunTime:0.0001s ]
SQL: SELECT * FROM `c_nav_goods` WHERE `nav_id` = 'f3f77f3d08ad3b1e38b8fca874d14284'  [ RunTime:0.0002s ]
SQL: SELECT * FROM `c_goods` WHERE `is_up` = 1 AND `goods_id` = 15 LIMIT 1   [ RunTime:0.0002s ]
SQL: SELECT * FROM `c_goods_img` WHERE `goods_id` = '15' ORDER BY slot asc  [ RunTime:0.0002s ]
SQL: SELECT * FROM `c_sku` WHERE `goods_id` = '15'  [ RunTime:0.0002s ]
SQL: SELECT * FROM `c_sku_tree` WHERE `goods_id` = '15'  [ RunTime:0.0001s ]
SQL: SELECT * FROM `c_sku_tree_v` WHERE `goods_id` = '15' AND `sku_tree_id` = 'c2bd1ba6ae3cacd1c4af4fb750a3119d'  [ RunTime:0.0002s ]
SQL: SELECT * FROM `c_sku_tree_v` WHERE `goods_id` = '15' AND `sku_tree_id` = 'e9ccb2c92c1124187411fdd75b078fb2'  [ RunTime:0.0002s ]
SQL: SELECT * FROM `c_freight` WHERE `freight_id` = '' LIMIT 1   [ RunTime:0.0001s ]
SQL: SELECT * FROM `c_freight_area` WHERE `freight_id` = null  [ RunTime:0.0001s ]
SQL: SELECT * FROM `c_collection` WHERE `goods_id` = '15' AND `user_id` = '13914896237' LIMIT 1   [ RunTime:0.0001s ]
SQL: SELECT * FROM `c_goods` WHERE `is_up` = 1 AND `goods_id` = 12 LIMIT 1   [ RunTime:0.0002s ]
SQL: SELECT * FROM `c_goods_img` WHERE `goods_id` = '12' ORDER BY slot asc  [ RunTime:0.0002s ]
SQL: SELECT * FROM `c_sku` WHERE `goods_id` = '12'  [ RunTime:0.0005s ]
SQL: SELECT * FROM `c_sku_tree` WHERE `goods_id` = '12'  [ RunTime:0.0002s ]
SQL: SELECT * FROM `c_sku_tree_v` WHERE `goods_id` = '12' AND `sku_tree_id` = '2c427e6f2d1cf324a1edc7bfff6fce14'  [ RunTime:0.0002s ]
SQL: SELECT * FROM `c_sku_tree_v` WHERE `goods_id` = '12' AND `sku_tree_id` = 'a339cc5da9db6b4b521ea025d8ace2a0'  [ RunTime:0.0002s ]
SQL: SELECT * FROM `c_freight` WHERE `freight_id` = '01a28972a8f19919569e4d52108a2f1b' LIMIT 1   [ RunTime:0.0002s ]
SQL: SELECT * FROM `c_freight_area` WHERE `freight_id` = '01a28972a8f19919569e4d52108a2f1b'  [ RunTime:0.0002s ]
SQL: SELECT * FROM `c_collection` WHERE `goods_id` = '12' AND `user_id` = '13914896237' LIMIT 1   [ RunTime:0.0001s ]
SQL: SELECT * FROM `c_goods` WHERE `is_up` = 1 AND `goods_id` = 14 LIMIT 1   [ RunTime:0.0002s ]
SQL: SELECT * FROM `c_goods_img` WHERE `goods_id` = '14' ORDER BY slot asc  [ RunTime:0.0002s ]
SQL: SELECT * FROM `c_sku` WHERE `goods_id` = '14'  [ RunTime:0.0002s ]
SQL: SELECT * FROM `c_sku_tree` WHERE `goods_id` = '14'  [ RunTime:0.0001s ]
SQL: SELECT * FROM `c_sku_tree_v` WHERE `goods_id` = '14' AND `sku_tree_id` = '6a2dec46aa8c6d3d23039e8b31b6828d'  [ RunTime:0.0002s ]
SQL: SELECT * FROM `c_freight` WHERE `freight_id` = '01a28972a8f19919569e4d52108a2f1b' LIMIT 1   [ RunTime:0.0001s ]
SQL: SELECT * FROM `c_freight_area` WHERE `freight_id` = '01a28972a8f19919569e4d52108a2f1b'  [ RunTime:0.0002s ]
SQL: SELECT * FROM `c_collection` WHERE `goods_id` = '14' AND `user_id` = '13914896237' LIMIT 1   [ RunTime:0.0002s ]
SQL: SELECT * FROM `c_goods` WHERE `is_up` = 1 AND `goods_id` = 13 LIMIT 1   [ RunTime:0.0002s ]
SQL: SELECT * FROM `c_goods_img` WHERE `goods_id` = '13' ORDER BY slot asc  [ RunTime:0.0002s ]
SQL: SELECT * FROM `c_sku` WHERE `goods_id` = '13'  [ RunTime:0.0002s ]
SQL: SELECT * FROM `c_sku_tree` WHERE `goods_id` = '13'  [ RunTime:0.0002s ]
SQL: SELECT * FROM `c_sku_tree_v` WHERE `goods_id` = '13' AND `sku_tree_id` = 'c6fba4cd45ca1e91a129e5491b9bd91c'  [ RunTime:0.0003s ]
SQL: SELECT * FROM `c_sku_tree_v` WHERE `goods_id` = '13' AND `sku_tree_id` = '56322df9d9ceb73a787c3dac8b54cd8a'  [ RunTime:0.0003s ]
SQL: SELECT * FROM `c_sku_tree_v` WHERE `goods_id` = '13' AND `sku_tree_id` = '9b9677b08e024ae617a24924ffbd2aea'  [ RunTime:0.0002s ]
SQL: SELECT * FROM `c_freight` WHERE `freight_id` = 'db55c0dabf8ed8548467ff77063014f5' LIMIT 1   [ RunTime:0.0002s ]
SQL: SELECT * FROM `c_freight_area` WHERE `freight_id` = 'db55c0dabf8ed8548467ff77063014f5'  [ RunTime:0.0003s ]
SQL: SELECT * FROM `c_collection` WHERE `goods_id` = '13' AND `user_id` = '13914896237' LIMIT 1   [ RunTime:0.0002s ]
SQL: SELECT * FROM `c_nav` WHERE `nav_id` = '3987ef3612d64561c1f845afa974604e' LIMIT 1   [ RunTime:0.0002s ]
SQL: SELECT * FROM `c_nav_special` WHERE `nav_id` = '3987ef3612d64561c1f845afa974604e'  [ RunTime:0.0002s ]
SQL: SELECT * FROM `c_special` WHERE `special_id` = '1' LIMIT 1   [ RunTime:0.0002s ]
SQL: SELECT * FROM `c_nav_goods` WHERE `nav_id` = '3987ef3612d64561c1f845afa974604e'  [ RunTime:0.0002s ]
SQL: SELECT * FROM `c_goods` WHERE `is_up` = 1 AND `goods_id` = 14 LIMIT 1   [ RunTime:0.0002s ]
SQL: SELECT * FROM `c_goods_img` WHERE `goods_id` = '14' ORDER BY slot asc  [ RunTime:0.0002s ]
SQL: SELECT * FROM `c_sku` WHERE `goods_id` = '14'  [ RunTime:0.0002s ]
SQL: SELECT * FROM `c_sku_tree` WHERE `goods_id` = '14'  [ RunTime:0.0002s ]
SQL: SELECT * FROM `c_sku_tree_v` WHERE `goods_id` = '14' AND `sku_tree_id` = '6a2dec46aa8c6d3d23039e8b31b6828d'  [ RunTime:0.0002s ]
SQL: SELECT * FROM `c_freight` WHERE `freight_id` = '01a28972a8f19919569e4d52108a2f1b' LIMIT 1   [ RunTime:0.0002s ]
SQL: SELECT * FROM `c_freight_area` WHERE `freight_id` = '01a28972a8f19919569e4d52108a2f1b'  [ RunTime:0.0002s ]
SQL: SELECT * FROM `c_collection` WHERE `goods_id` = '14' AND `user_id` = '13914896237' LIMIT 1   [ RunTime:0.0001s ]
SQL: SELECT * FROM `c_goods` WHERE `is_up` = 1 AND `goods_id` = 13 LIMIT 1   [ RunTime:0.0002s ]
SQL: SELECT * FROM `c_goods_img` WHERE `goods_id` = '13' ORDER BY slot asc  [ RunTime:0.0002s ]
SQL: SELECT * FROM `c_sku` WHERE `goods_id` = '13'  [ RunTime:0.0002s ]
SQL: SELECT * FROM `c_sku_tree` WHERE `goods_id` = '13'  [ RunTime:0.0002s ]
SQL: SELECT * FROM `c_sku_tree_v` WHERE `goods_id` = '13' AND `sku_tree_id` = 'c6fba4cd45ca1e91a129e5491b9bd91c'  [ RunTime:0.0002s ]
SQL: SELECT * FROM `c_sku_tree_v` WHERE `goods_id` = '13' AND `sku_tree_id` = '56322df9d9ceb73a787c3dac8b54cd8a'  [ RunTime:0.0002s ]
SQL: SELECT * FROM `c_sku_tree_v` WHERE `goods_id` = '13' AND `sku_tree_id` = '9b9677b08e024ae617a24924ffbd2aea'  [ RunTime:0.0003s ]
SQL: SELECT * FROM `c_freight` WHERE `freight_id` = 'db55c0dabf8ed8548467ff77063014f5' LIMIT 1   [ RunTime:0.0003s ]
SQL: SELECT * FROM `c_freight_area` WHERE `freight_id` = 'db55c0dabf8ed8548467ff77063014f5'  [ RunTime:0.0004s ]
SQL: SELECT * FROM `c_collection` WHERE `goods_id` = '13' AND `user_id` = '13914896237' LIMIT 1   [ RunTime:0.0003s ]
SQL: SELECT * FROM `c_goods` WHERE `is_up` = 1 AND `goods_id` = 15 LIMIT 1   [ RunTime:0.0004s ]
SQL: SELECT * FROM `c_goods_img` WHERE `goods_id` = '15' ORDER BY slot asc  [ RunTime:0.0004s ]
SQL: SELECT * FROM `c_sku` WHERE `goods_id` = '15'  [ RunTime:0.0004s ]
SQL: SELECT * FROM `c_sku_tree` WHERE `goods_id` = '15'  [ RunTime:0.0004s ]
SQL: SELECT * FROM `c_sku_tree_v` WHERE `goods_id` = '15' AND `sku_tree_id` = 'c2bd1ba6ae3cacd1c4af4fb750a3119d'  [ RunTime:0.0004s ]
SQL: SELECT * FROM `c_sku_tree_v` WHERE `goods_id` = '15' AND `sku_tree_id` = 'e9ccb2c92c1124187411fdd75b078fb2'  [ RunTime:0.0003s ]
SQL: SELECT * FROM `c_freight` WHERE `freight_id` = '' LIMIT 1   [ RunTime:0.0003s ]
SQL: SELECT * FROM `c_freight_area` WHERE `freight_id` = null  [ RunTime:0.0003s ]
SQL: SELECT * FROM `c_collection` WHERE `goods_id` = '15' AND `user_id` = '13914896237' LIMIT 1   [ RunTime:0.0003s ]
SQL: SELECT * FROM `c_goods` WHERE `is_up` = 1 AND `goods_id` = 12 LIMIT 1   [ RunTime:0.0005s ]
SQL: SELECT * FROM `c_goods_img` WHERE `goods_id` = '12' ORDER BY slot asc  [ RunTime:0.0006s ]
SQL: SELECT * FROM `c_sku` WHERE `goods_id` = '12'  [ RunTime:0.0006s ]
SQL: SELECT * FROM `c_sku_tree` WHERE `goods_id` = '12'  [ RunTime:0.0003s ]
SQL: SELECT * FROM `c_sku_tree_v` WHERE `goods_id` = '12' AND `sku_tree_id` = '2c427e6f2d1cf324a1edc7bfff6fce14'  [ RunTime:0.0005s ]
SQL: SELECT * FROM `c_sku_tree_v` WHERE `goods_id` = '12' AND `sku_tree_id` = 'a339cc5da9db6b4b521ea025d8ace2a0'  [ RunTime:0.0006s ]
SQL: SELECT * FROM `c_freight` WHERE `freight_id` = '01a28972a8f19919569e4d52108a2f1b' LIMIT 1   [ RunTime:0.0004s ]
SQL: SELECT * FROM `c_freight_area` WHERE `freight_id` = '01a28972a8f19919569e4d52108a2f1b'  [ RunTime:0.0004s ]
SQL: SELECT * FROM `c_collection` WHERE `goods_id` = '12' AND `user_id` = '13914896237' LIMIT 1   [ RunTime:0.0004s ]
INFO: [ app_end ] --START--
INFO: Run Behavior\ShowPageTraceBehavior [ RunTime:0.000811s ]
INFO: [ app_end ] --END-- [ RunTime:0.000908s ]

[ 2018-05-04T14:56:13+08:00 ] 192.168.1.251 /index.php/Home/time/getList?token=e2f936fdafba97978615c9e55c0a2a21&user_id=13914896237&_area%5B0%5D%5Bcode%5D=340000&_area%5B0%5D%5Bname%5D=%E5%AE%89%E5%BE%BD%E7%9C%81&_area%5B1%5D%5Bcode%5D=340100&_area%5B1%5D%5Bname%5D=%E5%90%88%E8%82%A5%E5%B8%82&_area%5B2%5D%5Bcode%5D=340102&_area%5B2%5D%5Bname%5D=%E7%91%B6%E6%B5%B7%E5%8C%BA
INFO: [ app_init ] --START--
INFO: Run Behavior\BuildLiteBehavior [ RunTime:0.000021s ]
INFO: [ app_init ] --END-- [ RunTime:0.001783s ]
INFO: [ app_begin ] --START--
INFO: Run Behavior\ReadHtmlCacheBehavior [ RunTime:0.002487s ]
INFO: [ app_begin ] --END-- [ RunTime:0.002628s ]
SQL: SHOW COLUMNS FROM `c_token` [ RunTime:0.0009s ]
SQL: SELECT * FROM `c_token` WHERE `login_id` = '13914896237' AND `token` = 'e2f936fdafba97978615c9e55c0a2a21' LIMIT 1   [ RunTime:0.0003s ]
SQL: SHOW COLUMNS FROM `c_user` [ RunTime:0.0008s ]
SQL: SELECT * FROM `c_user` WHERE `user_id` = '13914896237' LIMIT 1   [ RunTime:0.0004s ]
SQL: SHOW COLUMNS FROM `c_time` [ RunTime:0.0027s ]
NOTIC: [2] Missing argument 1 for Home\Model\TimeModel::getList(), called in D:\database\Project\working\company\cosmetics\server\app\Home\Controller\TimeController.class.php on line 23 and defined D:\database\Project\working\company\cosmetics\server\app\Home\Model\TimeModel.class.php 第 9 行.
SQL: SELECT * FROM `c_time` ORDER BY start_time asc  [ RunTime:0.0004s ]
SQL: SHOW COLUMNS FROM `c_goods` [ RunTime:0.0009s ]
SQL: SHOW COLUMNS FROM `c_goods` [ RunTime:0.0010s ]
INFO: [ app_end ] --START--
INFO: Run Behavior\ShowPageTraceBehavior [ RunTime:0.001387s ]
INFO: [ app_end ] --END-- [ RunTime:0.001565s ]

[ 2018-05-04T14:56:29+08:00 ] 192.168.1.251 /index.php/Home/MarketCoupon/getAll?token=e2f936fdafba97978615c9e55c0a2a21&user_id=13914896237&_area%5B0%5D%5Bcode%5D=340000&_area%5B0%5D%5Bname%5D=%E5%AE%89%E5%BE%BD%E7%9C%81&_area%5B1%5D%5Bcode%5D=340100&_area%5B1%5D%5Bname%5D=%E5%90%88%E8%82%A5%E5%B8%82&_area%5B2%5D%5Bcode%5D=340102&_area%5B2%5D%5Bname%5D=%E7%91%B6%E6%B5%B7%E5%8C%BA
INFO: [ app_init ] --START--
INFO: Run Behavior\BuildLiteBehavior [ RunTime:0.000020s ]
INFO: [ app_init ] --END-- [ RunTime:0.000924s ]
INFO: [ app_begin ] --START--
INFO: Run Behavior\ReadHtmlCacheBehavior [ RunTime:0.002156s ]
INFO: [ app_begin ] --END-- [ RunTime:0.002259s ]
NOTIC: [2048] Declaration of Home\Controller\MarketCouponController::get() should be compatible with Think\Controller::get($name = '') D:\database\Project\working\company\cosmetics\server\app\Home\Controller\MarketCouponController.class.php 第 19 行.
SQL: SHOW COLUMNS FROM `c_token` [ RunTime:0.0011s ]
SQL: SELECT * FROM `c_token` WHERE `login_id` = '13914896237' AND `token` = 'e2f936fdafba97978615c9e55c0a2a21' LIMIT 1   [ RunTime:0.0004s ]
SQL: SHOW COLUMNS FROM `c_user` [ RunTime:0.0115s ]
SQL: SELECT * FROM `c_user` WHERE `user_id` = '13914896237' LIMIT 1   [ RunTime:0.0005s ]
SQL: SHOW COLUMNS FROM `c_market_coupon` [ RunTime:0.0009s ]
SQL: SELECT * FROM `c_market_coupon` WHERE `start_at` < 1525416989 AND `end_at` > 1525416989  [ RunTime:0.0167s ]
SQL: SHOW COLUMNS FROM `c_market_group_bag` [ RunTime:0.0009s ]
SQL: SHOW COLUMNS FROM `c_coupon_group` [ RunTime:0.0009s ]
SQL: SELECT * FROM `c_market_group_bag` WHERE `market_coupon_id` = '8c708ccd208d2802780007b229a71e2d'  [ RunTime:0.0004s ]
NOTIC: [8] Undefined variable: save D:\database\Project\working\company\cosmetics\server\app\Home\Model\CouponGroupModel.class.php 第 31 行.
SQL: SELECT * FROM `c_coupon_group` WHERE `coupon_group_id` = 'dd6903ae3df0bb03955c45cdb6fe1345' LIMIT 1   [ RunTime:0.0004s ]
SQL: SELECT * FROM `c_market_group_bag` WHERE `market_coupon_id` = '9a989a85ab4a8e7b8c137cb67524938b'  [ RunTime:0.0004s ]
NOTIC: [8] Undefined variable: save D:\database\Project\working\company\cosmetics\server\app\Home\Model\CouponGroupModel.class.php 第 31 行.
SQL: SELECT * FROM `c_coupon_group` WHERE `coupon_group_id` = 'dd6903ae3df0bb03955c45cdb6fe1345' LIMIT 1   [ RunTime:0.0004s ]
NOTIC: [8] Undefined variable: save D:\database\Project\working\company\cosmetics\server\app\Home\Model\CouponGroupModel.class.php 第 31 行.
SQL: SELECT * FROM `c_coupon_group` WHERE `coupon_group_id` = '5ee6a456cd669626217d7866939e2671' LIMIT 1   [ RunTime:0.0003s ]
SQL: SHOW COLUMNS FROM `c_user` [ RunTime:0.0009s ]
SQL: SELECT * FROM `c_user` WHERE `user_id` = '13914896237' LIMIT 1   [ RunTime:0.0005s ]
SQL: SHOW COLUMNS FROM `c_market_user` [ RunTime:0.0006s ]
SQL: SELECT * FROM `c_market_user` WHERE `user_id` = '13914896237' AND `market_coupon_id` = '8c708ccd208d2802780007b229a71e2d' LIMIT 1   [ RunTime:0.0004s ]
SQL: SELECT * FROM `c_market_user` WHERE `user_id` = '13914896237' AND `market_coupon_id` = '9a989a85ab4a8e7b8c137cb67524938b' LIMIT 1   [ RunTime:0.0003s ]
INFO: [ app_end ] --START--
INFO: Run Behavior\ShowPageTraceBehavior [ RunTime:0.002140s ]
INFO: [ app_end ] --END-- [ RunTime:0.002204s ]

[ 2018-05-04T14:56:29+08:00 ] 192.168.1.251 /index.php/Home/user/getUserInfo?token=e2f936fdafba97978615c9e55c0a2a21&user_id=13914896237&field%5B%5D=user_name&field%5B%5D=user_head&field%5B%5D=user_type&field%5B%5D=user_weixin&field%5B%5D=user_info&field%5B%5D=user_vip_level&field%5B%5D=user_money&field%5B%5D=user_email&field%5B%5D=user_id&field%5B%5D=invite_code
INFO: [ app_init ] --START--
INFO: Run Behavior\BuildLiteBehavior [ RunTime:0.000022s ]
INFO: [ app_init ] --END-- [ RunTime:0.000713s ]
INFO: [ app_begin ] --START--
INFO: Run Behavior\ReadHtmlCacheBehavior [ RunTime:0.000723s ]
INFO: [ app_begin ] --END-- [ RunTime:0.000776s ]
SQL: SHOW COLUMNS FROM `c_token` [ RunTime:0.0007s ]
SQL: SELECT * FROM `c_token` WHERE `login_id` = '13914896237' AND `token` = 'e2f936fdafba97978615c9e55c0a2a21' LIMIT 1   [ RunTime:0.0004s ]
SQL: SHOW COLUMNS FROM `c_user` [ RunTime:0.0008s ]
SQL: SELECT * FROM `c_user` WHERE `user_id` = '13914896237' LIMIT 1   [ RunTime:0.0005s ]
SQL: SELECT `user_name`,`user_head`,`user_type`,`user_weixin`,`user_info`,`user_vip_level`,`user_money`,`user_email`,`user_id`,`invite_code` FROM `c_user` WHERE `user_id` = '13914896237' LIMIT 1   [ RunTime:0.0005s ]
NOTIC: [2] Missing argument 2 for VIP::__construct(), called in D:\database\Project\working\company\cosmetics\server\app\Home\Controller\UserController.class.php on line 156 and defined D:\database\Project\working\company\cosmetics\server\ThinkPHP\Library\Vendor\VIP\VIP.php 第 143 行.
SQL: SELECT * FROM `c_user` WHERE `user_id` = '13914896237' LIMIT 1   [ RunTime:0.0005s ]
SQL: SHOW COLUMNS FROM `c_vip` [ RunTime:0.0008s ]
SQL: SELECT * FROM `c_vip` WHERE `vip_level` = 3 LIMIT 1   [ RunTime:0.0004s ]
SQL: SHOW COLUMNS FROM `c_user_super` [ RunTime:0.0007s ]
SQL: SELECT * FROM `c_user_super` WHERE `user_id` = '13914896237' LIMIT 1   [ RunTime:0.0003s ]
SQL: SELECT * FROM `c_user` WHERE `user_id` = '12138' LIMIT 1   [ RunTime:0.0004s ]
SQL: SELECT * FROM `c_vip` WHERE `vip_level` = 3 LIMIT 1   [ RunTime:0.0004s ]
SQL: SELECT * FROM `c_user_super` WHERE `user_id` = '12138' LIMIT 1   [ RunTime:0.0004s ]
INFO: [ app_end ] --START--
INFO: Run Behavior\ShowPageTraceBehavior [ RunTime:0.001088s ]
INFO: [ app_end ] --END-- [ RunTime:0.001150s ]

[ 2018-05-04T14:56:29+08:00 ] 192.168.1.251 /index.php/Home/login/isLogin?token=e2f936fdafba97978615c9e55c0a2a21&user_id=13914896237&_area%5B0%5D%5Bcode%5D=340000&_area%5B0%5D%5Bname%5D=%E5%AE%89%E5%BE%BD%E7%9C%81&_area%5B1%5D%5Bcode%5D=340100&_area%5B1%5D%5Bname%5D=%E5%90%88%E8%82%A5%E5%B8%82&_area%5B2%5D%5Bcode%5D=340102&_area%5B2%5D%5Bname%5D=%E7%91%B6%E6%B5%B7%E5%8C%BA
INFO: [ app_init ] --START--
INFO: Run Behavior\BuildLiteBehavior [ RunTime:0.000014s ]
INFO: [ app_init ] --END-- [ RunTime:0.000530s ]
INFO: [ app_begin ] --START--
INFO: Run Behavior\ReadHtmlCacheBehavior [ RunTime:0.000690s ]
INFO: [ app_begin ] --END-- [ RunTime:0.000746s ]
SQL: SHOW COLUMNS FROM `c_token` [ RunTime:0.0012s ]
SQL: SELECT * FROM `c_token` WHERE `login_id` = '13914896237' AND `token` = 'e2f936fdafba97978615c9e55c0a2a21' LIMIT 1   [ RunTime:0.0005s ]
SQL: SHOW COLUMNS FROM `c_user` [ RunTime:0.0009s ]
SQL: SELECT * FROM `c_user` WHERE `user_id` = '13914896237' LIMIT 1   [ RunTime:0.0005s ]
INFO: [ app_end ] --START--
INFO: Run Behavior\ShowPageTraceBehavior [ RunTime:0.001420s ]
INFO: [ app_end ] --END-- [ RunTime:0.001506s ]

[ 2018-05-04T14:56:29+08:00 ] 192.168.1.251 /index.php/Home/config/get?token=e2f936fdafba97978615c9e55c0a2a21&user_id=13914896237
INFO: [ app_init ] --START--
INFO: Run Behavior\BuildLiteBehavior [ RunTime:0.000022s ]
INFO: [ app_init ] --END-- [ RunTime:0.000582s ]
INFO: [ app_begin ] --START--
INFO: Run Behavior\ReadHtmlCacheBehavior [ RunTime:0.000917s ]
INFO: [ app_begin ] --END-- [ RunTime:0.000980s ]
NOTIC: [2048] Declaration of Home\Controller\ConfigController::get() should be compatible with Think\Controller::get($name = '') D:\database\Project\working\company\cosmetics\server\app\Home\Controller\ConfigController.class.php 第 20 行.
SQL: SHOW COLUMNS FROM `c_token` [ RunTime:0.0006s ]
SQL: SELECT * FROM `c_token` WHERE `login_id` = '13914896237' AND `token` = 'e2f936fdafba97978615c9e55c0a2a21' LIMIT 1   [ RunTime:0.0003s ]
SQL: SHOW COLUMNS FROM `c_user` [ RunTime:0.0006s ]
SQL: SELECT * FROM `c_user` WHERE `user_id` = '13914896237' LIMIT 1   [ RunTime:0.0003s ]
SQL: SHOW COLUMNS FROM `c_config` [ RunTime:0.0005s ]
SQL: SELECT * FROM `c_config` WHERE `id` = 1 LIMIT 1   [ RunTime:0.0003s ]
INFO: [ app_end ] --START--
INFO: Run Behavior\ShowPageTraceBehavior [ RunTime:0.001071s ]
INFO: [ app_end ] --END-- [ RunTime:0.001124s ]

[ 2018-05-04T14:56:29+08:00 ] 192.168.1.251 /index.php/Home/user/getUserInfo?token=e2f936fdafba97978615c9e55c0a2a21&user_id=13914896237&field%5B%5D=user_name&field%5B%5D=user_head&field%5B%5D=user_type&field%5B%5D=user_weixin&field%5B%5D=user_info&field%5B%5D=user_vip_level&field%5B%5D=user_money&field%5B%5D=user_email&field%5B%5D=user_id&field%5B%5D=invite_code
INFO: [ app_init ] --START--
INFO: Run Behavior\BuildLiteBehavior [ RunTime:0.000013s ]
INFO: [ app_init ] --END-- [ RunTime:0.000404s ]
INFO: [ app_begin ] --START--
INFO: Run Behavior\ReadHtmlCacheBehavior [ RunTime:0.000835s ]
INFO: [ app_begin ] --END-- [ RunTime:0.000890s ]
SQL: SHOW COLUMNS FROM `c_token` [ RunTime:0.1181s ]
SQL: SELECT * FROM `c_token` WHERE `login_id` = '13914896237' AND `token` = 'e2f936fdafba97978615c9e55c0a2a21' LIMIT 1   [ RunTime:0.0003s ]
SQL: SHOW COLUMNS FROM `c_user` [ RunTime:0.0005s ]
SQL: SELECT * FROM `c_user` WHERE `user_id` = '13914896237' LIMIT 1   [ RunTime:0.0003s ]
SQL: SELECT `user_name`,`user_head`,`user_type`,`user_weixin`,`user_info`,`user_vip_level`,`user_money`,`user_email`,`user_id`,`invite_code` FROM `c_user` WHERE `user_id` = '13914896237' LIMIT 1   [ RunTime:0.0002s ]
NOTIC: [2] Missing argument 2 for VIP::__construct(), called in D:\database\Project\working\company\cosmetics\server\app\Home\Controller\UserController.class.php on line 156 and defined D:\database\Project\working\company\cosmetics\server\ThinkPHP\Library\Vendor\VIP\VIP.php 第 143 行.
SQL: SELECT * FROM `c_user` WHERE `user_id` = '13914896237' LIMIT 1   [ RunTime:0.0003s ]
SQL: SHOW COLUMNS FROM `c_vip` [ RunTime:0.0006s ]
SQL: SELECT * FROM `c_vip` WHERE `vip_level` = 3 LIMIT 1   [ RunTime:0.0004s ]
SQL: SHOW COLUMNS FROM `c_user_super` [ RunTime:0.0018s ]
SQL: SELECT * FROM `c_user_super` WHERE `user_id` = '13914896237' LIMIT 1   [ RunTime:0.0006s ]
SQL: SELECT * FROM `c_user` WHERE `user_id` = '12138' LIMIT 1   [ RunTime:0.0005s ]
SQL: SELECT * FROM `c_vip` WHERE `vip_level` = 3 LIMIT 1   [ RunTime:0.0004s ]
SQL: SELECT * FROM `c_user_super` WHERE `user_id` = '12138' LIMIT 1   [ RunTime:0.0003s ]
INFO: [ app_end ] --START--
INFO: Run Behavior\ShowPageTraceBehavior [ RunTime:0.000842s ]
INFO: [ app_end ] --END-- [ RunTime:0.000884s ]

[ 2018-05-04T14:56:30+08:00 ] 192.168.1.251 /index.php/Home/special/getSmallList?limit=6&token=e2f936fdafba97978615c9e55c0a2a21&user_id=13914896237&_area%5B0%5D%5Bcode%5D=340000&_area%5B0%5D%5Bname%5D=%E5%AE%89%E5%BE%BD%E7%9C%81&_area%5B1%5D%5Bcode%5D=340100&_area%5B1%5D%5Bname%5D=%E5%90%88%E8%82%A5%E5%B8%82&_area%5B2%5D%5Bcode%5D=340102&_area%5B2%5D%5Bname%5D=%E7%91%B6%E6%B5%B7%E5%8C%BA
INFO: [ app_init ] --START--
INFO: Run Behavior\BuildLiteBehavior [ RunTime:0.000018s ]
INFO: [ app_init ] --END-- [ RunTime:0.000611s ]
INFO: [ app_begin ] --START--
INFO: Run Behavior\ReadHtmlCacheBehavior [ RunTime:0.001117s ]
INFO: [ app_begin ] --END-- [ RunTime:0.001214s ]
SQL: SHOW COLUMNS FROM `c_token` [ RunTime:0.0088s ]
SQL: SELECT * FROM `c_token` WHERE `login_id` = '13914896237' AND `token` = 'e2f936fdafba97978615c9e55c0a2a21' LIMIT 1   [ RunTime:0.0003s ]
SQL: SHOW COLUMNS FROM `c_user` [ RunTime:0.0007s ]
SQL: SELECT * FROM `c_user` WHERE `user_id` = '13914896237' LIMIT 1   [ RunTime:0.0004s ]
SQL: SHOW COLUMNS FROM `c_special` [ RunTime:0.0007s ]
NOTIC: [2] Missing argument 1 for I(), called in D:\database\Project\working\company\cosmetics\server\app\Home\Controller\SpecialController.class.php on line 41 and defined D:\database\Project\working\company\cosmetics\server\ThinkPHP\Common\functions.php 第 271 行.
NOTIC: [8] Undefined variable: name D:\database\Project\working\company\cosmetics\server\ThinkPHP\Common\functions.php 第 273 行.
NOTIC: [8] Undefined variable: name D:\database\Project\working\company\cosmetics\server\ThinkPHP\Common\functions.php 第 278 行.
NOTIC: [8] Undefined variable: name D:\database\Project\working\company\cosmetics\server\ThinkPHP\Common\functions.php 第 339 行.
NOTIC: [8] Undefined index: where D:\database\Project\working\company\cosmetics\server\app\Home\Model\SpecialModel.class.php 第 24 行.
SQL: SELECT * FROM `c_special` ORDER BY add_time desc LIMIT 6   [ RunTime:0.0003s ]
INFO: [ app_end ] --START--
INFO: Run Behavior\ShowPageTraceBehavior [ RunTime:0.001237s ]
INFO: [ app_end ] --END-- [ RunTime:0.001297s ]

[ 2018-05-04T14:56:30+08:00 ] 192.168.1.251 /index.php/Home/time/getList?token=e2f936fdafba97978615c9e55c0a2a21&user_id=13914896237&_area%5B0%5D%5Bcode%5D=340000&_area%5B0%5D%5Bname%5D=%E5%AE%89%E5%BE%BD%E7%9C%81&_area%5B1%5D%5Bcode%5D=340100&_area%5B1%5D%5Bname%5D=%E5%90%88%E8%82%A5%E5%B8%82&_area%5B2%5D%5Bcode%5D=340102&_area%5B2%5D%5Bname%5D=%E7%91%B6%E6%B5%B7%E5%8C%BA
INFO: [ app_init ] --START--
INFO: Run Behavior\BuildLiteBehavior [ RunTime:0.000019s ]
INFO: [ app_init ] --END-- [ RunTime:0.000610s ]
INFO: [ app_begin ] --START--
INFO: Run Behavior\ReadHtmlCacheBehavior [ RunTime:0.001083s ]
INFO: [ app_begin ] --END-- [ RunTime:0.001181s ]
SQL: SHOW COLUMNS FROM `c_token` [ RunTime:0.0172s ]
SQL: SELECT * FROM `c_token` WHERE `login_id` = '13914896237' AND `token` = 'e2f936fdafba97978615c9e55c0a2a21' LIMIT 1   [ RunTime:0.0017s ]
SQL: SHOW COLUMNS FROM `c_user` [ RunTime:0.0007s ]
SQL: SELECT * FROM `c_user` WHERE `user_id` = '13914896237' LIMIT 1   [ RunTime:0.0003s ]
SQL: SHOW COLUMNS FROM `c_time` [ RunTime:0.0007s ]
NOTIC: [2] Missing argument 1 for Home\Model\TimeModel::getList(), called in D:\database\Project\working\company\cosmetics\server\app\Home\Controller\TimeController.class.php on line 23 and defined D:\database\Project\working\company\cosmetics\server\app\Home\Model\TimeModel.class.php 第 9 行.
SQL: SELECT * FROM `c_time` ORDER BY start_time asc  [ RunTime:0.0003s ]
SQL: SHOW COLUMNS FROM `c_goods` [ RunTime:0.0008s ]
SQL: SHOW COLUMNS FROM `c_goods` [ RunTime:0.0007s ]
INFO: [ app_end ] --START--
INFO: Run Behavior\ShowPageTraceBehavior [ RunTime:0.001259s ]
INFO: [ app_end ] --END-- [ RunTime:0.001328s ]

[ 2018-05-04T14:56:30+08:00 ] 192.168.1.251 /index.php/Home/home/getPacket?token=e2f936fdafba97978615c9e55c0a2a21&user_id=13914896237&_area%5B0%5D%5Bcode%5D=340000&_area%5B0%5D%5Bname%5D=%E5%AE%89%E5%BE%BD%E7%9C%81&_area%5B1%5D%5Bcode%5D=340100&_area%5B1%5D%5Bname%5D=%E5%90%88%E8%82%A5%E5%B8%82&_area%5B2%5D%5Bcode%5D=340102&_area%5B2%5D%5Bname%5D=%E7%91%B6%E6%B5%B7%E5%8C%BA
INFO: [ app_init ] --START--
INFO: Run Behavior\BuildLiteBehavior [ RunTime:0.000019s ]
INFO: [ app_init ] --END-- [ RunTime:0.000466s ]
INFO: [ app_begin ] --START--
INFO: Run Behavior\ReadHtmlCacheBehavior [ RunTime:0.001157s ]
INFO: [ app_begin ] --END-- [ RunTime:0.001317s ]
SQL: SHOW COLUMNS FROM `c_token` [ RunTime:0.0027s ]
SQL: SELECT * FROM `c_token` WHERE `login_id` = '13914896237' AND `token` = 'e2f936fdafba97978615c9e55c0a2a21' LIMIT 1   [ RunTime:0.0005s ]
SQL: SHOW COLUMNS FROM `c_user` [ RunTime:0.0009s ]
SQL: SELECT * FROM `c_user` WHERE `user_id` = '13914896237' LIMIT 1   [ RunTime:0.0007s ]
SQL: SHOW COLUMNS FROM `c_carousel` [ RunTime:0.0008s ]
SQL: SHOW COLUMNS FROM `c_nav` [ RunTime:0.0009s ]
SQL: SHOW COLUMNS FROM `c_msg` [ RunTime:0.0015s ]
SQL: SELECT * FROM `c_carousel` WHERE `pages_id` = 0 ORDER BY sort asc,add_time desc  [ RunTime:0.0005s ]
NOTIC: [2] Missing argument 1 for Home\Model\NavModel::getList(), called in D:\database\Project\working\company\cosmetics\server\app\Home\Controller\HomeController.class.php on line 22 and defined D:\database\Project\working\company\cosmetics\server\app\Home\Model\NavModel.class.php 第 7 行.
SQL: SELECT * FROM `c_nav`  [ RunTime:0.0003s ]
SQL: SELECT * FROM `c_nav` WHERE `nav_id` = '0' LIMIT 1   [ RunTime:0.0004s ]
SQL: SHOW COLUMNS FROM `c_nav_special` [ RunTime:0.0007s ]
SQL: SELECT * FROM `c_nav_special` WHERE `nav_id` = '0'  [ RunTime:0.0004s ]
SQL: SHOW COLUMNS FROM `c_special` [ RunTime:0.0008s ]
SQL: SELECT * FROM `c_special` WHERE `special_id` = 'e5d462e89fbbdaf83aa448a414c20a14' LIMIT 1   [ RunTime:0.0004s ]
SQL: SELECT * FROM `c_special` WHERE `special_id` = 'ffa2428e17c5d7cda6cde82099d642da' LIMIT 1   [ RunTime:0.0004s ]
SQL: SHOW COLUMNS FROM `c_nav_goods` [ RunTime:0.0008s ]
SQL: SELECT * FROM `c_nav_goods` WHERE `nav_id` = '0'  [ RunTime:0.0004s ]
SQL: SHOW COLUMNS FROM `c_goods` [ RunTime:0.0009s ]
SQL: SHOW COLUMNS FROM `c_goods` [ RunTime:0.0009s ]
SQL: SELECT * FROM `c_goods` WHERE `is_up` = 1 AND `goods_id` = 15 LIMIT 1   [ RunTime:0.0005s ]
SQL: SHOW COLUMNS FROM `c_goods_img` [ RunTime:0.0008s ]
SQL: SELECT * FROM `c_goods_img` WHERE `goods_id` = '15' ORDER BY slot asc  [ RunTime:0.0005s ]
SQL: SHOW COLUMNS FROM `c_sku` [ RunTime:0.0008s ]
SQL: SELECT * FROM `c_sku` WHERE `goods_id` = '15'  [ RunTime:0.0005s ]
SQL: SHOW COLUMNS FROM `c_sku_tree` [ RunTime:0.0008s ]
SQL: SHOW COLUMNS FROM `c_sku_tree_v` [ RunTime:0.0007s ]
SQL: SELECT * FROM `c_sku_tree` WHERE `goods_id` = '15'  [ RunTime:0.0005s ]
SQL: SELECT * FROM `c_sku_tree_v` WHERE `goods_id` = '15' AND `sku_tree_id` = 'c2bd1ba6ae3cacd1c4af4fb750a3119d'  [ RunTime:0.0005s ]
SQL: SELECT * FROM `c_sku_tree_v` WHERE `goods_id` = '15' AND `sku_tree_id` = 'e9ccb2c92c1124187411fdd75b078fb2'  [ RunTime:0.0007s ]
SQL: SHOW COLUMNS FROM `c_freight` [ RunTime:0.0009s ]
SQL: SHOW COLUMNS FROM `c_freight_area` [ RunTime:0.0016s ]
SQL: SELECT * FROM `c_freight` WHERE `freight_id` = '' LIMIT 1   [ RunTime:0.0004s ]
SQL: SELECT * FROM `c_freight_area` WHERE `freight_id` = null  [ RunTime:0.0005s ]
SQL: SHOW COLUMNS FROM `c_collection` [ RunTime:0.0020s ]
SQL: SELECT * FROM `c_collection` WHERE `goods_id` = '15' AND `user_id` = '13914896237' LIMIT 1   [ RunTime:0.0004s ]
SQL: SELECT * FROM `c_goods` WHERE `is_up` = 1 AND `goods_id` = 14 LIMIT 1   [ RunTime:0.0004s ]
SQL: SELECT * FROM `c_goods_img` WHERE `goods_id` = '14' ORDER BY slot asc  [ RunTime:0.0004s ]
SQL: SELECT * FROM `c_sku` WHERE `goods_id` = '14'  [ RunTime:0.0004s ]
SQL: SELECT * FROM `c_sku_tree` WHERE `goods_id` = '14'  [ RunTime:0.0003s ]
SQL: SELECT * FROM `c_sku_tree_v` WHERE `goods_id` = '14' AND `sku_tree_id` = '6a2dec46aa8c6d3d23039e8b31b6828d'  [ RunTime:0.0003s ]
SQL: SELECT * FROM `c_freight` WHERE `freight_id` = '01a28972a8f19919569e4d52108a2f1b' LIMIT 1   [ RunTime:0.0004s ]
SQL: SELECT * FROM `c_freight_area` WHERE `freight_id` = '01a28972a8f19919569e4d52108a2f1b'  [ RunTime:0.0004s ]
SQL: SELECT * FROM `c_collection` WHERE `goods_id` = '14' AND `user_id` = '13914896237' LIMIT 1   [ RunTime:0.0003s ]
SQL: SELECT * FROM `c_goods` WHERE `is_up` = 1 AND `goods_id` = 13 LIMIT 1   [ RunTime:0.0003s ]
SQL: SELECT * FROM `c_goods_img` WHERE `goods_id` = '13' ORDER BY slot asc  [ RunTime:0.0003s ]
SQL: SELECT * FROM `c_sku` WHERE `goods_id` = '13'  [ RunTime:0.0003s ]
SQL: SELECT * FROM `c_sku_tree` WHERE `goods_id` = '13'  [ RunTime:0.0003s ]
SQL: SELECT * FROM `c_sku_tree_v` WHERE `goods_id` = '13' AND `sku_tree_id` = 'c6fba4cd45ca1e91a129e5491b9bd91c'  [ RunTime:0.0004s ]
SQL: SELECT * FROM `c_sku_tree_v` WHERE `goods_id` = '13' AND `sku_tree_id` = '56322df9d9ceb73a787c3dac8b54cd8a'  [ RunTime:0.0004s ]
SQL: SELECT * FROM `c_sku_tree_v` WHERE `goods_id` = '13' AND `sku_tree_id` = '9b9677b08e024ae617a24924ffbd2aea'  [ RunTime:0.0005s ]
SQL: SELECT * FROM `c_freight` WHERE `freight_id` = 'db55c0dabf8ed8548467ff77063014f5' LIMIT 1   [ RunTime:0.0004s ]
SQL: SELECT * FROM `c_freight_area` WHERE `freight_id` = 'db55c0dabf8ed8548467ff77063014f5'  [ RunTime:0.0003s ]
SQL: SELECT * FROM `c_collection` WHERE `goods_id` = '13' AND `user_id` = '13914896237' LIMIT 1   [ RunTime:0.0002s ]
SQL: SELECT * FROM `c_goods` WHERE `is_up` = 1 AND `goods_id` = 12 LIMIT 1   [ RunTime:0.0003s ]
SQL: SELECT * FROM `c_goods_img` WHERE `goods_id` = '12' ORDER BY slot asc  [ RunTime:0.0003s ]
SQL: SELECT * FROM `c_sku` WHERE `goods_id` = '12'  [ RunTime:0.0004s ]
SQL: SELECT * FROM `c_sku_tree` WHERE `goods_id` = '12'  [ RunTime:0.0004s ]
SQL: SELECT * FROM `c_sku_tree_v` WHERE `goods_id` = '12' AND `sku_tree_id` = '2c427e6f2d1cf324a1edc7bfff6fce14'  [ RunTime:0.0005s ]
SQL: SELECT * FROM `c_sku_tree_v` WHERE `goods_id` = '12' AND `sku_tree_id` = 'a339cc5da9db6b4b521ea025d8ace2a0'  [ RunTime:0.0005s ]
SQL: SELECT * FROM `c_freight` WHERE `freight_id` = '01a28972a8f19919569e4d52108a2f1b' LIMIT 1   [ RunTime:0.0004s ]
SQL: SELECT * FROM `c_freight_area` WHERE `freight_id` = '01a28972a8f19919569e4d52108a2f1b'  [ RunTime:0.0004s ]
SQL: SELECT * FROM `c_collection` WHERE `goods_id` = '12' AND `user_id` = '13914896237' LIMIT 1   [ RunTime:0.0003s ]
SQL: SELECT * FROM `c_msg` WHERE `type` = 1 ORDER BY add_time desc  [ RunTime:0.0004s ]
SQL: SELECT * FROM `c_nav` WHERE `nav_id` = '873e7931c32f8fc2924038482f952c9b' LIMIT 1   [ RunTime:0.0003s ]
SQL: SELECT * FROM `c_nav_special` WHERE `nav_id` = '873e7931c32f8fc2924038482f952c9b'  [ RunTime:0.0004s ]
SQL: SELECT * FROM `c_special` WHERE `special_id` = '1' LIMIT 1   [ RunTime:0.0003s ]
SQL: SELECT * FROM `c_special` WHERE `special_id` = '751f43ffb89c66c55d5a1150d58ad765' LIMIT 1   [ RunTime:0.0003s ]
SQL: SELECT * FROM `c_special` WHERE `special_id` = 'ffa2428e17c5d7cda6cde82099d642da' LIMIT 1   [ RunTime:0.0003s ]
SQL: SELECT * FROM `c_special` WHERE `special_id` = 'e5d462e89fbbdaf83aa448a414c20a14' LIMIT 1   [ RunTime:0.0002s ]
SQL: SELECT * FROM `c_special` WHERE `special_id` = '52fc0ac7f532a3b72b300b42a1d8e32f' LIMIT 1   [ RunTime:0.0003s ]
SQL: SELECT * FROM `c_nav_goods` WHERE `nav_id` = '873e7931c32f8fc2924038482f952c9b'  [ RunTime:0.0003s ]
SQL: SELECT * FROM `c_goods` WHERE `is_up` = 1 AND `goods_id` = 15 LIMIT 1   [ RunTime:0.0005s ]
SQL: SELECT * FROM `c_goods_img` WHERE `goods_id` = '15' ORDER BY slot asc  [ RunTime:0.0004s ]
SQL: SELECT * FROM `c_sku` WHERE `goods_id` = '15'  [ RunTime:0.0004s ]
SQL: SELECT * FROM `c_sku_tree` WHERE `goods_id` = '15'  [ RunTime:0.0003s ]
SQL: SELECT * FROM `c_sku_tree_v` WHERE `goods_id` = '15' AND `sku_tree_id` = 'c2bd1ba6ae3cacd1c4af4fb750a3119d'  [ RunTime:0.0003s ]
SQL: SELECT * FROM `c_sku_tree_v` WHERE `goods_id` = '15' AND `sku_tree_id` = 'e9ccb2c92c1124187411fdd75b078fb2'  [ RunTime:0.0003s ]
SQL: SELECT * FROM `c_freight` WHERE `freight_id` = '' LIMIT 1   [ RunTime:0.0002s ]
SQL: SELECT * FROM `c_freight_area` WHERE `freight_id` = null  [ RunTime:0.0003s ]
SQL: SELECT * FROM `c_collection` WHERE `goods_id` = '15' AND `user_id` = '13914896237' LIMIT 1   [ RunTime:0.0003s ]
SQL: SELECT * FROM `c_goods` WHERE `is_up` = 1 AND `goods_id` = 14 LIMIT 1   [ RunTime:0.0004s ]
SQL: SELECT * FROM `c_goods_img` WHERE `goods_id` = '14' ORDER BY slot asc  [ RunTime:0.0006s ]
SQL: SELECT * FROM `c_sku` WHERE `goods_id` = '14'  [ RunTime:0.0006s ]
SQL: SELECT * FROM `c_sku_tree` WHERE `goods_id` = '14'  [ RunTime:0.0003s ]
SQL: SELECT * FROM `c_sku_tree_v` WHERE `goods_id` = '14' AND `sku_tree_id` = '6a2dec46aa8c6d3d23039e8b31b6828d'  [ RunTime:0.0003s ]
SQL: SELECT * FROM `c_freight` WHERE `freight_id` = '01a28972a8f19919569e4d52108a2f1b' LIMIT 1   [ RunTime:0.0005s ]
SQL: SELECT * FROM `c_freight_area` WHERE `freight_id` = '01a28972a8f19919569e4d52108a2f1b'  [ RunTime:0.0004s ]
SQL: SELECT * FROM `c_collection` WHERE `goods_id` = '14' AND `user_id` = '13914896237' LIMIT 1   [ RunTime:0.0003s ]
SQL: SELECT * FROM `c_goods` WHERE `is_up` = 1 AND `goods_id` = 13 LIMIT 1   [ RunTime:0.0003s ]
SQL: SELECT * FROM `c_goods_img` WHERE `goods_id` = '13' ORDER BY slot asc  [ RunTime:0.0003s ]
SQL: SELECT * FROM `c_sku` WHERE `goods_id` = '13'  [ RunTime:0.0003s ]
SQL: SELECT * FROM `c_sku_tree` WHERE `goods_id` = '13'  [ RunTime:0.0003s ]
SQL: SELECT * FROM `c_sku_tree_v` WHERE `goods_id` = '13' AND `sku_tree_id` = 'c6fba4cd45ca1e91a129e5491b9bd91c'  [ RunTime:0.0003s ]
SQL: SELECT * FROM `c_sku_tree_v` WHERE `goods_id` = '13' AND `sku_tree_id` = '56322df9d9ceb73a787c3dac8b54cd8a'  [ RunTime:0.0004s ]
SQL: SELECT * FROM `c_sku_tree_v` WHERE `goods_id` = '13' AND `sku_tree_id` = '9b9677b08e024ae617a24924ffbd2aea'  [ RunTime:0.0004s ]
SQL: SELECT * FROM `c_freight` WHERE `freight_id` = 'db55c0dabf8ed8548467ff77063014f5' LIMIT 1   [ RunTime:0.0004s ]
SQL: SELECT * FROM `c_freight_area` WHERE `freight_id` = 'db55c0dabf8ed8548467ff77063014f5'  [ RunTime:0.0003s ]
SQL: SELECT * FROM `c_collection` WHERE `goods_id` = '13' AND `user_id` = '13914896237' LIMIT 1   [ RunTime:0.0004s ]
SQL: SELECT * FROM `c_goods` WHERE `is_up` = 1 AND `goods_id` = 12 LIMIT 1   [ RunTime:0.0004s ]
SQL: SELECT * FROM `c_goods_img` WHERE `goods_id` = '12' ORDER BY slot asc  [ RunTime:0.0005s ]
SQL: SELECT * FROM `c_sku` WHERE `goods_id` = '12'  [ RunTime:0.0005s ]
SQL: SELECT * FROM `c_sku_tree` WHERE `goods_id` = '12'  [ RunTime:0.0004s ]
SQL: SELECT * FROM `c_sku_tree_v` WHERE `goods_id` = '12' AND `sku_tree_id` = '2c427e6f2d1cf324a1edc7bfff6fce14'  [ RunTime:0.0004s ]
SQL: SELECT * FROM `c_sku_tree_v` WHERE `goods_id` = '12' AND `sku_tree_id` = 'a339cc5da9db6b4b521ea025d8ace2a0'  [ RunTime:0.0003s ]
SQL: SELECT * FROM `c_freight` WHERE `freight_id` = '01a28972a8f19919569e4d52108a2f1b' LIMIT 1   [ RunTime:0.0003s ]
SQL: SELECT * FROM `c_freight_area` WHERE `freight_id` = '01a28972a8f19919569e4d52108a2f1b'  [ RunTime:0.0004s ]
SQL: SELECT * FROM `c_collection` WHERE `goods_id` = '12' AND `user_id` = '13914896237' LIMIT 1   [ RunTime:0.0005s ]
SQL: SELECT * FROM `c_nav` WHERE `nav_id` = '88a2ee967601a279abd36d0fc76e2657' LIMIT 1   [ RunTime:0.0004s ]
SQL: SELECT * FROM `c_nav_special` WHERE `nav_id` = '88a2ee967601a279abd36d0fc76e2657'  [ RunTime:0.0004s ]
SQL: SELECT * FROM `c_special` WHERE `special_id` = 'e5d462e89fbbdaf83aa448a414c20a14' LIMIT 1   [ RunTime:0.0003s ]
SQL: SELECT * FROM `c_special` WHERE `special_id` = '751f43ffb89c66c55d5a1150d58ad765' LIMIT 1   [ RunTime:0.0003s ]
SQL: SELECT * FROM `c_special` WHERE `special_id` = '52fc0ac7f532a3b72b300b42a1d8e32f' LIMIT 1   [ RunTime:0.0002s ]
SQL: SELECT * FROM `c_nav_goods` WHERE `nav_id` = '88a2ee967601a279abd36d0fc76e2657'  [ RunTime:0.0003s ]
SQL: SELECT * FROM `c_goods` WHERE `is_up` = 1 AND `goods_id` = 15 LIMIT 1   [ RunTime:0.0004s ]
SQL: SELECT * FROM `c_goods_img` WHERE `goods_id` = '15' ORDER BY slot asc  [ RunTime:0.0004s ]
SQL: SELECT * FROM `c_sku` WHERE `goods_id` = '15'  [ RunTime:0.0004s ]
SQL: SELECT * FROM `c_sku_tree` WHERE `goods_id` = '15'  [ RunTime:0.0004s ]
SQL: SELECT * FROM `c_sku_tree_v` WHERE `goods_id` = '15' AND `sku_tree_id` = 'c2bd1ba6ae3cacd1c4af4fb750a3119d'  [ RunTime:0.0003s ]
SQL: SELECT * FROM `c_sku_tree_v` WHERE `goods_id` = '15' AND `sku_tree_id` = 'e9ccb2c92c1124187411fdd75b078fb2'  [ RunTime:0.0004s ]
SQL: SELECT * FROM `c_freight` WHERE `freight_id` = '' LIMIT 1   [ RunTime:0.0003s ]
SQL: SELECT * FROM `c_freight_area` WHERE `freight_id` = null  [ RunTime:0.0003s ]
SQL: SELECT * FROM `c_collection` WHERE `goods_id` = '15' AND `user_id` = '13914896237' LIMIT 1   [ RunTime:0.0003s ]
SQL: SELECT * FROM `c_goods` WHERE `is_up` = 1 AND `goods_id` = 12 LIMIT 1   [ RunTime:0.0004s ]
SQL: SELECT * FROM `c_goods_img` WHERE `goods_id` = '12' ORDER BY slot asc  [ RunTime:0.0005s ]
SQL: SELECT * FROM `c_sku` WHERE `goods_id` = '12'  [ RunTime:0.0005s ]
SQL: SELECT * FROM `c_sku_tree` WHERE `goods_id` = '12'  [ RunTime:0.0004s ]
SQL: SELECT * FROM `c_sku_tree_v` WHERE `goods_id` = '12' AND `sku_tree_id` = '2c427e6f2d1cf324a1edc7bfff6fce14'  [ RunTime:0.0004s ]
SQL: SELECT * FROM `c_sku_tree_v` WHERE `goods_id` = '12' AND `sku_tree_id` = 'a339cc5da9db6b4b521ea025d8ace2a0'  [ RunTime:0.0004s ]
SQL: SELECT * FROM `c_freight` WHERE `freight_id` = '01a28972a8f19919569e4d52108a2f1b' LIMIT 1   [ RunTime:0.0003s ]
SQL: SELECT * FROM `c_freight_area` WHERE `freight_id` = '01a28972a8f19919569e4d52108a2f1b'  [ RunTime:0.0003s ]
SQL: SELECT * FROM `c_collection` WHERE `goods_id` = '12' AND `user_id` = '13914896237' LIMIT 1   [ RunTime:0.0003s ]
SQL: SELECT * FROM `c_goods` WHERE `is_up` = 1 AND `goods_id` = 14 LIMIT 1   [ RunTime:0.0005s ]
SQL: SELECT * FROM `c_goods_img` WHERE `goods_id` = '14' ORDER BY slot asc  [ RunTime:0.0005s ]
SQL: SELECT * FROM `c_sku` WHERE `goods_id` = '14'  [ RunTime:0.0004s ]
SQL: SELECT * FROM `c_sku_tree` WHERE `goods_id` = '14'  [ RunTime:0.0003s ]
SQL: SELECT * FROM `c_sku_tree_v` WHERE `goods_id` = '14' AND `sku_tree_id` = '6a2dec46aa8c6d3d23039e8b31b6828d'  [ RunTime:0.0004s ]
SQL: SELECT * FROM `c_freight` WHERE `freight_id` = '01a28972a8f19919569e4d52108a2f1b' LIMIT 1   [ RunTime:0.0005s ]
SQL: SELECT * FROM `c_freight_area` WHERE `freight_id` = '01a28972a8f19919569e4d52108a2f1b'  [ RunTime:0.0008s ]
SQL: SELECT * FROM `c_collection` WHERE `goods_id` = '14' AND `user_id` = '13914896237' LIMIT 1   [ RunTime:0.0003s ]
SQL: SELECT * FROM `c_goods` WHERE `is_up` = 1 AND `goods_id` = 13 LIMIT 1   [ RunTime:0.0003s ]
SQL: SELECT * FROM `c_goods_img` WHERE `goods_id` = '13' ORDER BY slot asc  [ RunTime:0.0004s ]
SQL: SELECT * FROM `c_sku` WHERE `goods_id` = '13'  [ RunTime:0.0004s ]
SQL: SELECT * FROM `c_sku_tree` WHERE `goods_id` = '13'  [ RunTime:0.0004s ]
SQL: SELECT * FROM `c_sku_tree_v` WHERE `goods_id` = '13' AND `sku_tree_id` = 'c6fba4cd45ca1e91a129e5491b9bd91c'  [ RunTime:0.0004s ]
SQL: SELECT * FROM `c_sku_tree_v` WHERE `goods_id` = '13' AND `sku_tree_id` = '56322df9d9ceb73a787c3dac8b54cd8a'  [ RunTime:0.0004s ]
SQL: SELECT * FROM `c_sku_tree_v` WHERE `goods_id` = '13' AND `sku_tree_id` = '9b9677b08e024ae617a24924ffbd2aea'  [ RunTime:0.0004s ]
SQL: SELECT * FROM `c_freight` WHERE `freight_id` = 'db55c0dabf8ed8548467ff77063014f5' LIMIT 1   [ RunTime:0.0004s ]
SQL: SELECT * FROM `c_freight_area` WHERE `freight_id` = 'db55c0dabf8ed8548467ff77063014f5'  [ RunTime:0.0004s ]
SQL: SELECT * FROM `c_collection` WHERE `goods_id` = '13' AND `user_id` = '13914896237' LIMIT 1   [ RunTime:0.0004s ]
SQL: SELECT * FROM `c_nav` WHERE `nav_id` = 'f3f77f3d08ad3b1e38b8fca874d14284' LIMIT 1   [ RunTime:0.0005s ]
SQL: SELECT * FROM `c_nav_special` WHERE `nav_id` = 'f3f77f3d08ad3b1e38b8fca874d14284'  [ RunTime:0.0006s ]
SQL: SELECT * FROM `c_special` WHERE `special_id` = '2' LIMIT 1   [ RunTime:0.0004s ]
SQL: SELECT * FROM `c_special` WHERE `special_id` = '3' LIMIT 1   [ RunTime:0.0004s ]
SQL: SELECT * FROM `c_nav_goods` WHERE `nav_id` = 'f3f77f3d08ad3b1e38b8fca874d14284'  [ RunTime:0.0004s ]
SQL: SELECT * FROM `c_goods` WHERE `is_up` = 1 AND `goods_id` = 15 LIMIT 1   [ RunTime:0.0004s ]
SQL: SELECT * FROM `c_goods_img` WHERE `goods_id` = '15' ORDER BY slot asc  [ RunTime:0.0004s ]
SQL: SELECT * FROM `c_sku` WHERE `goods_id` = '15'  [ RunTime:0.0004s ]
SQL: SELECT * FROM `c_sku_tree` WHERE `goods_id` = '15'  [ RunTime:0.0004s ]
SQL: SELECT * FROM `c_sku_tree_v` WHERE `goods_id` = '15' AND `sku_tree_id` = 'c2bd1ba6ae3cacd1c4af4fb750a3119d'  [ RunTime:0.0004s ]
SQL: SELECT * FROM `c_sku_tree_v` WHERE `goods_id` = '15' AND `sku_tree_id` = 'e9ccb2c92c1124187411fdd75b078fb2'  [ RunTime:0.0004s ]
SQL: SELECT * FROM `c_freight` WHERE `freight_id` = '' LIMIT 1   [ RunTime:0.0003s ]
SQL: SELECT * FROM `c_freight_area` WHERE `freight_id` = null  [ RunTime:0.0004s ]
SQL: SELECT * FROM `c_collection` WHERE `goods_id` = '15' AND `user_id` = '13914896237' LIMIT 1   [ RunTime:0.0004s ]
SQL: SELECT * FROM `c_goods` WHERE `is_up` = 1 AND `goods_id` = 12 LIMIT 1   [ RunTime:0.0004s ]
SQL: SELECT * FROM `c_goods_img` WHERE `goods_id` = '12' ORDER BY slot asc  [ RunTime:0.0005s ]
SQL: SELECT * FROM `c_sku` WHERE `goods_id` = '12'  [ RunTime:0.0007s ]
SQL: SELECT * FROM `c_sku_tree` WHERE `goods_id` = '12'  [ RunTime:0.0004s ]
SQL: SELECT * FROM `c_sku_tree_v` WHERE `goods_id` = '12' AND `sku_tree_id` = '2c427e6f2d1cf324a1edc7bfff6fce14'  [ RunTime:0.0005s ]
SQL: SELECT * FROM `c_sku_tree_v` WHERE `goods_id` = '12' AND `sku_tree_id` = 'a339cc5da9db6b4b521ea025d8ace2a0'  [ RunTime:0.0005s ]
SQL: SELECT * FROM `c_freight` WHERE `freight_id` = '01a28972a8f19919569e4d52108a2f1b' LIMIT 1   [ RunTime:0.0005s ]
SQL: SELECT * FROM `c_freight_area` WHERE `freight_id` = '01a28972a8f19919569e4d52108a2f1b'  [ RunTime:0.0005s ]
SQL: SELECT * FROM `c_collection` WHERE `goods_id` = '12' AND `user_id` = '13914896237' LIMIT 1   [ RunTime:0.0005s ]
SQL: SELECT * FROM `c_goods` WHERE `is_up` = 1 AND `goods_id` = 14 LIMIT 1   [ RunTime:0.0006s ]
SQL: SELECT * FROM `c_goods_img` WHERE `goods_id` = '14' ORDER BY slot asc  [ RunTime:0.0005s ]
SQL: SELECT * FROM `c_sku` WHERE `goods_id` = '14'  [ RunTime:0.0006s ]
SQL: SELECT * FROM `c_sku_tree` WHERE `goods_id` = '14'  [ RunTime:0.0005s ]
SQL: SELECT * FROM `c_sku_tree_v` WHERE `goods_id` = '14' AND `sku_tree_id` = '6a2dec46aa8c6d3d23039e8b31b6828d'  [ RunTime:0.0005s ]
SQL: SELECT * FROM `c_freight` WHERE `freight_id` = '01a28972a8f19919569e4d52108a2f1b' LIMIT 1   [ RunTime:0.0004s ]
SQL: SELECT * FROM `c_freight_area` WHERE `freight_id` = '01a28972a8f19919569e4d52108a2f1b'  [ RunTime:0.0005s ]
SQL: SELECT * FROM `c_collection` WHERE `goods_id` = '14' AND `user_id` = '13914896237' LIMIT 1   [ RunTime:0.0005s ]
SQL: SELECT * FROM `c_goods` WHERE `is_up` = 1 AND `goods_id` = 13 LIMIT 1   [ RunTime:0.0007s ]
SQL: SELECT * FROM `c_goods_img` WHERE `goods_id` = '13' ORDER BY slot asc  [ RunTime:0.0011s ]
SQL: SELECT * FROM `c_sku` WHERE `goods_id` = '13'  [ RunTime:0.0005s ]
SQL: SELECT * FROM `c_sku_tree` WHERE `goods_id` = '13'  [ RunTime:0.0007s ]
SQL: SELECT * FROM `c_sku_tree_v` WHERE `goods_id` = '13' AND `sku_tree_id` = 'c6fba4cd45ca1e91a129e5491b9bd91c'  [ RunTime:0.0008s ]
SQL: SELECT * FROM `c_sku_tree_v` WHERE `goods_id` = '13' AND `sku_tree_id` = '56322df9d9ceb73a787c3dac8b54cd8a'  [ RunTime:0.0010s ]
SQL: SELECT * FROM `c_sku_tree_v` WHERE `goods_id` = '13' AND `sku_tree_id` = '9b9677b08e024ae617a24924ffbd2aea'  [ RunTime:0.0005s ]
SQL: SELECT * FROM `c_freight` WHERE `freight_id` = 'db55c0dabf8ed8548467ff77063014f5' LIMIT 1   [ RunTime:0.0004s ]
SQL: SELECT * FROM `c_freight_area` WHERE `freight_id` = 'db55c0dabf8ed8548467ff77063014f5'  [ RunTime:0.0006s ]
SQL: SELECT * FROM `c_collection` WHERE `goods_id` = '13' AND `user_id` = '13914896237' LIMIT 1   [ RunTime:0.0004s ]
SQL: SELECT * FROM `c_nav` WHERE `nav_id` = '3987ef3612d64561c1f845afa974604e' LIMIT 1   [ RunTime:0.0004s ]
SQL: SELECT * FROM `c_nav_special` WHERE `nav_id` = '3987ef3612d64561c1f845afa974604e'  [ RunTime:0.0004s ]
SQL: SELECT * FROM `c_special` WHERE `special_id` = '1' LIMIT 1   [ RunTime:0.0003s ]
SQL: SELECT * FROM `c_nav_goods` WHERE `nav_id` = '3987ef3612d64561c1f845afa974604e'  [ RunTime:0.0004s ]
SQL: SELECT * FROM `c_goods` WHERE `is_up` = 1 AND `goods_id` = 14 LIMIT 1   [ RunTime:0.0004s ]
SQL: SELECT * FROM `c_goods_img` WHERE `goods_id` = '14' ORDER BY slot asc  [ RunTime:0.0004s ]
SQL: SELECT * FROM `c_sku` WHERE `goods_id` = '14'  [ RunTime:0.0004s ]
SQL: SELECT * FROM `c_sku_tree` WHERE `goods_id` = '14'  [ RunTime:0.0004s ]
SQL: SELECT * FROM `c_sku_tree_v` WHERE `goods_id` = '14' AND `sku_tree_id` = '6a2dec46aa8c6d3d23039e8b31b6828d'  [ RunTime:0.0005s ]
SQL: SELECT * FROM `c_freight` WHERE `freight_id` = '01a28972a8f19919569e4d52108a2f1b' LIMIT 1   [ RunTime:0.0005s ]
SQL: SELECT * FROM `c_freight_area` WHERE `freight_id` = '01a28972a8f19919569e4d52108a2f1b'  [ RunTime:0.0005s ]
SQL: SELECT * FROM `c_collection` WHERE `goods_id` = '14' AND `user_id` = '13914896237' LIMIT 1   [ RunTime:0.0005s ]
SQL: SELECT * FROM `c_goods` WHERE `is_up` = 1 AND `goods_id` = 13 LIMIT 1   [ RunTime:0.0005s ]
SQL: SELECT * FROM `c_goods_img` WHERE `goods_id` = '13' ORDER BY slot asc  [ RunTime:0.0008s ]
SQL: SELECT * FROM `c_sku` WHERE `goods_id` = '13'  [ RunTime:0.0011s ]
SQL: SELECT * FROM `c_sku_tree` WHERE `goods_id` = '13'  [ RunTime:0.0004s ]
SQL: SELECT * FROM `c_sku_tree_v` WHERE `goods_id` = '13' AND `sku_tree_id` = 'c6fba4cd45ca1e91a129e5491b9bd91c'  [ RunTime:0.0004s ]
SQL: SELECT * FROM `c_sku_tree_v` WHERE `goods_id` = '13' AND `sku_tree_id` = '56322df9d9ceb73a787c3dac8b54cd8a'  [ RunTime:0.0004s ]
SQL: SELECT * FROM `c_sku_tree_v` WHERE `goods_id` = '13' AND `sku_tree_id` = '9b9677b08e024ae617a24924ffbd2aea'  [ RunTime:0.0003s ]
SQL: SELECT * FROM `c_freight` WHERE `freight_id` = 'db55c0dabf8ed8548467ff77063014f5' LIMIT 1   [ RunTime:0.0002s ]
SQL: SELECT * FROM `c_freight_area` WHERE `freight_id` = 'db55c0dabf8ed8548467ff77063014f5'  [ RunTime:0.0003s ]
SQL: SELECT * FROM `c_collection` WHERE `goods_id` = '13' AND `user_id` = '13914896237' LIMIT 1   [ RunTime:0.0003s ]
SQL: SELECT * FROM `c_goods` WHERE `is_up` = 1 AND `goods_id` = 15 LIMIT 1   [ RunTime:0.0003s ]
SQL: SELECT * FROM `c_goods_img` WHERE `goods_id` = '15' ORDER BY slot asc  [ RunTime:0.0003s ]
SQL: SELECT * FROM `c_sku` WHERE `goods_id` = '15'  [ RunTime:0.0004s ]
SQL: SELECT * FROM `c_sku_tree` WHERE `goods_id` = '15'  [ RunTime:0.0004s ]
SQL: SELECT * FROM `c_sku_tree_v` WHERE `goods_id` = '15' AND `sku_tree_id` = 'c2bd1ba6ae3cacd1c4af4fb750a3119d'  [ RunTime:0.0003s ]
SQL: SELECT * FROM `c_sku_tree_v` WHERE `goods_id` = '15' AND `sku_tree_id` = 'e9ccb2c92c1124187411fdd75b078fb2'  [ RunTime:0.0004s ]
SQL: SELECT * FROM `c_freight` WHERE `freight_id` = '' LIMIT 1   [ RunTime:0.0003s ]
SQL: SELECT * FROM `c_freight_area` WHERE `freight_id` = null  [ RunTime:0.0004s ]
SQL: SELECT * FROM `c_collection` WHERE `goods_id` = '15' AND `user_id` = '13914896237' LIMIT 1   [ RunTime:0.0003s ]
SQL: SELECT * FROM `c_goods` WHERE `is_up` = 1 AND `goods_id` = 12 LIMIT 1   [ RunTime:0.0003s ]
SQL: SELECT * FROM `c_goods_img` WHERE `goods_id` = '12' ORDER BY slot asc  [ RunTime:0.0003s ]
SQL: SELECT * FROM `c_sku` WHERE `goods_id` = '12'  [ RunTime:0.0004s ]
SQL: SELECT * FROM `c_sku_tree` WHERE `goods_id` = '12'  [ RunTime:0.0003s ]
SQL: SELECT * FROM `c_sku_tree_v` WHERE `goods_id` = '12' AND `sku_tree_id` = '2c427e6f2d1cf324a1edc7bfff6fce14'  [ RunTime:0.0003s ]
SQL: SELECT * FROM `c_sku_tree_v` WHERE `goods_id` = '12' AND `sku_tree_id` = 'a339cc5da9db6b4b521ea025d8ace2a0'  [ RunTime:0.0004s ]
SQL: SELECT * FROM `c_freight` WHERE `freight_id` = '01a28972a8f19919569e4d52108a2f1b' LIMIT 1   [ RunTime:0.0004s ]
SQL: SELECT * FROM `c_freight_area` WHERE `freight_id` = '01a28972a8f19919569e4d52108a2f1b'  [ RunTime:0.0005s ]
SQL: SELECT * FROM `c_collection` WHERE `goods_id` = '12' AND `user_id` = '13914896237' LIMIT 1   [ RunTime:0.0006s ]
INFO: [ app_end ] --START--
INFO: Run Behavior\ShowPageTraceBehavior [ RunTime:0.001235s ]
INFO: [ app_end ] --END-- [ RunTime:0.001324s ]

