[ 2018-05-09T09:43:18+08:00 ] 192.168.1.251 /index.php/Admin/admin/getUserInfo?token=38611d87779154d89db38850da976209&admin_id=root
INFO: [ app_init ] --START--
INFO: Run Behavior\BuildLiteBehavior [ RunTime:0.000012s ]
INFO: [ app_init ] --END-- [ RunTime:0.000428s ]
INFO: [ app_begin ] --START--
INFO: Run Behavior\ReadHtmlCacheBehavior [ RunTime:0.000630s ]
INFO: [ app_begin ] --END-- [ RunTime:0.000685s ]
NOTIC: [2048] Declaration of Admin\Controller\AdminController::get() should be compatible with Think\Controller::get($name = '') D:\database\Project\working\company\cosmetics\server\app\Admin\Controller\AdminController.class.php 第 19 行.
SQL: SHOW COLUMNS FROM `c_token` [ RunTime:0.9608s ]
SQL: SELECT * FROM `c_token` WHERE `login_id` = 'root' AND `token` = '38611d87779154d89db38850da976209' LIMIT 1   [ RunTime:0.5716s ]
SQL: DELETE FROM `c_token` WHERE `login_id` = 'root' [ RunTime:0.1881s ]
SQL: SHOW COLUMNS FROM `c_admin` [ RunTime:0.2664s ]
SQL: SELECT `admin_id`,`power_group_id`,`admin_name`,`admin_head_img`,`add_time`,`edit_time` FROM `c_admin` WHERE `admin_id` = null LIMIT 1   [ RunTime:0.0003s ]
SQL: SHOW COLUMNS FROM `c_power_group_props` [ RunTime:0.0776s ]
SQL: SHOW COLUMNS FROM `c_power_group` [ RunTime:0.0477s ]
SQL: SELECT * FROM `c_power_group` WHERE `power_group_id` = null LIMIT 1   [ RunTime:0.0002s ]
INFO: [ app_end ] --START--
INFO: Run Behavior\ShowPageTraceBehavior [ RunTime:0.000682s ]
INFO: [ app_end ] --END-- [ RunTime:0.000718s ]

[ 2018-05-09T09:43:19+08:00 ] 192.168.1.251 /index.php/Admin/Info/getIndex?token=38611d87779154d89db38850da976209&admin_id=root
INFO: [ app_init ] --START--
INFO: Run Behavior\BuildLiteBehavior [ RunTime:0.000022s ]
INFO: [ app_init ] --END-- [ RunTime:0.000674s ]
INFO: [ app_begin ] --START--
INFO: Run Behavior\ReadHtmlCacheBehavior [ RunTime:0.000953s ]
INFO: [ app_begin ] --END-- [ RunTime:0.001055s ]
SQL: SHOW COLUMNS FROM `c_token` [ RunTime:0.0009s ]
SQL: SELECT * FROM `c_token` WHERE `login_id` = 'root' AND `token` = '38611d87779154d89db38850da976209' LIMIT 1   [ RunTime:0.0003s ]
SQL: SHOW COLUMNS FROM `c_order` [ RunTime:0.1749s ]
SQL: SELECT COUNT(*) AS tp_count FROM `c_order` WHERE `state` = 2 LIMIT 1   [ RunTime:0.6280s ]
SQL: SELECT COUNT(*) AS tp_count FROM `c_order` WHERE `state` = 5 LIMIT 1   [ RunTime:0.0003s ]
SQL: SELECT COUNT(*) AS tp_count FROM `c_order` WHERE ( `add_time` >= 1525708800 AND `add_time` < 1525795200  ) LIMIT 1   [ RunTime:0.0004s ]
SQL: SELECT * FROM `c_order` WHERE ( `add_time` >= 1525708800 AND `add_time` < 1525795200  ) AND `state` > 1  [ RunTime:0.0003s ]
INFO: [ app_end ] --START--
INFO: Run Behavior\ShowPageTraceBehavior [ RunTime:0.000665s ]
INFO: [ app_end ] --END-- [ RunTime:0.000700s ]

[ 2018-05-09T09:43:19+08:00 ] 192.168.1.251 /index.php/Admin/index/isLogin?token=38611d87779154d89db38850da976209&admin_id=root
INFO: [ app_init ] --START--
INFO: Run Behavior\BuildLiteBehavior [ RunTime:0.000019s ]
INFO: [ app_init ] --END-- [ RunTime:0.000580s ]
INFO: [ app_begin ] --START--
INFO: Run Behavior\ReadHtmlCacheBehavior [ RunTime:0.000546s ]
INFO: [ app_begin ] --END-- [ RunTime:0.000599s ]
SQL: SHOW COLUMNS FROM `c_token` [ RunTime:0.0010s ]
SQL: SELECT * FROM `c_token` WHERE `login_id` = 'root' AND `token` = '38611d87779154d89db38850da976209' LIMIT 1   [ RunTime:0.0003s ]
INFO: [ app_end ] --START--
INFO: Run Behavior\ShowPageTraceBehavior [ RunTime:0.000762s ]
INFO: [ app_end ] --END-- [ RunTime:0.000797s ]

[ 2018-05-09T09:43:22+08:00 ] 192.168.1.251 /index.php/Admin/index/getCode/0.6993543782955947
INFO: [ app_init ] --START--
INFO: Run Behavior\BuildLiteBehavior [ RunTime:0.000014s ]
INFO: [ app_init ] --END-- [ RunTime:0.000544s ]
INFO: [ app_begin ] --START--
INFO: Run Behavior\ReadHtmlCacheBehavior [ RunTime:0.000665s ]
INFO: [ app_begin ] --END-- [ RunTime:0.000749s ]
NOTIC: [2] Missing argument 1 for getCode(), called in D:\database\Project\working\company\cosmetics\server\app\Admin\Controller\IndexController.class.php on line 92 and defined D:\database\Project\working\company\cosmetics\server\app\Common\Common\function.php 第 98 行.
NOTIC: [8] Undefined variable: cfg D:\database\Project\working\company\cosmetics\server\app\Common\Common\function.php 第 100 行.
INFO: [ app_end ] --START--
INFO: Run Behavior\ShowPageTraceBehavior [ RunTime:0.000825s ]
INFO: [ app_end ] --END-- [ RunTime:0.000899s ]

[ 2018-05-09T09:43:28+08:00 ] 192.168.1.251 /index.php/Admin/index/login
INFO: [ app_init ] --START--
INFO: Run Behavior\BuildLiteBehavior [ RunTime:0.000013s ]
INFO: [ app_init ] --END-- [ RunTime:0.000394s ]
INFO: [ app_begin ] --START--
INFO: Run Behavior\ReadHtmlCacheBehavior [ RunTime:0.000577s ]
INFO: [ app_begin ] --END-- [ RunTime:0.000680s ]
SQL: SHOW COLUMNS FROM `c_admin` [ RunTime:0.0012s ]
SQL: SELECT * FROM `c_admin` WHERE `admin_id` = 'root' LIMIT 1   [ RunTime:0.0170s ]
SQL: SHOW COLUMNS FROM `c_token` [ RunTime:0.0010s ]
SQL: REPLACE INTO `c_token` (`token`,`login_id`,`edit_time`) VALUES ('ce170b34d5165ff5947d3fca97525d20','root','1525830208') [ RunTime:0.2975s ]
INFO: [ app_end ] --START--
INFO: Run Behavior\ShowPageTraceBehavior [ RunTime:0.000927s ]
INFO: [ app_end ] --END-- [ RunTime:0.000974s ]

[ 2018-05-09T09:43:28+08:00 ] 192.168.1.251 /index.php/Admin/admin/getUserInfo?token=ce170b34d5165ff5947d3fca97525d20&admin_id=root
INFO: [ app_init ] --START--
INFO: Run Behavior\BuildLiteBehavior [ RunTime:0.000013s ]
INFO: [ app_init ] --END-- [ RunTime:0.000367s ]
INFO: [ app_begin ] --START--
INFO: Run Behavior\ReadHtmlCacheBehavior [ RunTime:0.000583s ]
INFO: [ app_begin ] --END-- [ RunTime:0.000633s ]
NOTIC: [2048] Declaration of Admin\Controller\AdminController::get() should be compatible with Think\Controller::get($name = '') D:\database\Project\working\company\cosmetics\server\app\Admin\Controller\AdminController.class.php 第 19 行.
SQL: SHOW COLUMNS FROM `c_token` [ RunTime:0.0010s ]
SQL: SELECT * FROM `c_token` WHERE `login_id` = 'root' AND `token` = 'ce170b34d5165ff5947d3fca97525d20' LIMIT 1   [ RunTime:0.0003s ]
SQL: SHOW COLUMNS FROM `c_admin` [ RunTime:0.0009s ]
SQL: SELECT * FROM `c_admin` WHERE `admin_id` = 'root' LIMIT 1   [ RunTime:0.0003s ]
SQL: SHOW COLUMNS FROM `c_admin` [ RunTime:0.0006s ]
SQL: SELECT `admin_id`,`power_group_id`,`admin_name`,`admin_head_img`,`add_time`,`edit_time` FROM `c_admin` WHERE `admin_id` = 'root' LIMIT 1   [ RunTime:0.0003s ]
SQL: SHOW COLUMNS FROM `c_power_group_props` [ RunTime:0.0010s ]
SQL: SHOW COLUMNS FROM `c_power_group` [ RunTime:0.0009s ]
SQL: SELECT * FROM `c_power_group` WHERE `power_group_id` = 'f97dc4bd8893887f62e1b7549a1331bd' LIMIT 1   [ RunTime:0.0003s ]
SQL: SHOW COLUMNS FROM `c_power_num` [ RunTime:0.1045s ]
SQL: SELECT * FROM `c_power_group_props` WHERE `power_group_id` = 'f97dc4bd8893887f62e1b7549a1331bd' ORDER BY add_time desc  [ RunTime:0.1422s ]
SQL: SELECT * FROM `c_power_num` WHERE `power_num_id` = '2ad71de80033e0472311b03aa7dab201' LIMIT 1   [ RunTime:0.0328s ]
SQL: SELECT * FROM `c_power_num` WHERE `power_num_id` = '8a66da4949af2b87a72b00c8ce49c5c3' LIMIT 1   [ RunTime:0.0003s ]
SQL: SELECT * FROM `c_power_num` WHERE `power_num_id` = '85046421288e5207617257ca05ed36d8' LIMIT 1   [ RunTime:0.0003s ]
SQL: SELECT * FROM `c_power_num` WHERE `power_num_id` = 'd0cc96407ab811ed33c620f149619de5' LIMIT 1   [ RunTime:0.0002s ]
SQL: SELECT * FROM `c_power_num` WHERE `power_num_id` = 'ddd87ff915e96776e35de89a66ef17b5' LIMIT 1   [ RunTime:0.0003s ]
SQL: SELECT * FROM `c_power_num` WHERE `power_num_id` = '0f9342803d4279e6f1e3594185c577b1' LIMIT 1   [ RunTime:0.0002s ]
SQL: SELECT * FROM `c_power_num` WHERE `power_num_id` = '9ce9d75a5c948d330c16f96905e3aff5' LIMIT 1   [ RunTime:0.0002s ]
SQL: SELECT * FROM `c_power_num` WHERE `power_num_id` = '5f9dc0662a3663384b1eb69c343aed13' LIMIT 1   [ RunTime:0.0003s ]
SQL: SELECT * FROM `c_power_num` WHERE `power_num_id` = 'c87169f20ab8969c9e92129d80d1d98e' LIMIT 1   [ RunTime:0.0002s ]
SQL: SELECT * FROM `c_power_num` WHERE `power_num_id` = 'ec93ffddc37e98e82188654e60fc9934' LIMIT 1   [ RunTime:0.0002s ]
SQL: SELECT * FROM `c_power_num` WHERE `power_num_id` = '75456a4bdfe662413f37d9bf95f9fb2a' LIMIT 1   [ RunTime:0.0002s ]
SQL: SELECT * FROM `c_power_num` WHERE `power_num_id` = '374f70bb5a46656e0a652e75a4907bc5' LIMIT 1   [ RunTime:0.0002s ]
SQL: SELECT * FROM `c_power_num` WHERE `power_num_id` = 'c81ea6af607ffa3a70ffbf112fdbb8d9' LIMIT 1   [ RunTime:0.0332s ]
SQL: SELECT * FROM `c_power_num` WHERE `power_num_id` = '0b01d8972d85e299e045f48e6c25d5da' LIMIT 1   [ RunTime:0.0003s ]
SQL: SELECT * FROM `c_power_num` WHERE `power_num_id` = 'a5d410e770d30de0c5bd8c51a563f47c' LIMIT 1   [ RunTime:0.0003s ]
SQL: SELECT * FROM `c_power_num` WHERE `power_num_id` = '664c61ba66c37fca72d2e8d22c442d82' LIMIT 1   [ RunTime:0.0003s ]
SQL: SELECT * FROM `c_power_num` WHERE `power_num_id` = '8a9be8f204a9cd698d3aef895a3078a0' LIMIT 1   [ RunTime:0.0003s ]
SQL: SELECT * FROM `c_power_num` WHERE `power_num_id` = 'f8d218b4aee0e14b3209fc8c8d5ea27c' LIMIT 1   [ RunTime:0.0003s ]
SQL: SELECT * FROM `c_power_num` WHERE `power_num_id` = '8de26f305b7f56b8489f4e4611b902d4' LIMIT 1   [ RunTime:0.0002s ]
SQL: SELECT * FROM `c_power_num` WHERE `power_num_id` = '92e7735857ea7cb57c6420c6c81340ed' LIMIT 1   [ RunTime:0.0002s ]
SQL: SELECT * FROM `c_power_num` WHERE `power_num_id` = '32d2288f691c8c9cbb60ae736cdf78d3' LIMIT 1   [ RunTime:0.0002s ]
SQL: SELECT * FROM `c_power_num` WHERE `power_num_id` = 'c2f6db29d17588b5a82310c9f182e7c5' LIMIT 1   [ RunTime:0.0002s ]
SQL: SELECT * FROM `c_power_num` WHERE `power_num_id` = 'e45da34641594c07d14608d8ce8a03f3' LIMIT 1   [ RunTime:0.0002s ]
SQL: SELECT * FROM `c_power_num` WHERE `power_num_id` = '495644099c22e872420da3c2337c4533' LIMIT 1   [ RunTime:0.0002s ]
SQL: SELECT * FROM `c_power_num` WHERE `power_num_id` = '0d01a63d80d81e98b14af0f84429e2b7' LIMIT 1   [ RunTime:0.0002s ]
SQL: SELECT * FROM `c_power_num` WHERE `power_num_id` = 'e3b247089be4a6393ae088a6213c8a27' LIMIT 1   [ RunTime:0.0002s ]
SQL: SELECT * FROM `c_power_num` WHERE `power_num_id` = 'c9463483a2a318edc8148311096aa8ff' LIMIT 1   [ RunTime:0.0002s ]
SQL: SELECT * FROM `c_power_num` WHERE `power_num_id` = 'f0cbef0f10efadee265c9608e808325d' LIMIT 1   [ RunTime:0.0003s ]
SQL: SELECT * FROM `c_power_num` WHERE `power_num_id` = '61bfcd4122dea42054adb2adffb6c0f4' LIMIT 1   [ RunTime:0.0002s ]
SQL: SELECT * FROM `c_power_num` WHERE `power_num_id` = 'cd25e076b10e30586c9ac799c28431bf' LIMIT 1   [ RunTime:0.0003s ]
SQL: SELECT * FROM `c_power_num` WHERE `power_num_id` = '8014184719f547dfdc0f6e655ecde13e' LIMIT 1   [ RunTime:0.0003s ]
SQL: SELECT * FROM `c_power_num` WHERE `power_num_id` = 'a2d469c802843f47595e0af0bbf33f73' LIMIT 1   [ RunTime:0.0002s ]
SQL: SELECT * FROM `c_power_num` WHERE `power_num_id` = '8eedd5d885ac9f4da851b539fc3d7f5e' LIMIT 1   [ RunTime:0.0002s ]
SQL: SELECT * FROM `c_power_num` WHERE `power_num_id` = '46b30a33ce124efd1c7875fe404e8496' LIMIT 1   [ RunTime:0.0003s ]
SQL: SELECT * FROM `c_power_num` WHERE `power_num_id` = '9287fd6eec6c97a3da4f1db723919f86' LIMIT 1   [ RunTime:0.0003s ]
SQL: SELECT * FROM `c_power_num` WHERE `power_num_id` = '13497b4b0d348e55bcee578dfe374e64' LIMIT 1   [ RunTime:0.0003s ]
SQL: SELECT * FROM `c_power_num` WHERE `power_num_id` = '6f123b5a979fdc9902d57ca0ee9c80bb' LIMIT 1   [ RunTime:0.0002s ]
SQL: SELECT * FROM `c_power_num` WHERE `power_num_id` = '9eb8eafb425e5e7a51d067614c70d8f9' LIMIT 1   [ RunTime:0.0002s ]
SQL: SELECT * FROM `c_power_num` WHERE `power_num_id` = '43500f35e6104e3b3e6f4ddc28e8b622' LIMIT 1   [ RunTime:0.0003s ]
SQL: SELECT * FROM `c_power_num` WHERE `power_num_id` = '4d37d295f4fefacaa3e1bff856adc109' LIMIT 1   [ RunTime:0.0002s ]
SQL: SELECT * FROM `c_power_num` WHERE `power_num_id` = '45bab7390b763c43c39f4e12a7ace352' LIMIT 1   [ RunTime:0.0003s ]
SQL: SELECT * FROM `c_power_num` WHERE `power_num_id` = '8e781e51064968d784368a2c9a4a7700' LIMIT 1   [ RunTime:0.0002s ]
SQL: SELECT * FROM `c_power_num` WHERE `power_num_id` = 'efe4e8c4deb583878fef3830cdd1bbc8' LIMIT 1   [ RunTime:0.0002s ]
SQL: SELECT * FROM `c_power_num` WHERE `power_num_id` = '1582c865d71551b26077195fcab9dce8' LIMIT 1   [ RunTime:0.0002s ]
SQL: SELECT * FROM `c_power_num` WHERE `power_num_id` = '75587ae95a91fc9fbf8851d0c622cb8e' LIMIT 1   [ RunTime:0.0002s ]
SQL: SELECT * FROM `c_power_num` WHERE `power_num_id` = 'b3151e8ad291389a42aea52ab5318b8f' LIMIT 1   [ RunTime:0.0002s ]
SQL: SELECT * FROM `c_power_num` WHERE `power_num_id` = '9713d756605f6097092ca8bfb0aec98e' LIMIT 1   [ RunTime:0.0002s ]
SQL: SELECT * FROM `c_power_num` WHERE `power_num_id` = '9e13153e26929d9a8cbba3190bac732f' LIMIT 1   [ RunTime:0.0002s ]
SQL: SELECT * FROM `c_power_num` WHERE `power_num_id` = '02ea22ecd1d9fe887eca48f53719f6b6' LIMIT 1   [ RunTime:0.0002s ]
SQL: SELECT * FROM `c_power_num` WHERE `power_num_id` = '4a09133f8ff9c67323409b33d87455fd' LIMIT 1   [ RunTime:0.0002s ]
SQL: SELECT * FROM `c_power_num` WHERE `power_num_id` = 'a846894205b11c3f1f0ddf7d09eca108' LIMIT 1   [ RunTime:0.0002s ]
SQL: SELECT * FROM `c_power_num` WHERE `power_num_id` = 'f474b504b240977d9f3ebbee59965df9' LIMIT 1   [ RunTime:0.0002s ]
SQL: SELECT * FROM `c_power_num` WHERE `power_num_id` = '5b33fb630bc408fd6acddf2c0fcd7470' LIMIT 1   [ RunTime:0.0002s ]
SQL: SELECT * FROM `c_power_num` WHERE `power_num_id` = '3d390cca2a4ed6d13c48f2a7b3df30e2' LIMIT 1   [ RunTime:0.0002s ]
SQL: SELECT * FROM `c_power_num` WHERE `power_num_id` = 'fd6cac1aad3e23010c7b825e51f05e77' LIMIT 1   [ RunTime:0.0002s ]
SQL: SELECT * FROM `c_power_num` WHERE `power_num_id` = '85651f128a9573b99c5a1db034ebcae1' LIMIT 1   [ RunTime:0.0002s ]
SQL: SELECT * FROM `c_power_num` WHERE `power_num_id` = '1d4c653bc3af8ca57df4cf6a819d650f' LIMIT 1   [ RunTime:0.0002s ]
SQL: SELECT * FROM `c_power_num` WHERE `power_num_id` = '434b07fdac4af10388b343370f6dcc15' LIMIT 1   [ RunTime:0.0002s ]
SQL: SELECT * FROM `c_power_num` WHERE `power_num_id` = '19c29f13b7eba48f5c224d7c77b4b1a8' LIMIT 1   [ RunTime:0.0002s ]
SQL: SELECT * FROM `c_power_num` WHERE `power_num_id` = 'db5643d05fe02c96d86a5604ca5554c2' LIMIT 1   [ RunTime:0.0002s ]
SQL: SELECT * FROM `c_power_num` WHERE `power_num_id` = '498ab511d793b829c56cd2d692128dc3' LIMIT 1   [ RunTime:0.0002s ]
SQL: SELECT * FROM `c_power_num` WHERE `power_num_id` = 'b7dd379280e2db1db4d8a21cd3a7b8f8' LIMIT 1   [ RunTime:0.0002s ]
SQL: SELECT * FROM `c_power_num` WHERE `power_num_id` = 'ba48e819f24624dce301277aea0a6057' LIMIT 1   [ RunTime:0.0002s ]
SQL: SELECT * FROM `c_power_num` WHERE `power_num_id` = 'f2282046dad807ebec63ae265b673e40' LIMIT 1   [ RunTime:0.0003s ]
SQL: SELECT * FROM `c_power_num` WHERE `power_num_id` = '201fc24ee2febdc8ff8f06f96646c498' LIMIT 1   [ RunTime:0.0003s ]
SQL: SELECT * FROM `c_power_num` WHERE `power_num_id` = '53636659007f25e4d9c7e451575be05d' LIMIT 1   [ RunTime:0.0003s ]
SQL: SELECT * FROM `c_power_num` WHERE `power_num_id` = 'd4eecb4134347f7e5f7818d7b6289ef1' LIMIT 1   [ RunTime:0.0002s ]
SQL: SELECT * FROM `c_power_num` WHERE `power_num_id` = '802a94abb0062b3961068ffff76d7137' LIMIT 1   [ RunTime:0.0002s ]
SQL: SELECT * FROM `c_power_num` WHERE `power_num_id` = '89ca3ea02a3063cf4feb351c81918125' LIMIT 1   [ RunTime:0.0002s ]
SQL: SELECT * FROM `c_power_num` WHERE `power_num_id` = 'b53502bcd8431e735c66c124656f612c' LIMIT 1   [ RunTime:0.0003s ]
SQL: SELECT * FROM `c_power_num` WHERE `power_num_id` = '1c129ba203325fa27fbc1a1c261195cb' LIMIT 1   [ RunTime:0.0003s ]
SQL: SELECT * FROM `c_power_num` WHERE `power_num_id` = 'c86d0c1f5986c72e426fd02159240dc5' LIMIT 1   [ RunTime:0.0003s ]
SQL: SELECT * FROM `c_power_num` WHERE `power_num_id` = 'e2760c012102ad84771f19058daaa9e6' LIMIT 1   [ RunTime:0.0002s ]
SQL: SELECT * FROM `c_power_num` WHERE `power_num_id` = 'b3cc2399ef007e19967b3067c5d5a548' LIMIT 1   [ RunTime:0.0002s ]
SQL: SELECT * FROM `c_power_num` WHERE `power_num_id` = '3f02f9ecfadbbce6628af6e66aefab8d' LIMIT 1   [ RunTime:0.0002s ]
SQL: SELECT * FROM `c_power_num` WHERE `power_num_id` = '65856f3f4e7b0c74b4b42dabcbc718e9' LIMIT 1   [ RunTime:0.0002s ]
SQL: SELECT * FROM `c_power_num` WHERE `power_num_id` = '28fd33fd3febe411b1d44cfbf643716f' LIMIT 1   [ RunTime:0.0002s ]
SQL: SELECT * FROM `c_power_num` WHERE `power_num_id` = '49f0c1ad3b015079dfcd8a830959d902' LIMIT 1   [ RunTime:0.0002s ]
INFO: [ app_end ] --START--
INFO: Run Behavior\ShowPageTraceBehavior [ RunTime:0.000871s ]
INFO: [ app_end ] --END-- [ RunTime:0.000929s ]

[ 2018-05-09T09:43:29+08:00 ] 192.168.1.251 /index.php/Admin/Info/getIndex?token=ce170b34d5165ff5947d3fca97525d20&admin_id=root
INFO: [ app_init ] --START--
INFO: Run Behavior\BuildLiteBehavior [ RunTime:0.000045s ]
INFO: [ app_init ] --END-- [ RunTime:0.000956s ]
INFO: [ app_begin ] --START--
INFO: Run Behavior\ReadHtmlCacheBehavior [ RunTime:0.000550s ]
INFO: [ app_begin ] --END-- [ RunTime:0.000626s ]
SQL: SHOW COLUMNS FROM `c_token` [ RunTime:0.0015s ]
SQL: SELECT * FROM `c_token` WHERE `login_id` = 'root' AND `token` = 'ce170b34d5165ff5947d3fca97525d20' LIMIT 1   [ RunTime:0.0005s ]
SQL: SHOW COLUMNS FROM `c_admin` [ RunTime:0.0020s ]
SQL: SELECT * FROM `c_admin` WHERE `admin_id` = 'root' LIMIT 1   [ RunTime:0.0007s ]
SQL: SHOW COLUMNS FROM `c_order` [ RunTime:0.0012s ]
SQL: SELECT COUNT(*) AS tp_count FROM `c_order` WHERE `state` = 2 LIMIT 1   [ RunTime:0.0003s ]
SQL: SELECT COUNT(*) AS tp_count FROM `c_order` WHERE `state` = 5 LIMIT 1   [ RunTime:0.0003s ]
SQL: SELECT COUNT(*) AS tp_count FROM `c_order` WHERE ( `add_time` >= 1525708800 AND `add_time` < 1525795200  ) LIMIT 1   [ RunTime:0.0003s ]
SQL: SELECT * FROM `c_order` WHERE ( `add_time` >= 1525708800 AND `add_time` < 1525795200  ) AND `state` > 1  [ RunTime:0.0003s ]
INFO: [ app_end ] --START--
INFO: Run Behavior\ShowPageTraceBehavior [ RunTime:0.001201s ]
INFO: [ app_end ] --END-- [ RunTime:0.001282s ]

[ 2018-05-09T11:16:31+08:00 ] 192.168.1.251 /index.php/Admin/order/getList?page=1&limit=10&key=&group=order_id&token=ce170b34d5165ff5947d3fca97525d20&admin_id=root
INFO: [ app_init ] --START--
INFO: Run Behavior\BuildLiteBehavior [ RunTime:0.000012s ]
INFO: [ app_init ] --END-- [ RunTime:0.011844s ]
INFO: [ app_begin ] --START--
INFO: Run Behavior\ReadHtmlCacheBehavior [ RunTime:0.143020s ]
INFO: [ app_begin ] --END-- [ RunTime:0.143103s ]
NOTIC: [2048] Declaration of Admin\Controller\OrderController::get() should be compatible with Think\Controller::get($name = '') D:\database\Project\working\company\cosmetics\server\app\Admin\Controller\OrderController.class.php 第 19 行.
SQL: SHOW COLUMNS FROM `c_token` [ RunTime:0.0182s ]
SQL: SELECT * FROM `c_token` WHERE `login_id` = 'root' AND `token` = 'ce170b34d5165ff5947d3fca97525d20' LIMIT 1   [ RunTime:0.0175s ]
SQL: SHOW COLUMNS FROM `c_order` [ RunTime:0.0243s ]
NOTIC: [2] Missing argument 1 for I(), called in D:\database\Project\working\company\cosmetics\server\app\Admin\Controller\OrderController.class.php on line 54 and defined D:\database\Project\working\company\cosmetics\server\ThinkPHP\Common\functions.php 第 271 行.
NOTIC: [8] Undefined variable: name D:\database\Project\working\company\cosmetics\server\ThinkPHP\Common\functions.php 第 273 行.
NOTIC: [8] Undefined variable: name D:\database\Project\working\company\cosmetics\server\ThinkPHP\Common\functions.php 第 278 行.
NOTIC: [8] Undefined variable: name D:\database\Project\working\company\cosmetics\server\ThinkPHP\Common\functions.php 第 339 行.
NOTIC: [8] Undefined index: where D:\database\Project\working\company\cosmetics\server\app\Admin\Controller\OrderController.class.php 第 55 行.
SQL: SHOW COLUMNS FROM `c_snapshot` [ RunTime:0.0199s ]
SQL: SHOW COLUMNS FROM `c_order_address` [ RunTime:0.0169s ]
SQL: SELECT * FROM `c_order` ORDER BY add_time desc LIMIT 0,10   [ RunTime:0.0162s ]
SQL: SELECT COUNT(*) AS tp_count FROM `c_order` LIMIT 1   [ RunTime:0.0212s ]
INFO: [ app_end ] --START--
INFO: Run Behavior\ShowPageTraceBehavior [ RunTime:0.021453s ]
INFO: [ app_end ] --END-- [ RunTime:0.021519s ]

[ 2018-05-09T11:16:31+08:00 ] 192.168.1.251 /index.php/Admin/supplier/getList?token=ce170b34d5165ff5947d3fca97525d20&admin_id=root
INFO: [ app_init ] --START--
INFO: Run Behavior\BuildLiteBehavior [ RunTime:0.000015s ]
INFO: [ app_init ] --END-- [ RunTime:0.011763s ]
INFO: [ app_begin ] --START--
INFO: Run Behavior\ReadHtmlCacheBehavior [ RunTime:0.143022s ]
INFO: [ app_begin ] --END-- [ RunTime:0.143103s ]
NOTIC: [2048] Declaration of Admin\Controller\SupplierController::get() should be compatible with Think\Controller::get($name = '') D:\database\Project\working\company\cosmetics\server\app\Admin\Controller\SupplierController.class.php 第 19 行.
SQL: SHOW COLUMNS FROM `c_token` [ RunTime:0.0160s ]
SQL: SELECT * FROM `c_token` WHERE `login_id` = 'root' AND `token` = 'ce170b34d5165ff5947d3fca97525d20' LIMIT 1   [ RunTime:0.0167s ]
NOTIC: [2048] Declaration of Admin\Model\SupplierModel::create() should be compatible with Think\Model::create($data = '', $type = '') D:\database\Project\working\company\cosmetics\server\app\Admin\Model\SupplierModel.class.php 第 74 行.
SQL: SHOW COLUMNS FROM `c_supplier` [ RunTime:0.0196s ]
NOTIC: [2] Missing argument 1 for I(), called in D:\database\Project\working\company\cosmetics\server\app\Admin\Controller\SupplierController.class.php on line 25 and defined D:\database\Project\working\company\cosmetics\server\ThinkPHP\Common\functions.php 第 271 行.
NOTIC: [8] Undefined variable: name D:\database\Project\working\company\cosmetics\server\ThinkPHP\Common\functions.php 第 273 行.
NOTIC: [8] Undefined variable: name D:\database\Project\working\company\cosmetics\server\ThinkPHP\Common\functions.php 第 278 行.
NOTIC: [8] Undefined variable: name D:\database\Project\working\company\cosmetics\server\ThinkPHP\Common\functions.php 第 339 行.
NOTIC: [8] Undefined index: where D:\database\Project\working\company\cosmetics\server\app\Admin\Controller\SupplierController.class.php 第 26 行.
NOTIC: [8] Undefined index: key D:\database\Project\working\company\cosmetics\server\app\Admin\Controller\SupplierController.class.php 第 27 行.
NOTIC: [8] Undefined index: page D:\database\Project\working\company\cosmetics\server\app\Admin\Model\SupplierModel.class.php 第 10 行.
NOTIC: [8] Undefined index: limit D:\database\Project\working\company\cosmetics\server\app\Admin\Model\SupplierModel.class.php 第 11 行.
SQL: SELECT * FROM `c_supplier` ORDER BY add_time desc LIMIT 0,10   [ RunTime:0.0331s ]
SQL: SELECT COUNT(*) AS tp_count FROM `c_supplier` LIMIT 1   [ RunTime:0.0153s ]
INFO: [ app_end ] --START--
INFO: Run Behavior\ShowPageTraceBehavior [ RunTime:0.001147s ]
INFO: [ app_end ] --END-- [ RunTime:0.001242s ]

[ 2018-05-09T11:16:34+08:00 ] 192.168.1.251 /index.php/Admin/Info/getIndex?token=ce170b34d5165ff5947d3fca97525d20&admin_id=root
INFO: [ app_init ] --START--
INFO: Run Behavior\BuildLiteBehavior [ RunTime:0.000020s ]
INFO: [ app_init ] --END-- [ RunTime:0.000576s ]
INFO: [ app_begin ] --START--
INFO: Run Behavior\ReadHtmlCacheBehavior [ RunTime:0.000754s ]
INFO: [ app_begin ] --END-- [ RunTime:0.000843s ]
SQL: SHOW COLUMNS FROM `c_token` [ RunTime:0.0203s ]
SQL: SELECT * FROM `c_token` WHERE `login_id` = 'root' AND `token` = 'ce170b34d5165ff5947d3fca97525d20' LIMIT 1   [ RunTime:0.0146s ]
SQL: SHOW COLUMNS FROM `c_order` [ RunTime:0.0166s ]
SQL: SELECT COUNT(*) AS tp_count FROM `c_order` WHERE `state` = 2 LIMIT 1   [ RunTime:0.0198s ]
SQL: SELECT COUNT(*) AS tp_count FROM `c_order` WHERE `state` = 5 LIMIT 1   [ RunTime:0.0141s ]
SQL: SELECT COUNT(*) AS tp_count FROM `c_order` WHERE ( `add_time` >= 1525708800 AND `add_time` < 1525795200  ) LIMIT 1   [ RunTime:0.0144s ]
SQL: SELECT * FROM `c_order` WHERE ( `add_time` >= 1525708800 AND `add_time` < 1525795200  ) AND `state` > 1  [ RunTime:0.0175s ]
INFO: [ app_end ] --START--
INFO: Run Behavior\ShowPageTraceBehavior [ RunTime:0.001247s ]
INFO: [ app_end ] --END-- [ RunTime:0.001327s ]

[ 2018-05-09T11:16:36+08:00 ] 192.168.1.251 /index.php/Admin/supplier/getList?token=ce170b34d5165ff5947d3fca97525d20&admin_id=root
INFO: [ app_init ] --START--
INFO: Run Behavior\BuildLiteBehavior [ RunTime:0.000019s ]
INFO: [ app_init ] --END-- [ RunTime:0.000512s ]
INFO: [ app_begin ] --START--
INFO: Run Behavior\ReadHtmlCacheBehavior [ RunTime:0.000707s ]
INFO: [ app_begin ] --END-- [ RunTime:0.000795s ]
NOTIC: [2048] Declaration of Admin\Controller\SupplierController::get() should be compatible with Think\Controller::get($name = '') D:\database\Project\working\company\cosmetics\server\app\Admin\Controller\SupplierController.class.php 第 19 行.
SQL: SHOW COLUMNS FROM `c_token` [ RunTime:0.0161s ]
SQL: SELECT * FROM `c_token` WHERE `login_id` = 'root' AND `token` = 'ce170b34d5165ff5947d3fca97525d20' LIMIT 1   [ RunTime:0.0196s ]
NOTIC: [2048] Declaration of Admin\Model\SupplierModel::create() should be compatible with Think\Model::create($data = '', $type = '') D:\database\Project\working\company\cosmetics\server\app\Admin\Model\SupplierModel.class.php 第 74 行.
SQL: SHOW COLUMNS FROM `c_supplier` [ RunTime:0.0165s ]
NOTIC: [2] Missing argument 1 for I(), called in D:\database\Project\working\company\cosmetics\server\app\Admin\Controller\SupplierController.class.php on line 25 and defined D:\database\Project\working\company\cosmetics\server\ThinkPHP\Common\functions.php 第 271 行.
NOTIC: [8] Undefined variable: name D:\database\Project\working\company\cosmetics\server\ThinkPHP\Common\functions.php 第 273 行.
NOTIC: [8] Undefined variable: name D:\database\Project\working\company\cosmetics\server\ThinkPHP\Common\functions.php 第 278 行.
NOTIC: [8] Undefined variable: name D:\database\Project\working\company\cosmetics\server\ThinkPHP\Common\functions.php 第 339 行.
NOTIC: [8] Undefined index: where D:\database\Project\working\company\cosmetics\server\app\Admin\Controller\SupplierController.class.php 第 26 行.
NOTIC: [8] Undefined index: key D:\database\Project\working\company\cosmetics\server\app\Admin\Controller\SupplierController.class.php 第 27 行.
NOTIC: [8] Undefined index: page D:\database\Project\working\company\cosmetics\server\app\Admin\Model\SupplierModel.class.php 第 10 行.
NOTIC: [8] Undefined index: limit D:\database\Project\working\company\cosmetics\server\app\Admin\Model\SupplierModel.class.php 第 11 行.
SQL: SELECT * FROM `c_supplier` ORDER BY add_time desc LIMIT 0,10   [ RunTime:0.0321s ]
SQL: SELECT COUNT(*) AS tp_count FROM `c_supplier` LIMIT 1   [ RunTime:0.0154s ]
INFO: [ app_end ] --START--
INFO: Run Behavior\ShowPageTraceBehavior [ RunTime:0.001160s ]
INFO: [ app_end ] --END-- [ RunTime:0.001251s ]

[ 2018-05-09T11:16:37+08:00 ] 192.168.1.251 /index.php/Admin/order/getList?page=1&limit=10&key=&group=order_id&token=ce170b34d5165ff5947d3fca97525d20&admin_id=root
INFO: [ app_init ] --START--
INFO: Run Behavior\BuildLiteBehavior [ RunTime:0.000020s ]
INFO: [ app_init ] --END-- [ RunTime:0.000521s ]
INFO: [ app_begin ] --START--
INFO: Run Behavior\ReadHtmlCacheBehavior [ RunTime:0.000763s ]
INFO: [ app_begin ] --END-- [ RunTime:0.000834s ]
NOTIC: [2048] Declaration of Admin\Controller\OrderController::get() should be compatible with Think\Controller::get($name = '') D:\database\Project\working\company\cosmetics\server\app\Admin\Controller\OrderController.class.php 第 19 行.
SQL: SHOW COLUMNS FROM `c_token` [ RunTime:0.0168s ]
SQL: SELECT * FROM `c_token` WHERE `login_id` = 'root' AND `token` = 'ce170b34d5165ff5947d3fca97525d20' LIMIT 1   [ RunTime:0.0156s ]
SQL: SHOW COLUMNS FROM `c_order` [ RunTime:0.0152s ]
NOTIC: [2] Missing argument 1 for I(), called in D:\database\Project\working\company\cosmetics\server\app\Admin\Controller\OrderController.class.php on line 54 and defined D:\database\Project\working\company\cosmetics\server\ThinkPHP\Common\functions.php 第 271 行.
NOTIC: [8] Undefined variable: name D:\database\Project\working\company\cosmetics\server\ThinkPHP\Common\functions.php 第 273 行.
NOTIC: [8] Undefined variable: name D:\database\Project\working\company\cosmetics\server\ThinkPHP\Common\functions.php 第 278 行.
NOTIC: [8] Undefined variable: name D:\database\Project\working\company\cosmetics\server\ThinkPHP\Common\functions.php 第 339 行.
NOTIC: [8] Undefined index: where D:\database\Project\working\company\cosmetics\server\app\Admin\Controller\OrderController.class.php 第 55 行.
SQL: SHOW COLUMNS FROM `c_snapshot` [ RunTime:0.0166s ]
SQL: SHOW COLUMNS FROM `c_order_address` [ RunTime:0.0165s ]
SQL: SELECT * FROM `c_order` ORDER BY add_time desc LIMIT 0,10   [ RunTime:0.0166s ]
SQL: SELECT COUNT(*) AS tp_count FROM `c_order` LIMIT 1   [ RunTime:0.0186s ]
INFO: [ app_end ] --START--
INFO: Run Behavior\ShowPageTraceBehavior [ RunTime:0.001073s ]
INFO: [ app_end ] --END-- [ RunTime:0.001143s ]

[ 2018-05-09T11:16:37+08:00 ] 192.168.1.251 /index.php/Admin/Info/getIndex?token=ce170b34d5165ff5947d3fca97525d20&admin_id=root
INFO: [ app_init ] --START--
INFO: Run Behavior\BuildLiteBehavior [ RunTime:0.000051s ]
INFO: [ app_init ] --END-- [ RunTime:0.001310s ]
INFO: [ app_begin ] --START--
INFO: Run Behavior\ReadHtmlCacheBehavior [ RunTime:0.000819s ]
INFO: [ app_begin ] --END-- [ RunTime:0.000925s ]
SQL: SHOW COLUMNS FROM `c_token` [ RunTime:0.0149s ]
SQL: SELECT * FROM `c_token` WHERE `login_id` = 'root' AND `token` = 'ce170b34d5165ff5947d3fca97525d20' LIMIT 1   [ RunTime:0.0146s ]
SQL: SHOW COLUMNS FROM `c_order` [ RunTime:0.0156s ]
SQL: SELECT COUNT(*) AS tp_count FROM `c_order` WHERE `state` = 2 LIMIT 1   [ RunTime:0.0147s ]
SQL: SELECT COUNT(*) AS tp_count FROM `c_order` WHERE `state` = 5 LIMIT 1   [ RunTime:0.0150s ]
SQL: SELECT COUNT(*) AS tp_count FROM `c_order` WHERE ( `add_time` >= 1525708800 AND `add_time` < 1525795200  ) LIMIT 1   [ RunTime:0.0152s ]
SQL: SELECT * FROM `c_order` WHERE ( `add_time` >= 1525708800 AND `add_time` < 1525795200  ) AND `state` > 1  [ RunTime:0.0180s ]
INFO: [ app_end ] --START--
INFO: Run Behavior\ShowPageTraceBehavior [ RunTime:0.000953s ]
INFO: [ app_end ] --END-- [ RunTime:0.000998s ]

