[ 2018-05-22T07:50:28+08:00 ] 192.168.1.251 /index.php/Admin/admin/getUserInfo?token=900e21e4797266192616bc7e38e6fb7b&admin_id=root
INFO: [ app_init ] --START--
INFO: Run Behavior\BuildLiteBehavior [ RunTime:0.000013s ]
INFO: [ app_init ] --END-- [ RunTime:0.000337s ]
INFO: [ app_begin ] --START--
INFO: Run Behavior\ReadHtmlCacheBehavior [ RunTime:0.000627s ]
INFO: [ app_begin ] --END-- [ RunTime:0.000672s ]
NOTIC: [2048] Declaration of Admin\Controller\AdminController::get() should be compatible with Think\Controller::get($name = '') D:\database\Project\working\followenjoy\api\app\Admin\Controller\AdminController.class.php 第 19 行.
SQL: SHOW COLUMNS FROM `c_token` [ RunTime:0.0138s ]
SQL: SELECT * FROM `c_token` WHERE `login_id` = 'root' AND `token` = '900e21e4797266192616bc7e38e6fb7b' LIMIT 1   [ RunTime:0.0143s ]
SQL: SHOW COLUMNS FROM `c_admin` [ RunTime:0.0158s ]
SQL: SELECT `admin_id`,`power_group_id`,`admin_name`,`admin_head_img`,`add_time`,`edit_time` FROM `c_admin` WHERE `admin_id` = null LIMIT 1   [ RunTime:0.0134s ]
SQL: SHOW COLUMNS FROM `c_power_group_props` [ RunTime:0.0143s ]
SQL: SHOW COLUMNS FROM `c_power_group` [ RunTime:0.0147s ]
SQL: SELECT * FROM `c_power_group` WHERE `power_group_id` = null LIMIT 1   [ RunTime:0.0140s ]
INFO: [ app_end ] --START--
INFO: Run Behavior\ShowPageTraceBehavior [ RunTime:0.000787s ]
INFO: [ app_end ] --END-- [ RunTime:0.000821s ]

[ 2018-05-22T07:50:28+08:00 ] 192.168.1.251 /index.php/Admin/index/isLogin?token=900e21e4797266192616bc7e38e6fb7b&admin_id=root
INFO: [ app_init ] --START--
INFO: Run Behavior\BuildLiteBehavior [ RunTime:0.000022s ]
INFO: [ app_init ] --END-- [ RunTime:0.000625s ]
INFO: [ app_begin ] --START--
INFO: Run Behavior\ReadHtmlCacheBehavior [ RunTime:0.000748s ]
INFO: [ app_begin ] --END-- [ RunTime:0.000815s ]
SQL: SHOW COLUMNS FROM `c_token` [ RunTime:0.0161s ]
SQL: SELECT * FROM `c_token` WHERE `login_id` = 'root' AND `token` = '900e21e4797266192616bc7e38e6fb7b' LIMIT 1   [ RunTime:0.0144s ]
INFO: [ app_end ] --START--
INFO: Run Behavior\ShowPageTraceBehavior [ RunTime:0.000891s ]
INFO: [ app_end ] --END-- [ RunTime:0.000967s ]

[ 2018-05-22T07:50:29+08:00 ] 192.168.1.251 /index.php/Admin/index/getCode/0.2226484455667579
INFO: [ app_init ] --START--
INFO: Run Behavior\BuildLiteBehavior [ RunTime:0.000014s ]
INFO: [ app_init ] --END-- [ RunTime:0.000444s ]
INFO: [ app_begin ] --START--
INFO: Run Behavior\ReadHtmlCacheBehavior [ RunTime:0.000516s ]
INFO: [ app_begin ] --END-- [ RunTime:0.000585s ]
NOTIC: [2] Missing argument 1 for getCode(), called in D:\database\Project\working\followenjoy\api\app\Admin\Controller\IndexController.class.php on line 92 and defined D:\database\Project\working\followenjoy\api\app\Common\Common\function.php 第 98 行.
NOTIC: [8] Undefined variable: cfg D:\database\Project\working\followenjoy\api\app\Common\Common\function.php 第 100 行.
INFO: [ app_end ] --START--
INFO: Run Behavior\ShowPageTraceBehavior [ RunTime:0.000783s ]
INFO: [ app_end ] --END-- [ RunTime:0.000861s ]

