[ 2018-05-15T12:03:55+08:00 ] 192.168.1.251 /Public/Upload/admin2018-05-10/5af3a578f0bbc.jpg
INFO: [ app_init ] --START--
INFO: Run Behavior\BuildLiteBehavior [ RunTime:0.000012s ]
INFO: [ app_init ] --END-- [ RunTime:0.000248s ]
ERR: 无法加载模块:Public

[ 2018-05-15T12:03:55+08:00 ] 192.168.1.251 /Public/Upload/admin2018-05-07/5af01bb8e7123.jpg
INFO: [ app_init ] --START--
INFO: Run Behavior\BuildLiteBehavior [ RunTime:0.000018s ]
INFO: [ app_init ] --END-- [ RunTime:0.000308s ]
ERR: 无法加载模块:Public

[ 2018-05-15T12:03:55+08:00 ] 192.168.1.251 /Public/Upload/admin2018-05-11/5af507d9cb6e1.jpg
INFO: [ app_init ] --START--
INFO: Run Behavior\BuildLiteBehavior [ RunTime:0.000013s ]
INFO: [ app_init ] --END-- [ RunTime:0.000286s ]
ERR: 无法加载模块:Public

[ 2018-05-15T12:03:58+08:00 ] 192.168.1.251 /favicon.ico
INFO: [ app_init ] --START--
INFO: Run Behavior\BuildLiteBehavior [ RunTime:0.000015s ]
INFO: [ app_init ] --END-- [ RunTime:0.000345s ]
ERR: 无法加载模块:Favicon

[ 2018-05-15T12:20:54+08:00 ] 192.168.1.251 /Public/Upload/admin2018-05-07/5af01bb8e7123.jpg
INFO: [ app_init ] --START--
INFO: Run Behavior\BuildLiteBehavior [ RunTime:0.000020s ]
INFO: [ app_init ] --END-- [ RunTime:0.000394s ]
ERR: 无法加载模块:Public

[ 2018-05-15T12:20:55+08:00 ] 192.168.1.251 /Public/Upload/admin2018-05-10/5af3a578f0bbc.jpg
INFO: [ app_init ] --START--
INFO: Run Behavior\BuildLiteBehavior [ RunTime:0.000018s ]
INFO: [ app_init ] --END-- [ RunTime:0.000370s ]
ERR: 无法加载模块:Public

[ 2018-05-15T12:20:55+08:00 ] 192.168.1.251 /Public/Upload/admin2018-05-11/5af507d9cb6e1.jpg
INFO: [ app_init ] --START--
INFO: Run Behavior\BuildLiteBehavior [ RunTime:0.000022s ]
INFO: [ app_init ] --END-- [ RunTime:0.000490s ]
ERR: 无法加载模块:Public

[ 2018-05-15T12:20:55+08:00 ] 192.168.1.251 /Public/Upload/admin2018-05-11/5af529fe88fae.jpg
INFO: [ app_init ] --START--
INFO: Run Behavior\BuildLiteBehavior [ RunTime:0.000016s ]
INFO: [ app_init ] --END-- [ RunTime:0.000474s ]
ERR: 无法加载模块:Public

[ 2018-05-15T12:21:11+08:00 ] 192.168.1.251 /Public/Upload/admin2018-05-11/5af507d9cb6e1.jpg
INFO: [ app_init ] --START--
INFO: Run Behavior\BuildLiteBehavior [ RunTime:0.000017s ]
INFO: [ app_init ] --END-- [ RunTime:0.000416s ]
ERR: 无法加载模块:Public

[ 2018-05-15T12:21:11+08:00 ] 192.168.1.251 /Public/Upload/admin2018-05-11/5af529fe88fae.jpg
INFO: [ app_init ] --START--
INFO: Run Behavior\BuildLiteBehavior [ RunTime:0.000016s ]
INFO: [ app_init ] --END-- [ RunTime:0.000373s ]
ERR: 无法加载模块:Public

[ 2018-05-15T12:21:11+08:00 ] 192.168.1.251 /Public/Upload/admin2018-05-10/5af3a578f0bbc.jpg
INFO: [ app_init ] --START--
INFO: Run Behavior\BuildLiteBehavior [ RunTime:0.000020s ]
INFO: [ app_init ] --END-- [ RunTime:0.000370s ]
ERR: 无法加载模块:Public

[ 2018-05-15T12:21:11+08:00 ] 192.168.1.251 /Public/Upload/admin2018-05-07/5af01bb8e7123.jpg
INFO: [ app_init ] --START--
INFO: Run Behavior\BuildLiteBehavior [ RunTime:0.000021s ]
INFO: [ app_init ] --END-- [ RunTime:0.000576s ]
ERR: 无法加载模块:Public

[ 2018-05-15T12:21:26+08:00 ] 192.168.1.251 /Public/Upload/admin2018-05-07/5af01bb8e7123.jpg
INFO: [ app_init ] --START--
INFO: Run Behavior\BuildLiteBehavior [ RunTime:0.000021s ]
INFO: [ app_init ] --END-- [ RunTime:0.000459s ]
ERR: 无法加载模块:Public

[ 2018-05-15T12:21:26+08:00 ] 192.168.1.251 /Public/Upload/admin2018-05-10/5af3a578f0bbc.jpg
INFO: [ app_init ] --START--
INFO: Run Behavior\BuildLiteBehavior [ RunTime:0.000017s ]
INFO: [ app_init ] --END-- [ RunTime:0.000435s ]
ERR: 无法加载模块:Public

[ 2018-05-15T12:21:26+08:00 ] 192.168.1.251 /Public/Upload/admin2018-05-11/5af529fe88fae.jpg
INFO: [ app_init ] --START--
INFO: Run Behavior\BuildLiteBehavior [ RunTime:0.000016s ]
INFO: [ app_init ] --END-- [ RunTime:0.000391s ]
ERR: 无法加载模块:Public

[ 2018-05-15T12:21:26+08:00 ] 192.168.1.251 /Public/Upload/admin2018-05-11/5af507d9cb6e1.jpg
INFO: [ app_init ] --START--
INFO: Run Behavior\BuildLiteBehavior [ RunTime:0.000019s ]
INFO: [ app_init ] --END-- [ RunTime:0.000414s ]
ERR: 无法加载模块:Public

[ 2018-05-15T12:21:34+08:00 ] 192.168.1.251 /Public/Upload/admin2018-05-11/5af529fe88fae.jpg
INFO: [ app_init ] --START--
INFO: Run Behavior\BuildLiteBehavior [ RunTime:0.000017s ]
INFO: [ app_init ] --END-- [ RunTime:0.000387s ]
ERR: 无法加载模块:Public

[ 2018-05-15T12:21:34+08:00 ] 192.168.1.251 /Public/Upload/admin2018-05-11/5af507d9cb6e1.jpg
INFO: [ app_init ] --START--
INFO: Run Behavior\BuildLiteBehavior [ RunTime:0.000017s ]
INFO: [ app_init ] --END-- [ RunTime:0.000401s ]
ERR: 无法加载模块:Public

[ 2018-05-15T12:21:34+08:00 ] 192.168.1.251 /Public/Upload/admin2018-05-10/5af3a578f0bbc.jpg
INFO: [ app_init ] --START--
INFO: Run Behavior\BuildLiteBehavior [ RunTime:0.000021s ]
INFO: [ app_init ] --END-- [ RunTime:0.000471s ]
ERR: 无法加载模块:Public

[ 2018-05-15T12:21:34+08:00 ] 192.168.1.251 /Public/Upload/admin2018-05-07/5af01bb8e7123.jpg
INFO: [ app_init ] --START--
INFO: Run Behavior\BuildLiteBehavior [ RunTime:0.000018s ]
INFO: [ app_init ] --END-- [ RunTime:0.000401s ]
ERR: 无法加载模块:Public

[ 2018-05-15T12:21:40+08:00 ] 192.168.1.251 /Public/Upload/admin2018-05-11/5af507d9cb6e1.jpg
INFO: [ app_init ] --START--
INFO: Run Behavior\BuildLiteBehavior [ RunTime:0.000018s ]
INFO: [ app_init ] --END-- [ RunTime:0.000364s ]
ERR: 无法加载模块:Public

[ 2018-05-15T12:21:40+08:00 ] 192.168.1.251 /Public/Upload/admin2018-05-11/5af529fe88fae.jpg
INFO: [ app_init ] --START--
INFO: Run Behavior\BuildLiteBehavior [ RunTime:0.000012s ]
INFO: [ app_init ] --END-- [ RunTime:0.000325s ]
ERR: 无法加载模块:Public

[ 2018-05-15T12:21:54+08:00 ] 192.168.1.251 /Public/Upload/admin2018-05-07/5af01bb8e7123.jpg
INFO: [ app_init ] --START--
INFO: Run Behavior\BuildLiteBehavior [ RunTime:0.000012s ]
INFO: [ app_init ] --END-- [ RunTime:0.000255s ]
ERR: 无法加载模块:Public

[ 2018-05-15T12:21:55+08:00 ] 192.168.1.251 /Public/Upload/admin2018-05-10/5af3a578f0bbc.jpg
INFO: [ app_init ] --START--
INFO: Run Behavior\BuildLiteBehavior [ RunTime:0.000019s ]
INFO: [ app_init ] --END-- [ RunTime:0.000388s ]
ERR: 无法加载模块:Public

[ 2018-05-15T12:21:55+08:00 ] 192.168.1.251 /Public/Upload/admin2018-05-11/5af507d9cb6e1.jpg
INFO: [ app_init ] --START--
INFO: Run Behavior\BuildLiteBehavior [ RunTime:0.000017s ]
INFO: [ app_init ] --END-- [ RunTime:0.000365s ]
ERR: 无法加载模块:Public

[ 2018-05-15T12:21:55+08:00 ] 192.168.1.251 /Public/Upload/admin2018-05-11/5af529fe88fae.jpg
INFO: [ app_init ] --START--
INFO: Run Behavior\BuildLiteBehavior [ RunTime:0.000015s ]
INFO: [ app_init ] --END-- [ RunTime:0.000364s ]
ERR: 无法加载模块:Public

[ 2018-05-15T12:22:05+08:00 ] 192.168.1.251 /Public/Upload/admin2018-05-07/5af01bb8e7123.jpg
INFO: [ app_init ] --START--
INFO: Run Behavior\BuildLiteBehavior [ RunTime:0.000012s ]
INFO: [ app_init ] --END-- [ RunTime:0.000256s ]
ERR: 无法加载模块:Public

[ 2018-05-15T12:22:06+08:00 ] 192.168.1.251 /Public/Upload/admin2018-05-10/5af3a578f0bbc.jpg
INFO: [ app_init ] --START--
INFO: Run Behavior\BuildLiteBehavior [ RunTime:0.000011s ]
INFO: [ app_init ] --END-- [ RunTime:0.000254s ]
ERR: 无法加载模块:Public

[ 2018-05-15T12:22:06+08:00 ] 192.168.1.251 /Public/Upload/admin2018-05-11/5af507d9cb6e1.jpg
INFO: [ app_init ] --START--
INFO: Run Behavior\BuildLiteBehavior [ RunTime:0.000015s ]
INFO: [ app_init ] --END-- [ RunTime:0.000374s ]
ERR: 无法加载模块:Public

[ 2018-05-15T12:22:06+08:00 ] 192.168.1.251 /Public/Upload/admin2018-05-11/5af529fe88fae.jpg
INFO: [ app_init ] --START--
INFO: Run Behavior\BuildLiteBehavior [ RunTime:0.000014s ]
INFO: [ app_init ] --END-- [ RunTime:0.000345s ]
ERR: 无法加载模块:Public

[ 2018-05-15T12:22:09+08:00 ] 192.168.1.251 /Public/Upload/admin2018-05-11/5af507d9cb6e1.jpg
INFO: [ app_init ] --START--
INFO: Run Behavior\BuildLiteBehavior [ RunTime:0.000013s ]
INFO: [ app_init ] --END-- [ RunTime:0.000258s ]
ERR: 无法加载模块:Public

[ 2018-05-15T12:22:09+08:00 ] 192.168.1.251 /Public/Upload/admin2018-05-11/5af529fe88fae.jpg
INFO: [ app_init ] --START--
INFO: Run Behavior\BuildLiteBehavior [ RunTime:0.000019s ]
INFO: [ app_init ] --END-- [ RunTime:0.000411s ]
ERR: 无法加载模块:Public

[ 2018-05-15T12:25:28+08:00 ] 192.168.1.251 /Public/Upload/admin2018-05-07/5af01bb8e7123.jpg
INFO: [ app_init ] --START--
INFO: Run Behavior\BuildLiteBehavior [ RunTime:0.000024s ]
INFO: [ app_init ] --END-- [ RunTime:0.000407s ]
ERR: 无法加载模块:Public

[ 2018-05-15T12:25:29+08:00 ] 192.168.1.251 /Public/Upload/admin2018-05-10/5af3a578f0bbc.jpg
INFO: [ app_init ] --START--
INFO: Run Behavior\BuildLiteBehavior [ RunTime:0.000017s ]
INFO: [ app_init ] --END-- [ RunTime:0.000479s ]
ERR: 无法加载模块:Public

[ 2018-05-15T12:25:29+08:00 ] 192.168.1.251 /Public/Upload/admin2018-05-11/5af507d9cb6e1.jpg
INFO: [ app_init ] --START--
INFO: Run Behavior\BuildLiteBehavior [ RunTime:0.000017s ]
INFO: [ app_init ] --END-- [ RunTime:0.000418s ]
ERR: 无法加载模块:Public

[ 2018-05-15T12:25:29+08:00 ] 192.168.1.251 /Public/Upload/admin2018-05-11/5af529fe88fae.jpg
INFO: [ app_init ] --START--
INFO: Run Behavior\BuildLiteBehavior [ RunTime:0.000013s ]
INFO: [ app_init ] --END-- [ RunTime:0.000306s ]
ERR: 无法加载模块:Public

[ 2018-05-15T12:25:32+08:00 ] 192.168.1.251 /Public/Upload/admin2018-05-11/5af507d9cb6e1.jpg
INFO: [ app_init ] --START--
INFO: Run Behavior\BuildLiteBehavior [ RunTime:0.000020s ]
INFO: [ app_init ] --END-- [ RunTime:0.000365s ]
ERR: 无法加载模块:Public

[ 2018-05-15T12:25:32+08:00 ] 192.168.1.251 /Public/Upload/admin2018-05-11/5af529fe88fae.jpg
INFO: [ app_init ] --START--
INFO: Run Behavior\BuildLiteBehavior [ RunTime:0.000014s ]
INFO: [ app_init ] --END-- [ RunTime:0.000331s ]
ERR: 无法加载模块:Public

[ 2018-05-15T12:25:36+08:00 ] 192.168.1.251 /Public/Upload/admin2018-05-07/5af01bb8e7123.jpg
INFO: [ app_init ] --START--
INFO: Run Behavior\BuildLiteBehavior [ RunTime:0.000022s ]
INFO: [ app_init ] --END-- [ RunTime:0.000408s ]
ERR: 无法加载模块:Public

[ 2018-05-15T12:25:36+08:00 ] 192.168.1.251 /Public/Upload/admin2018-05-11/5af529fe88fae.jpg
INFO: [ app_init ] --START--
INFO: Run Behavior\BuildLiteBehavior [ RunTime:0.000016s ]
INFO: [ app_init ] --END-- [ RunTime:0.000426s ]
ERR: 无法加载模块:Public

[ 2018-05-15T12:25:36+08:00 ] 192.168.1.251 /Public/Upload/admin2018-05-10/5af3a578f0bbc.jpg
INFO: [ app_init ] --START--
INFO: Run Behavior\BuildLiteBehavior [ RunTime:0.000011s ]
INFO: [ app_init ] --END-- [ RunTime:0.000249s ]
ERR: 无法加载模块:Public

[ 2018-05-15T12:25:36+08:00 ] 192.168.1.251 /Public/Upload/admin2018-05-11/5af507d9cb6e1.jpg
INFO: [ app_init ] --START--
INFO: Run Behavior\BuildLiteBehavior [ RunTime:0.000016s ]
INFO: [ app_init ] --END-- [ RunTime:0.000398s ]
ERR: 无法加载模块:Public

[ 2018-05-15T12:35:46+08:00 ] 192.168.1.251 /Public/Upload/admin2018-05-11/5af507d9cb6e1.jpg
INFO: [ app_init ] --START--
INFO: Run Behavior\BuildLiteBehavior [ RunTime:0.000017s ]
INFO: [ app_init ] --END-- [ RunTime:0.000382s ]
ERR: 无法加载模块:Public

[ 2018-05-15T12:39:46+08:00 ] 192.168.1.251 /Public/Upload/admin2018-05-07/5af01bb8e7123.jpg
INFO: [ app_init ] --START--
INFO: Run Behavior\BuildLiteBehavior [ RunTime:0.000018s ]
INFO: [ app_init ] --END-- [ RunTime:0.000360s ]
ERR: 无法加载模块:Public

[ 2018-05-15T12:39:46+08:00 ] 192.168.1.251 /Public/Upload/admin2018-05-10/5af3a578f0bbc.jpg
INFO: [ app_init ] --START--
INFO: Run Behavior\BuildLiteBehavior [ RunTime:0.000016s ]
INFO: [ app_init ] --END-- [ RunTime:0.000344s ]
ERR: 无法加载模块:Public

[ 2018-05-15T12:39:46+08:00 ] 192.168.1.251 /Public/Upload/admin2018-05-11/5af529fe88fae.jpg
INFO: [ app_init ] --START--
INFO: Run Behavior\BuildLiteBehavior [ RunTime:0.000019s ]
INFO: [ app_init ] --END-- [ RunTime:0.000360s ]
ERR: 无法加载模块:Public

[ 2018-05-15T12:39:46+08:00 ] 192.168.1.251 /Public/Upload/admin2018-05-11/5af507d9cb6e1.jpg
INFO: [ app_init ] --START--
INFO: Run Behavior\BuildLiteBehavior [ RunTime:0.000017s ]
INFO: [ app_init ] --END-- [ RunTime:0.000462s ]
ERR: 无法加载模块:Public

[ 2018-05-15T12:39:49+08:00 ] 192.168.1.251 /Public/Upload/admin2018-05-11/5af507d9cb6e1.jpg
INFO: [ app_init ] --START--
INFO: Run Behavior\BuildLiteBehavior [ RunTime:0.000010s ]
INFO: [ app_init ] --END-- [ RunTime:0.000240s ]
ERR: 无法加载模块:Public

[ 2018-05-15T12:39:49+08:00 ] 192.168.1.251 /Public/Upload/admin2018-05-11/5af529fe88fae.jpg
INFO: [ app_init ] --START--
INFO: Run Behavior\BuildLiteBehavior [ RunTime:0.000013s ]
INFO: [ app_init ] --END-- [ RunTime:0.000278s ]
ERR: 无法加载模块:Public

[ 2018-05-15T12:40:06+08:00 ] 192.168.1.251 /Public/Upload/admin2018-05-11/5af529fe88fae.jpg
INFO: [ app_init ] --START--
INFO: Run Behavior\BuildLiteBehavior [ RunTime:0.000020s ]
INFO: [ app_init ] --END-- [ RunTime:0.000548s ]
ERR: 无法加载模块:Public

[ 2018-05-15T12:40:06+08:00 ] 192.168.1.251 /Public/Upload/admin2018-05-11/5af507d9cb6e1.jpg
INFO: [ app_init ] --START--
INFO: Run Behavior\BuildLiteBehavior [ RunTime:0.000018s ]
INFO: [ app_init ] --END-- [ RunTime:0.000563s ]
ERR: 无法加载模块:Public

[ 2018-05-15T12:40:06+08:00 ] 192.168.1.251 /Public/Upload/admin2018-05-07/5aefc42c44bbb.jpg
INFO: [ app_init ] --START--
INFO: Run Behavior\BuildLiteBehavior [ RunTime:0.000018s ]
INFO: [ app_init ] --END-- [ RunTime:0.000519s ]
ERR: 无法加载模块:Public

[ 2018-05-15T12:40:08+08:00 ] 192.168.1.251 /Public/Upload/admin2018-05-11/5af529fe88fae.jpg
INFO: [ app_init ] --START--
INFO: Run Behavior\BuildLiteBehavior [ RunTime:0.000016s ]
INFO: [ app_init ] --END-- [ RunTime:0.000368s ]
ERR: 无法加载模块:Public

[ 2018-05-15T12:40:08+08:00 ] 192.168.1.251 /Public/Upload/admin2018-05-10/5af3a578f0bbc.jpg
INFO: [ app_init ] --START--
INFO: Run Behavior\BuildLiteBehavior [ RunTime:0.000015s ]
INFO: [ app_init ] --END-- [ RunTime:0.000366s ]
ERR: 无法加载模块:Public

[ 2018-05-15T12:40:11+08:00 ] 192.168.1.251 /Public/Upload/admin2018-05-07/5af01bb8e7123.jpg
INFO: [ app_init ] --START--
INFO: Run Behavior\BuildLiteBehavior [ RunTime:0.000018s ]
INFO: [ app_init ] --END-- [ RunTime:0.000359s ]
ERR: 无法加载模块:Public

[ 2018-05-15T12:40:11+08:00 ] 192.168.1.251 /Public/Upload/admin2018-05-10/5af3a578f0bbc.jpg
INFO: [ app_init ] --START--
INFO: Run Behavior\BuildLiteBehavior [ RunTime:0.000014s ]
INFO: [ app_init ] --END-- [ RunTime:0.000339s ]
ERR: 无法加载模块:Public

[ 2018-05-15T12:40:11+08:00 ] 192.168.1.251 /Public/Upload/admin2018-05-11/5af507d9cb6e1.jpg
INFO: [ app_init ] --START--
INFO: Run Behavior\BuildLiteBehavior [ RunTime:0.000017s ]
INFO: [ app_init ] --END-- [ RunTime:0.000476s ]
ERR: 无法加载模块:Public

[ 2018-05-15T12:40:11+08:00 ] 192.168.1.251 /Public/Upload/admin2018-05-11/5af529fe88fae.jpg
INFO: [ app_init ] --START--
INFO: Run Behavior\BuildLiteBehavior [ RunTime:0.000015s ]
INFO: [ app_init ] --END-- [ RunTime:0.000371s ]
ERR: 无法加载模块:Public

[ 2018-05-15T12:43:16+08:00 ] 192.168.1.251 /Public/Upload/admin2018-05-11/5af507d9cb6e1.jpg
INFO: [ app_init ] --START--
INFO: Run Behavior\BuildLiteBehavior [ RunTime:0.000024s ]
INFO: [ app_init ] --END-- [ RunTime:0.000411s ]
ERR: 无法加载模块:Public

[ 2018-05-15T12:43:16+08:00 ] 192.168.1.251 /Public/Upload/home/dynamic/20180515/25220_023607_6846.png
INFO: [ app_init ] --START--
INFO: Run Behavior\BuildLiteBehavior [ RunTime:0.000015s ]
INFO: [ app_init ] --END-- [ RunTime:0.000439s ]
ERR: 无法加载模块:Public

[ 2018-05-15T12:43:16+08:00 ] 192.168.1.251 /Public/Upload/home/dynamic/20180515/25220_113943_6924.png
INFO: [ app_init ] --START--
INFO: Run Behavior\BuildLiteBehavior [ RunTime:0.000019s ]
INFO: [ app_init ] --END-- [ RunTime:0.000430s ]
ERR: 无法加载模块:Public

[ 2018-05-15T12:43:16+08:00 ] 192.168.1.251 /Public/Upload/home/dynamic/20180515/25220_114041_3940.png
INFO: [ app_init ] --START--
INFO: Run Behavior\BuildLiteBehavior [ RunTime:0.000024s ]
INFO: [ app_init ] --END-- [ RunTime:0.000730s ]
ERR: 无法加载模块:Public

[ 2018-05-15T12:47:12+08:00 ] 192.168.1.251 /Public/Upload/admin2018-05-11/5af507d9cb6e1.jpg
INFO: [ app_init ] --START--
INFO: Run Behavior\BuildLiteBehavior [ RunTime:0.000016s ]
INFO: [ app_init ] --END-- [ RunTime:0.000397s ]
ERR: 无法加载模块:Public

[ 2018-05-15T12:47:12+08:00 ] 192.168.1.251 /Public/Upload/home/dynamic/20180515/25220_023607_6846.png
INFO: [ app_init ] --START--
INFO: Run Behavior\BuildLiteBehavior [ RunTime:0.000015s ]
INFO: [ app_init ] --END-- [ RunTime:0.000376s ]
ERR: 无法加载模块:Public

[ 2018-05-15T12:47:12+08:00 ] 192.168.1.251 /Public/Upload/home/dynamic/20180515/25220_113943_6924.png
INFO: [ app_init ] --START--
INFO: Run Behavior\BuildLiteBehavior [ RunTime:0.000022s ]
INFO: [ app_init ] --END-- [ RunTime:0.000636s ]
ERR: 无法加载模块:Public

[ 2018-05-15T12:47:12+08:00 ] 192.168.1.251 /Public/Upload/home/dynamic/20180515/25220_114041_3940.png
INFO: [ app_init ] --START--
INFO: Run Behavior\BuildLiteBehavior [ RunTime:0.000020s ]
INFO: [ app_init ] --END-- [ RunTime:0.001414s ]
ERR: 无法加载模块:Public

[ 2018-05-15T12:47:16+08:00 ] 192.168.1.251 /Public/Upload/home/dynamic/20180515/25220_114041_3940.png
INFO: [ app_init ] --START--
INFO: Run Behavior\BuildLiteBehavior [ RunTime:0.000011s ]
INFO: [ app_init ] --END-- [ RunTime:0.000294s ]
ERR: 无法加载模块:Public

[ 2018-05-15T12:47:16+08:00 ] 192.168.1.251 /Public/Upload/home/dynamic/20180515/25220_113943_6924.png
INFO: [ app_init ] --START--
INFO: Run Behavior\BuildLiteBehavior [ RunTime:0.000016s ]
INFO: [ app_init ] --END-- [ RunTime:0.000368s ]
ERR: 无法加载模块:Public

