[ 2018-05-10T08:45:32+08:00 ] 192.168.1.251 /favicon.ico
INFO: [ app_init ] --START--
INFO: Run Behavior\BuildLiteBehavior [ RunTime:0.000013s ]
INFO: [ app_init ] --END-- [ RunTime:0.000464s ]
ERR: 无法加载模块:Favicon

[ 2018-05-10T08:53:22+08:00 ] 192.168.1.251 /Public/Upload/special/2018-04-28/5ae3e0943e4a3.jpg
INFO: [ app_init ] --START--
INFO: Run Behavior\BuildLiteBehavior [ RunTime:0.000012s ]
INFO: [ app_init ] --END-- [ RunTime:0.000358s ]
ERR: 无法加载模块:Public

[ 2018-05-10T08:53:23+08:00 ] 192.168.1.251 /Public/Upload/special/2018-04-27/5ae2ca554bd03.jpg
INFO: [ app_init ] --START--
INFO: Run Behavior\BuildLiteBehavior [ RunTime:0.000027s ]
INFO: [ app_init ] --END-- [ RunTime:0.000694s ]
ERR: 无法加载模块:Public

[ 2018-05-10T08:53:34+08:00 ] 192.168.1.251 /Public/Upload/special/2018-04-28/5ae3e0943e4a3.jpg
INFO: [ app_init ] --START--
INFO: Run Behavior\BuildLiteBehavior [ RunTime:0.000022s ]
INFO: [ app_init ] --END-- [ RunTime:0.000561s ]
ERR: 无法加载模块:Public

[ 2018-05-10T08:53:34+08:00 ] 192.168.1.251 /Public/Upload/special/2018-04-27/5ae2ca554bd03.jpg
INFO: [ app_init ] --START--
INFO: Run Behavior\BuildLiteBehavior [ RunTime:0.000022s ]
INFO: [ app_init ] --END-- [ RunTime:0.000605s ]
ERR: 无法加载模块:Public

[ 2018-05-10T08:57:51+08:00 ] 192.168.1.251 /Public/Upload/dynamic/2018-04-28/5ae3e396ad529.jpg
INFO: [ app_init ] --START--
INFO: Run Behavior\BuildLiteBehavior [ RunTime:0.000021s ]
INFO: [ app_init ] --END-- [ RunTime:0.000533s ]
ERR: 无法加载模块:Public

[ 2018-05-10T08:57:51+08:00 ] 192.168.1.251 /Public/Upload/dynamic/2018-04-28/5ae3e396a3eb5.jpg
INFO: [ app_init ] --START--
INFO: Run Behavior\BuildLiteBehavior [ RunTime:0.000017s ]
INFO: [ app_init ] --END-- [ RunTime:0.000507s ]
ERR: 无法加载模块:Public

[ 2018-05-10T08:57:51+08:00 ] 192.168.1.251 /Public/Upload/dynamic/2018-04-28/5ae3e396ad0e1.jpg
INFO: [ app_init ] --START--
INFO: Run Behavior\BuildLiteBehavior [ RunTime:0.000021s ]
INFO: [ app_init ] --END-- [ RunTime:0.000508s ]
ERR: 无法加载模块:Public

[ 2018-05-10T08:57:51+08:00 ] 192.168.1.251 /Public/Upload/dynamic/2018-04-28/5ae3e396bbd59.jpg
INFO: [ app_init ] --START--
INFO: Run Behavior\BuildLiteBehavior [ RunTime:0.000024s ]
INFO: [ app_init ] --END-- [ RunTime:0.000675s ]
ERR: 无法加载模块:Public

[ 2018-05-10T08:57:51+08:00 ] 192.168.1.251 /Public/Upload/dynamic/2018-04-28/5ae3e396c34ae.gif
INFO: [ app_init ] --START--
INFO: Run Behavior\BuildLiteBehavior [ RunTime:0.000017s ]
INFO: [ app_init ] --END-- [ RunTime:0.000425s ]
ERR: 无法加载模块:Public

[ 2018-05-10T08:57:52+08:00 ] 192.168.1.251 /Public/Upload/special/2018-04-27/5ae2ca554bd03.jpg
INFO: [ app_init ] --START--
INFO: Run Behavior\BuildLiteBehavior [ RunTime:0.000024s ]
INFO: [ app_init ] --END-- [ RunTime:0.000675s ]
ERR: 无法加载模块:Public

[ 2018-05-10T08:57:52+08:00 ] 192.168.1.251 /Public/Upload/special/2018-04-28/5ae3e0943e4a3.jpg
INFO: [ app_init ] --START--
INFO: Run Behavior\BuildLiteBehavior [ RunTime:0.000022s ]
INFO: [ app_init ] --END-- [ RunTime:0.000797s ]
ERR: 无法加载模块:Public

[ 2018-05-10T09:01:01+08:00 ] 192.168.1.251 /Public/Upload/special/2018-04-27/5ae2ca554bd03.jpg
INFO: [ app_init ] --START--
INFO: Run Behavior\BuildLiteBehavior [ RunTime:0.000022s ]
INFO: [ app_init ] --END-- [ RunTime:0.000511s ]
ERR: 无法加载模块:Public

[ 2018-05-10T09:01:01+08:00 ] 192.168.1.251 /Public/Upload/special/2018-04-27/5ae2ca51aa6e7.gif
INFO: [ app_init ] --START--
INFO: Run Behavior\BuildLiteBehavior [ RunTime:0.000034s ]
INFO: [ app_init ] --END-- [ RunTime:0.000669s ]
ERR: 无法加载模块:Public

[ 2018-05-10T09:02:00+08:00 ] 192.168.1.251 /Public/Upload/special/2018-04-27/5ae2ca554bd03.jpg
INFO: [ app_init ] --START--
INFO: Run Behavior\BuildLiteBehavior [ RunTime:0.000021s ]
INFO: [ app_init ] --END-- [ RunTime:0.000520s ]
ERR: 无法加载模块:Public

[ 2018-05-10T09:02:00+08:00 ] 192.168.1.251 /Public/Upload/special/2018-04-28/5ae3e0943e4a3.jpg
INFO: [ app_init ] --START--
INFO: Run Behavior\BuildLiteBehavior [ RunTime:0.000024s ]
INFO: [ app_init ] --END-- [ RunTime:0.000612s ]
ERR: 无法加载模块:Public

[ 2018-05-10T09:02:08+08:00 ] 192.168.1.251 /Public/Upload/special/2018-04-27/5ae2ca554bd03.jpg
INFO: [ app_init ] --START--
INFO: Run Behavior\BuildLiteBehavior [ RunTime:0.000013s ]
INFO: [ app_init ] --END-- [ RunTime:0.000489s ]
ERR: 无法加载模块:Public

[ 2018-05-10T09:02:13+08:00 ] 192.168.1.251 /Public/Upload/special/2018-04-27/5ae2ca554bd03.jpg
INFO: [ app_init ] --START--
INFO: Run Behavior\BuildLiteBehavior [ RunTime:0.000015s ]
INFO: [ app_init ] --END-- [ RunTime:0.000379s ]
ERR: 无法加载模块:Public

[ 2018-05-10T09:02:20+08:00 ] 192.168.1.251 /Public/Upload/special/2018-04-28/5ae3e0943e4a3.jpg
INFO: [ app_init ] --START--
INFO: Run Behavior\BuildLiteBehavior [ RunTime:0.000022s ]
INFO: [ app_init ] --END-- [ RunTime:0.000769s ]
ERR: 无法加载模块:Public

[ 2018-05-10T09:02:20+08:00 ] 192.168.1.251 /Public/Upload/special/2018-04-27/5ae2ca554bd03.jpg
INFO: [ app_init ] --START--
INFO: Run Behavior\BuildLiteBehavior [ RunTime:0.000021s ]
INFO: [ app_init ] --END-- [ RunTime:0.000797s ]
ERR: 无法加载模块:Public

[ 2018-05-10T09:02:29+08:00 ] 192.168.1.251 /Public/Upload/special/2018-04-27/5ae2ca554bd03.jpg
INFO: [ app_init ] --START--
INFO: Run Behavior\BuildLiteBehavior [ RunTime:0.000024s ]
INFO: [ app_init ] --END-- [ RunTime:0.000545s ]
ERR: 无法加载模块:Public

[ 2018-05-10T09:03:42+08:00 ] 192.168.1.251 /Public/Upload/special/2018-04-28/5ae3e091cfe5e.jpg
INFO: [ app_init ] --START--
INFO: Run Behavior\BuildLiteBehavior [ RunTime:0.000013s ]
INFO: [ app_init ] --END-- [ RunTime:0.000416s ]
ERR: 无法加载模块:Public

[ 2018-05-10T09:03:54+08:00 ] 192.168.1.251 /Public/Upload/special/2018-04-28/5ae3e091cfe5e.jpg
INFO: [ app_init ] --START--
INFO: Run Behavior\BuildLiteBehavior [ RunTime:0.000020s ]
INFO: [ app_init ] --END-- [ RunTime:0.000531s ]
ERR: 无法加载模块:Public

[ 2018-05-10T09:03:54+08:00 ] 192.168.1.251 /Public/Upload/special/2018-04-28/5ae3e0943e4a3.jpg
INFO: [ app_init ] --START--
INFO: Run Behavior\BuildLiteBehavior [ RunTime:0.000019s ]
INFO: [ app_init ] --END-- [ RunTime:0.000515s ]
ERR: 无法加载模块:Public

[ 2018-05-10T09:04:54+08:00 ] 192.168.1.251 /Public/Upload/special/2018-04-27/5ae2ca554bd03.jpg
INFO: [ app_init ] --START--
INFO: Run Behavior\BuildLiteBehavior [ RunTime:0.000019s ]
INFO: [ app_init ] --END-- [ RunTime:0.000465s ]
ERR: 无法加载模块:Public

[ 2018-05-10T09:05:22+08:00 ] 192.168.1.251 /Public/Upload/special/2018-04-27/5ae2ca554bd03.jpg
INFO: [ app_init ] --START--
INFO: Run Behavior\BuildLiteBehavior [ RunTime:0.000032s ]
INFO: [ app_init ] --END-- [ RunTime:0.000659s ]
ERR: 无法加载模块:Public

[ 2018-05-10T09:05:31+08:00 ] 192.168.1.251 /Public/Upload/special/2018-04-27/5ae2ca554bd03.jpg
INFO: [ app_init ] --START--
INFO: Run Behavior\BuildLiteBehavior [ RunTime:0.000024s ]
INFO: [ app_init ] --END-- [ RunTime:0.000627s ]
ERR: 无法加载模块:Public

[ 2018-05-10T09:05:36+08:00 ] 192.168.1.251 /Public/Upload/special/2018-04-27/5ae2ca554bd03.jpg
INFO: [ app_init ] --START--
INFO: Run Behavior\BuildLiteBehavior [ RunTime:0.000046s ]
INFO: [ app_init ] --END-- [ RunTime:0.001001s ]
ERR: 无法加载模块:Public

[ 2018-05-10T09:05:50+08:00 ] 192.168.1.251 /Public/Upload/special/2018-04-28/5ae3e0943e4a3.jpg
INFO: [ app_init ] --START--
INFO: Run Behavior\BuildLiteBehavior [ RunTime:0.000013s ]
INFO: [ app_init ] --END-- [ RunTime:0.000330s ]
ERR: 无法加载模块:Public

[ 2018-05-10T09:08:13+08:00 ] 192.168.1.251 /Public/Upload/special/2018-04-27/5ae2ca554bd03.jpg
INFO: [ app_init ] --START--
INFO: Run Behavior\BuildLiteBehavior [ RunTime:0.000024s ]
INFO: [ app_init ] --END-- [ RunTime:0.000617s ]
ERR: 无法加载模块:Public

[ 2018-05-10T09:08:40+08:00 ] 192.168.1.251 /Public/Upload/special/2018-04-27/5ae2ca554bd03.jpg
INFO: [ app_init ] --START--
INFO: Run Behavior\BuildLiteBehavior [ RunTime:0.000014s ]
INFO: [ app_init ] --END-- [ RunTime:0.000496s ]
ERR: 无法加载模块:Public

[ 2018-05-10T09:10:01+08:00 ] 192.168.1.251 /Public/Upload/special/2018-04-27/5ae2ca554bd03.jpg
INFO: [ app_init ] --START--
INFO: Run Behavior\BuildLiteBehavior [ RunTime:0.000023s ]
INFO: [ app_init ] --END-- [ RunTime:0.000647s ]
ERR: 无法加载模块:Public

[ 2018-05-10T09:10:11+08:00 ] 192.168.1.251 /Public/Upload/special/2018-04-27/5ae2ca554bd03.jpg
INFO: [ app_init ] --START--
INFO: Run Behavior\BuildLiteBehavior [ RunTime:0.000014s ]
INFO: [ app_init ] --END-- [ RunTime:0.000467s ]
ERR: 无法加载模块:Public

[ 2018-05-10T09:10:21+08:00 ] 192.168.1.251 /Public/Upload/special/2018-04-27/5ae2ca554bd03.jpg
INFO: [ app_init ] --START--
INFO: Run Behavior\BuildLiteBehavior [ RunTime:0.000029s ]
INFO: [ app_init ] --END-- [ RunTime:0.000707s ]
ERR: 无法加载模块:Public

[ 2018-05-10T09:10:23+08:00 ] 192.168.1.251 /Public/Upload/special/2018-04-27/5ae2ca554bd03.jpg
INFO: [ app_init ] --START--
INFO: Run Behavior\BuildLiteBehavior [ RunTime:0.000022s ]
INFO: [ app_init ] --END-- [ RunTime:0.000664s ]
ERR: 无法加载模块:Public

[ 2018-05-10T09:24:52+08:00 ] 192.168.1.251 /Public/Upload/special/2018-04-27/5ae2ca554bd03.jpg
INFO: [ app_init ] --START--
INFO: Run Behavior\BuildLiteBehavior [ RunTime:0.000021s ]
INFO: [ app_init ] --END-- [ RunTime:0.000674s ]
ERR: 无法加载模块:Public

[ 2018-05-10T09:29:47+08:00 ] 192.168.1.251 /Public/Upload/special/2018-04-27/5ae2ca554bd03.jpg
INFO: [ app_init ] --START--
INFO: Run Behavior\BuildLiteBehavior [ RunTime:0.000025s ]
INFO: [ app_init ] --END-- [ RunTime:0.000799s ]
ERR: 无法加载模块:Public

[ 2018-05-10T09:29:49+08:00 ] 192.168.1.251 /Public/Upload/special/2018-04-27/5ae2ca554bd03.jpg
INFO: [ app_init ] --START--
INFO: Run Behavior\BuildLiteBehavior [ RunTime:0.000024s ]
INFO: [ app_init ] --END-- [ RunTime:0.000692s ]
ERR: 无法加载模块:Public

[ 2018-05-10T09:29:56+08:00 ] 192.168.1.251 /Public/Upload/special/2018-04-27/5ae2ca554bd03.jpg
INFO: [ app_init ] --START--
INFO: Run Behavior\BuildLiteBehavior [ RunTime:0.000025s ]
INFO: [ app_init ] --END-- [ RunTime:0.000728s ]
ERR: 无法加载模块:Public

[ 2018-05-10T09:30:00+08:00 ] 192.168.1.251 /Public/Upload/special/2018-04-27/5ae2ca554bd03.jpg
INFO: [ app_init ] --START--
INFO: Run Behavior\BuildLiteBehavior [ RunTime:0.000027s ]
INFO: [ app_init ] --END-- [ RunTime:0.000631s ]
ERR: 无法加载模块:Public

[ 2018-05-10T09:30:05+08:00 ] 192.168.1.251 /Public/Upload/special/2018-04-27/5ae2ca554bd03.jpg
INFO: [ app_init ] --START--
INFO: Run Behavior\BuildLiteBehavior [ RunTime:0.000025s ]
INFO: [ app_init ] --END-- [ RunTime:0.000724s ]
ERR: 无法加载模块:Public

[ 2018-05-10T09:30:13+08:00 ] 192.168.1.251 /Public/Upload/special/2018-04-27/5ae2ca554bd03.jpg
INFO: [ app_init ] --START--
INFO: Run Behavior\BuildLiteBehavior [ RunTime:0.000024s ]
INFO: [ app_init ] --END-- [ RunTime:0.000609s ]
ERR: 无法加载模块:Public

[ 2018-05-10T09:30:20+08:00 ] 192.168.1.251 /Public/Upload/special/2018-04-27/5ae2ca554bd03.jpg
INFO: [ app_init ] --START--
INFO: Run Behavior\BuildLiteBehavior [ RunTime:0.000013s ]
INFO: [ app_init ] --END-- [ RunTime:0.000385s ]
ERR: 无法加载模块:Public

[ 2018-05-10T10:47:12+08:00 ] 192.168.1.251 /Public/Upload/special/2018-04-28/5ae3e0943e4a3.jpg
INFO: [ app_init ] --START--
INFO: Run Behavior\BuildLiteBehavior [ RunTime:0.000019s ]
INFO: [ app_init ] --END-- [ RunTime:0.000522s ]
ERR: 无法加载模块:Public

[ 2018-05-10T10:47:19+08:00 ] 192.168.1.251 /Public/Upload/special/2018-04-28/5ae3e0943e4a3.jpg
INFO: [ app_init ] --START--
INFO: Run Behavior\BuildLiteBehavior [ RunTime:0.000021s ]
INFO: [ app_init ] --END-- [ RunTime:0.000650s ]
ERR: 无法加载模块:Public

[ 2018-05-10T10:47:30+08:00 ] 192.168.1.251 /Public/Upload/special/2018-04-28/5ae3e0943e4a3.jpg
INFO: [ app_init ] --START--
INFO: Run Behavior\BuildLiteBehavior [ RunTime:0.000024s ]
INFO: [ app_init ] --END-- [ RunTime:0.000626s ]
ERR: 无法加载模块:Public

[ 2018-05-10T10:47:33+08:00 ] 192.168.1.251 /Public/Upload/special/2018-04-28/5ae3e0943e4a3.jpg
INFO: [ app_init ] --START--
INFO: Run Behavior\BuildLiteBehavior [ RunTime:0.000025s ]
INFO: [ app_init ] --END-- [ RunTime:0.000757s ]
ERR: 无法加载模块:Public

[ 2018-05-10T10:47:37+08:00 ] 192.168.1.251 /Public/Upload/special/2018-04-28/5ae3e0943e4a3.jpg
INFO: [ app_init ] --START--
INFO: Run Behavior\BuildLiteBehavior [ RunTime:0.000020s ]
INFO: [ app_init ] --END-- [ RunTime:0.000566s ]
ERR: 无法加载模块:Public

[ 2018-05-10T10:47:51+08:00 ] 192.168.1.251 /Public/Upload/special/2018-04-28/5ae3e0943e4a3.jpg
INFO: [ app_init ] --START--
INFO: Run Behavior\BuildLiteBehavior [ RunTime:0.000018s ]
INFO: [ app_init ] --END-- [ RunTime:0.000552s ]
ERR: 无法加载模块:Public

[ 2018-05-10T10:47:57+08:00 ] 192.168.1.251 /Public/Upload/special/2018-04-28/5ae3e0943e4a3.jpg
INFO: [ app_init ] --START--
INFO: Run Behavior\BuildLiteBehavior [ RunTime:0.000021s ]
INFO: [ app_init ] --END-- [ RunTime:0.000514s ]
ERR: 无法加载模块:Public

[ 2018-05-10T15:06:37+08:00 ] 192.168.1.251 /Public/Upload/admin2018-04-28/5ae3e3d188626.gif
INFO: [ app_init ] --START--
INFO: Run Behavior\BuildLiteBehavior [ RunTime:0.000013s ]
INFO: [ app_init ] --END-- [ RunTime:0.000352s ]
ERR: 无法加载模块:Public

[ 2018-05-10T15:31:25+08:00 ] 192.168.1.251 /Public/Upload/admin2018-04-28/5ae3e3d188626.gif
INFO: [ app_init ] --START--
INFO: Run Behavior\BuildLiteBehavior [ RunTime:0.000025s ]
INFO: [ app_init ] --END-- [ RunTime:0.000610s ]
ERR: 无法加载模块:Public

[ 2018-05-10T21:57:15+08:00 ] 192.168.1.251 /Public/Upload/admin2018-04-28/5ae3e3d188626.gif
INFO: [ app_init ] --START--
INFO: Run Behavior\BuildLiteBehavior [ RunTime:0.000020s ]
INFO: [ app_init ] --END-- [ RunTime:0.000583s ]
ERR: 无法加载模块:Public

