[ 2018-05-14T00:07:58+08:00 ] 192.168.1.251 /favicon.ico
INFO: [ app_init ] --START--
INFO: Run Behavior\BuildLiteBehavior [ RunTime:0.000011s ]
INFO: [ app_init ] --END-- [ RunTime:0.000403s ]
ERR: 无法加载模块:Favicon

[ 2018-05-14T00:08:11+08:00 ] 192.168.1.251 /favicon.ico
INFO: [ app_init ] --START--
INFO: Run Behavior\BuildLiteBehavior [ RunTime:0.000011s ]
INFO: [ app_init ] --END-- [ RunTime:0.000402s ]
ERR: 无法加载模块:Favicon

[ 2018-05-14T00:09:12+08:00 ] 192.168.1.251 /favicon.ico
INFO: [ app_init ] --START--
INFO: Run Behavior\BuildLiteBehavior [ RunTime:0.000019s ]
INFO: [ app_init ] --END-- [ RunTime:0.000573s ]
ERR: 无法加载模块:Favicon

[ 2018-05-14T00:09:36+08:00 ] 192.168.1.251 /favicon.ico
INFO: [ app_init ] --START--
INFO: Run Behavior\BuildLiteBehavior [ RunTime:0.000011s ]
INFO: [ app_init ] --END-- [ RunTime:0.000409s ]
ERR: 无法加载模块:Favicon

[ 2018-05-14T09:42:43+08:00 ] 192.168.1.251 /Public/Upload/main/2018-05-04/5aebd592ae418.png
INFO: [ app_init ] --START--
INFO: Run Behavior\BuildLiteBehavior [ RunTime:0.000020s ]
INFO: [ app_init ] --END-- [ RunTime:0.000675s ]
ERR: 无法加载模块:Public

[ 2018-05-14T09:42:43+08:00 ] 192.168.1.251 /Public/Upload/special/2018-05-10/5af40e51dd98a.png
INFO: [ app_init ] --START--
INFO: Run Behavior\BuildLiteBehavior [ RunTime:0.000018s ]
INFO: [ app_init ] --END-- [ RunTime:0.000465s ]
ERR: 无法加载模块:Public

[ 2018-05-14T09:42:43+08:00 ] 192.168.1.251 /Public/Upload/special/2018-05-10/5af3ac3319155.png
INFO: [ app_init ] --START--
INFO: Run Behavior\BuildLiteBehavior [ RunTime:0.000019s ]
INFO: [ app_init ] --END-- [ RunTime:0.000617s ]
ERR: 无法加载模块:Public

[ 2018-05-14T09:42:43+08:00 ] 192.168.1.251 /Public/Upload/special/2018-05-10/5af40e5f2cc0a.png
INFO: [ app_init ] --START--
INFO: Run Behavior\BuildLiteBehavior [ RunTime:0.000021s ]
INFO: [ app_init ] --END-- [ RunTime:0.000727s ]
ERR: 无法加载模块:Public

[ 2018-05-14T09:42:43+08:00 ] 192.168.1.251 /Public/Upload/special/2018-05-07/5aeffcf7009d2.png
INFO: [ app_init ] --START--
INFO: Run Behavior\BuildLiteBehavior [ RunTime:0.000021s ]
INFO: [ app_init ] --END-- [ RunTime:0.000538s ]
ERR: 无法加载模块:Public

[ 2018-05-14T09:42:43+08:00 ] 192.168.1.251 /Public/Upload/special/2018-05-07/5aeffd64795f0.png
INFO: [ app_init ] --START--
INFO: Run Behavior\BuildLiteBehavior [ RunTime:0.000023s ]
INFO: [ app_init ] --END-- [ RunTime:0.000690s ]
ERR: 无法加载模块:Public

[ 2018-05-14T09:42:47+08:00 ] 192.168.1.251 /Public/Upload/main/2018-05-04/5aebd592ae418.png
INFO: [ app_init ] --START--
INFO: Run Behavior\BuildLiteBehavior [ RunTime:0.000017s ]
INFO: [ app_init ] --END-- [ RunTime:0.000664s ]
ERR: 无法加载模块:Public

[ 2018-05-14T09:42:48+08:00 ] 192.168.1.251 /Public/Upload/special/2018-05-10/5af40e51dd98a.png
INFO: [ app_init ] --START--
INFO: Run Behavior\BuildLiteBehavior [ RunTime:0.000022s ]
INFO: [ app_init ] --END-- [ RunTime:0.000740s ]
ERR: 无法加载模块:Public

[ 2018-05-14T09:42:48+08:00 ] 192.168.1.251 /Public/Upload/special/2018-05-10/5af40e5f2cc0a.png
INFO: [ app_init ] --START--
INFO: Run Behavior\BuildLiteBehavior [ RunTime:0.000018s ]
INFO: [ app_init ] --END-- [ RunTime:0.000604s ]
ERR: 无法加载模块:Public

[ 2018-05-14T09:42:48+08:00 ] 192.168.1.251 /Public/Upload/special/2018-05-10/5af3ac3319155.png
INFO: [ app_init ] --START--
INFO: Run Behavior\BuildLiteBehavior [ RunTime:0.000018s ]
INFO: [ app_init ] --END-- [ RunTime:0.000498s ]
ERR: 无法加载模块:Public

[ 2018-05-14T09:42:48+08:00 ] 192.168.1.251 /Public/Upload/special/2018-05-07/5aeffcf7009d2.png
INFO: [ app_init ] --START--
INFO: Run Behavior\BuildLiteBehavior [ RunTime:0.000030s ]
INFO: [ app_init ] --END-- [ RunTime:0.001296s ]
ERR: 无法加载模块:Public

[ 2018-05-14T09:42:48+08:00 ] 192.168.1.251 /Public/Upload/special/2018-05-07/5aeffd64795f0.png
INFO: [ app_init ] --START--
INFO: Run Behavior\BuildLiteBehavior [ RunTime:0.000046s ]
INFO: [ app_init ] --END-- [ RunTime:0.002327s ]
ERR: 无法加载模块:Public

[ 2018-05-14T09:42:51+08:00 ] 192.168.1.251 //Public/Upload/admin/2018-05-09/5af2a029ac7a2.jpg
INFO: [ app_init ] --START--
INFO: Run Behavior\BuildLiteBehavior [ RunTime:0.000012s ]
INFO: [ app_init ] --END-- [ RunTime:0.000328s ]
ERR: 无法加载模块:Public

[ 2018-05-14T09:44:32+08:00 ] 192.168.1.251 /favicon.ico
INFO: [ app_init ] --START--
INFO: Run Behavior\BuildLiteBehavior [ RunTime:0.000022s ]
INFO: [ app_init ] --END-- [ RunTime:0.000543s ]
ERR: 无法加载模块:Favicon

[ 2018-05-14T10:02:45+08:00 ] 192.168.1.251 /Public/Upload/main/2018-05-04/5aebd592ae418.png
INFO: [ app_init ] --START--
INFO: Run Behavior\BuildLiteBehavior [ RunTime:0.000017s ]
INFO: [ app_init ] --END-- [ RunTime:0.000531s ]
ERR: 无法加载模块:Public

[ 2018-05-14T10:02:50+08:00 ] 192.168.1.251 //Public/Upload/admin/2018-05-09/5af2a029ac7a2.jpg
INFO: [ app_init ] --START--
INFO: Run Behavior\BuildLiteBehavior [ RunTime:0.000015s ]
INFO: [ app_init ] --END-- [ RunTime:0.000454s ]
ERR: 无法加载模块:Public

[ 2018-05-14T10:02:50+08:00 ] 192.168.1.251 /Public/Upload/special/2018-05-10/5af40e5f2cc0a.png
INFO: [ app_init ] --START--
INFO: Run Behavior\BuildLiteBehavior [ RunTime:0.000017s ]
INFO: [ app_init ] --END-- [ RunTime:0.000604s ]
ERR: 无法加载模块:Public

[ 2018-05-14T10:02:50+08:00 ] 192.168.1.251 /Public/Upload/special/2018-05-10/5af3ac3319155.png
INFO: [ app_init ] --START--
INFO: Run Behavior\BuildLiteBehavior [ RunTime:0.000014s ]
INFO: [ app_init ] --END-- [ RunTime:0.000489s ]
ERR: 无法加载模块:Public

[ 2018-05-14T10:02:50+08:00 ] 192.168.1.251 /Public/Upload/special/2018-05-07/5aeffd64795f0.png
INFO: [ app_init ] --START--
INFO: Run Behavior\BuildLiteBehavior [ RunTime:0.000019s ]
INFO: [ app_init ] --END-- [ RunTime:0.000548s ]
ERR: 无法加载模块:Public

[ 2018-05-14T10:02:50+08:00 ] 192.168.1.251 /Public/Upload/special/2018-05-10/5af40e51dd98a.png
INFO: [ app_init ] --START--
INFO: Run Behavior\BuildLiteBehavior [ RunTime:0.000016s ]
INFO: [ app_init ] --END-- [ RunTime:0.000524s ]
ERR: 无法加载模块:Public

[ 2018-05-14T10:02:50+08:00 ] 192.168.1.251 /Public/Upload/special/2018-05-07/5aeffcf7009d2.png
INFO: [ app_init ] --START--
INFO: Run Behavior\BuildLiteBehavior [ RunTime:0.000012s ]
INFO: [ app_init ] --END-- [ RunTime:0.000355s ]
ERR: 无法加载模块:Public

[ 2018-05-14T10:34:18+08:00 ] 192.168.1.251 /Public/Upload/main/2018-05-04/5aebd592ae418.png
INFO: [ app_init ] --START--
INFO: Run Behavior\BuildLiteBehavior [ RunTime:0.000020s ]
INFO: [ app_init ] --END-- [ RunTime:0.000705s ]
ERR: 无法加载模块:Public

[ 2018-05-14T10:34:18+08:00 ] 192.168.1.251 /Public/Upload/special/2018-05-10/5af40e51dd98a.png
INFO: [ app_init ] --START--
INFO: Run Behavior\BuildLiteBehavior [ RunTime:0.000011s ]
INFO: [ app_init ] --END-- [ RunTime:0.000325s ]
ERR: 无法加载模块:Public

[ 2018-05-14T10:34:18+08:00 ] 192.168.1.251 /Public/Upload/special/2018-05-07/5aeffcf7009d2.png
INFO: [ app_init ] --START--
INFO: Run Behavior\BuildLiteBehavior [ RunTime:0.000018s ]
INFO: [ app_init ] --END-- [ RunTime:0.000534s ]
ERR: 无法加载模块:Public

[ 2018-05-14T10:34:18+08:00 ] 192.168.1.251 /Public/Upload/special/2018-05-07/5aeffd64795f0.png
INFO: [ app_init ] --START--
INFO: Run Behavior\BuildLiteBehavior [ RunTime:0.000017s ]
INFO: [ app_init ] --END-- [ RunTime:0.000680s ]
ERR: 无法加载模块:Public

[ 2018-05-14T10:34:18+08:00 ] 192.168.1.251 /Public/Upload/special/2018-05-10/5af3ac3319155.png
INFO: [ app_init ] --START--
INFO: Run Behavior\BuildLiteBehavior [ RunTime:0.000017s ]
INFO: [ app_init ] --END-- [ RunTime:0.000377s ]
ERR: 无法加载模块:Public

[ 2018-05-14T10:34:18+08:00 ] 192.168.1.251 /Public/Upload/special/2018-05-10/5af40e5f2cc0a.png
INFO: [ app_init ] --START--
INFO: Run Behavior\BuildLiteBehavior [ RunTime:0.000022s ]
INFO: [ app_init ] --END-- [ RunTime:0.000790s ]
ERR: 无法加载模块:Public

[ 2018-05-14T10:34:22+08:00 ] 192.168.1.251 //Public/Upload/admin/2018-05-09/5af2a029ac7a2.jpg
INFO: [ app_init ] --START--
INFO: Run Behavior\BuildLiteBehavior [ RunTime:0.000014s ]
INFO: [ app_init ] --END-- [ RunTime:0.000347s ]
ERR: 无法加载模块:Public

[ 2018-05-14T11:29:36+08:00 ] 192.168.1.251 /Public/Upload/admin2018-05-11/5af529fe88fae.jpg
INFO: [ app_init ] --START--
INFO: Run Behavior\BuildLiteBehavior [ RunTime:0.000019s ]
INFO: [ app_init ] --END-- [ RunTime:0.000471s ]
ERR: 无法加载模块:Public

[ 2018-05-14T11:29:36+08:00 ] 192.168.1.251 /Public/Upload/admin2018-05-10/5af40d9d8796b.jpg
INFO: [ app_init ] --START--
INFO: Run Behavior\BuildLiteBehavior [ RunTime:0.000018s ]
INFO: [ app_init ] --END-- [ RunTime:0.000617s ]
ERR: 无法加载模块:Public

[ 2018-05-14T11:29:36+08:00 ] 192.168.1.251 /Public/Upload/admin2018-05-10/5af40039950d8.jpg
INFO: [ app_init ] --START--
INFO: Run Behavior\BuildLiteBehavior [ RunTime:0.000017s ]
INFO: [ app_init ] --END-- [ RunTime:0.000506s ]
ERR: 无法加载模块:Public

[ 2018-05-14T11:29:36+08:00 ] 192.168.1.251 /Public/Upload/admin2018-05-11/5af5353d3d2c6.jpg
INFO: [ app_init ] --START--
INFO: Run Behavior\BuildLiteBehavior [ RunTime:0.000019s ]
INFO: [ app_init ] --END-- [ RunTime:0.000493s ]
ERR: 无法加载模块:Public

[ 2018-05-14T11:29:36+08:00 ] 192.168.1.251 /Public/Upload/admin2018-05-10/5af3b5663aaee.jpg
INFO: [ app_init ] --START--
INFO: Run Behavior\BuildLiteBehavior [ RunTime:0.000016s ]
INFO: [ app_init ] --END-- [ RunTime:0.038505s ]
ERR: 无法加载模块:Public

[ 2018-05-14T11:29:36+08:00 ] 192.168.1.251 /Public/Upload/admin2018-05-10/5af3bea2785fa.jpg
INFO: [ app_init ] --START--
INFO: Run Behavior\BuildLiteBehavior [ RunTime:0.000012s ]
INFO: [ app_init ] --END-- [ RunTime:0.027617s ]
ERR: 无法加载模块:Public

[ 2018-05-14T11:29:36+08:00 ] 192.168.1.251 /Public/Upload/admin2018-05-10/5af3b4855a701.jpg
INFO: [ app_init ] --START--
INFO: Run Behavior\BuildLiteBehavior [ RunTime:0.000015s ]
INFO: [ app_init ] --END-- [ RunTime:0.000462s ]
ERR: 无法加载模块:Public

[ 2018-05-14T11:29:36+08:00 ] 192.168.1.251 /Public/Upload/admin2018-05-10/5af3b7fd8c784.jpg
INFO: [ app_init ] --START--
INFO: Run Behavior\BuildLiteBehavior [ RunTime:0.000014s ]
INFO: [ app_init ] --END-- [ RunTime:0.038505s ]
ERR: 无法加载模块:Public

[ 2018-05-14T11:29:36+08:00 ] 192.168.1.251 /Public/Upload/admin2018-05-10/5af3b3b26a34e.jpg
INFO: [ app_init ] --START--
INFO: Run Behavior\BuildLiteBehavior [ RunTime:0.000016s ]
INFO: [ app_init ] --END-- [ RunTime:0.000677s ]
ERR: 无法加载模块:Public

[ 2018-05-14T11:29:36+08:00 ] 192.168.1.251 /Public/Upload/admin2018-05-10/5af3b61a15eca.jpg
INFO: [ app_init ] --START--
INFO: Run Behavior\BuildLiteBehavior [ RunTime:0.000014s ]
INFO: [ app_init ] --END-- [ RunTime:0.000442s ]
ERR: 无法加载模块:Public

[ 2018-05-14T11:29:36+08:00 ] 192.168.1.251 /Public/Upload/admin2018-05-10/5af3b905e6690.jpg
INFO: [ app_init ] --START--
INFO: Run Behavior\BuildLiteBehavior [ RunTime:0.000020s ]
INFO: [ app_init ] --END-- [ RunTime:0.000534s ]
ERR: 无法加载模块:Public

[ 2018-05-14T11:29:36+08:00 ] 192.168.1.251 /Public/Upload/admin2018-05-10/5af3b2de05b5f.jpg
INFO: [ app_init ] --START--
INFO: Run Behavior\BuildLiteBehavior [ RunTime:0.000018s ]
INFO: [ app_init ] --END-- [ RunTime:0.000471s ]
ERR: 无法加载模块:Public

[ 2018-05-14T11:29:36+08:00 ] 192.168.1.251 /Public/Upload/admin2018-05-10/5af3bc40874fe.jpg
INFO: [ app_init ] --START--
INFO: Run Behavior\BuildLiteBehavior [ RunTime:0.000018s ]
INFO: [ app_init ] --END-- [ RunTime:0.000481s ]
ERR: 无法加载模块:Public

[ 2018-05-14T11:29:36+08:00 ] 192.168.1.251 /Public/Upload/admin2018-05-10/5af3b07d6a49e.jpg
INFO: [ app_init ] --START--
INFO: Run Behavior\BuildLiteBehavior [ RunTime:0.000016s ]
INFO: [ app_init ] --END-- [ RunTime:0.000737s ]
ERR: 无法加载模块:Public

[ 2018-05-14T11:29:36+08:00 ] 192.168.1.251 /Public/Upload/admin2018-05-10/5af3ad5e82c57.jpg
INFO: [ app_init ] --START--
INFO: Run Behavior\BuildLiteBehavior [ RunTime:0.000016s ]
INFO: [ app_init ] --END-- [ RunTime:0.000478s ]
ERR: 无法加载模块:Public

[ 2018-05-14T11:29:36+08:00 ] 192.168.1.251 /Public/Upload/admin2018-05-10/5af3ab000cd90.jpg
INFO: [ app_init ] --START--
INFO: Run Behavior\BuildLiteBehavior [ RunTime:0.000016s ]
INFO: [ app_init ] --END-- [ RunTime:0.000478s ]
ERR: 无法加载模块:Public

[ 2018-05-14T11:29:36+08:00 ] 192.168.1.251 /Public/Upload/admin2018-05-10/5af3bdc852ba4.jpg
INFO: [ app_init ] --START--
INFO: Run Behavior\BuildLiteBehavior [ RunTime:0.000019s ]
INFO: [ app_init ] --END-- [ RunTime:0.000571s ]
ERR: 无法加载模块:Public

[ 2018-05-14T11:29:45+08:00 ] 192.168.1.251 /Public/Upload/admin2018-05-07/5af01bb8e7123.jpg
INFO: [ app_init ] --START--
INFO: Run Behavior\BuildLiteBehavior [ RunTime:0.000012s ]
INFO: [ app_init ] --END-- [ RunTime:0.000324s ]
ERR: 无法加载模块:Public

[ 2018-05-14T11:29:50+08:00 ] 192.168.1.251 /Public/Upload/admin2018-05-07/5af01bb8e7123.jpg
INFO: [ app_init ] --START--
INFO: Run Behavior\BuildLiteBehavior [ RunTime:0.000023s ]
INFO: [ app_init ] --END-- [ RunTime:0.000554s ]
ERR: 无法加载模块:Public

[ 2018-05-14T11:29:50+08:00 ] 192.168.1.251 /Public/Upload/admin2018-05-07/5af01bc1d8030.jpg
INFO: [ app_init ] --START--
INFO: Run Behavior\BuildLiteBehavior [ RunTime:0.000018s ]
INFO: [ app_init ] --END-- [ RunTime:0.000417s ]
ERR: 无法加载模块:Public

[ 2018-05-14T11:30:12+08:00 ] 192.168.1.251 /Public/Upload/admin2018-05-11/5af529fe88fae.jpg
INFO: [ app_init ] --START--
INFO: Run Behavior\BuildLiteBehavior [ RunTime:0.000020s ]
INFO: [ app_init ] --END-- [ RunTime:0.000483s ]
ERR: 无法加载模块:Public

[ 2018-05-14T11:30:12+08:00 ] 192.168.1.251 /Public/Upload/admin2018-05-11/5af507d9cb6e1.jpg
INFO: [ app_init ] --START--
INFO: Run Behavior\BuildLiteBehavior [ RunTime:0.000019s ]
INFO: [ app_init ] --END-- [ RunTime:0.000496s ]
ERR: 无法加载模块:Public

[ 2018-05-14T11:30:12+08:00 ] 192.168.1.251 /Public/Upload/admin2018-05-10/5af40d9d8796b.jpg
INFO: [ app_init ] --START--
INFO: Run Behavior\BuildLiteBehavior [ RunTime:0.000018s ]
INFO: [ app_init ] --END-- [ RunTime:0.000544s ]
ERR: 无法加载模块:Public

[ 2018-05-14T11:30:12+08:00 ] 192.168.1.251 /Public/Upload/admin2018-05-10/5af3bea2785fa.jpg
INFO: [ app_init ] --START--
INFO: Run Behavior\BuildLiteBehavior [ RunTime:0.000016s ]
INFO: [ app_init ] --END-- [ RunTime:0.000467s ]
ERR: 无法加载模块:Public

[ 2018-05-14T11:30:12+08:00 ] 192.168.1.251 /Public/Upload/admin2018-05-11/5af5353d3d2c6.jpg
INFO: [ app_init ] --START--
INFO: Run Behavior\BuildLiteBehavior [ RunTime:0.000016s ]
INFO: [ app_init ] --END-- [ RunTime:0.000454s ]
ERR: 无法加载模块:Public

[ 2018-05-14T11:30:12+08:00 ] 192.168.1.251 /Public/Upload/admin2018-05-10/5af3bdc852ba4.jpg
INFO: [ app_init ] --START--
INFO: Run Behavior\BuildLiteBehavior [ RunTime:0.000014s ]
INFO: [ app_init ] --END-- [ RunTime:0.000402s ]
ERR: 无法加载模块:Public

[ 2018-05-14T11:30:12+08:00 ] 192.168.1.251 /Public/Upload/admin2018-05-11/5af4ee8343e7c.jpg
INFO: [ app_init ] --START--
INFO: Run Behavior\BuildLiteBehavior [ RunTime:0.000016s ]
INFO: [ app_init ] --END-- [ RunTime:0.000465s ]
ERR: 无法加载模块:Public

[ 2018-05-14T11:30:12+08:00 ] 192.168.1.251 /Public/Upload/admin2018-05-10/5af40039950d8.jpg
INFO: [ app_init ] --START--
INFO: Run Behavior\BuildLiteBehavior [ RunTime:0.000019s ]
INFO: [ app_init ] --END-- [ RunTime:0.000554s ]
ERR: 无法加载模块:Public

[ 2018-05-14T11:30:12+08:00 ] 192.168.1.251 /Public/Upload/admin2018-05-10/5af3bc40874fe.jpg
INFO: [ app_init ] --START--
INFO: Run Behavior\BuildLiteBehavior [ RunTime:0.000020s ]
INFO: [ app_init ] --END-- [ RunTime:0.001157s ]
ERR: 无法加载模块:Public

[ 2018-05-14T11:30:12+08:00 ] 192.168.1.251 /Public/Upload/admin2018-05-10/5af3baba91f54.jpg
INFO: [ app_init ] --START--
INFO: Run Behavior\BuildLiteBehavior [ RunTime:0.000016s ]
INFO: [ app_init ] --END-- [ RunTime:0.000870s ]
ERR: 无法加载模块:Public

[ 2018-05-14T11:30:12+08:00 ] 192.168.1.251 /Public/Upload/admin2018-05-10/5af3b905e6690.jpg
INFO: [ app_init ] --START--
INFO: Run Behavior\BuildLiteBehavior [ RunTime:0.000019s ]
INFO: [ app_init ] --END-- [ RunTime:0.000997s ]
ERR: 无法加载模块:Public

[ 2018-05-14T11:30:12+08:00 ] 192.168.1.251 /Public/Upload/admin2018-05-10/5af3b7fd8c784.jpg
INFO: [ app_init ] --START--
INFO: Run Behavior\BuildLiteBehavior [ RunTime:0.000017s ]
INFO: [ app_init ] --END-- [ RunTime:0.000611s ]
ERR: 无法加载模块:Public

[ 2018-05-14T11:30:12+08:00 ] 192.168.1.251 /Public/Upload/admin2018-05-10/5af3b61a15eca.jpg
INFO: [ app_init ] --START--
INFO: Run Behavior\BuildLiteBehavior [ RunTime:0.000019s ]
INFO: [ app_init ] --END-- [ RunTime:0.001121s ]
ERR: 无法加载模块:Public

[ 2018-05-14T11:30:12+08:00 ] 192.168.1.251 /Public/Upload/admin2018-05-10/5af3b5663aaee.jpg
INFO: [ app_init ] --START--
INFO: Run Behavior\BuildLiteBehavior [ RunTime:0.000049s ]
INFO: [ app_init ] --END-- [ RunTime:0.001324s ]
ERR: 无法加载模块:Public

[ 2018-05-14T11:30:12+08:00 ] 192.168.1.251 /Public/Upload/admin2018-05-10/5af3b3b26a34e.jpg
INFO: [ app_init ] --START--
INFO: Run Behavior\BuildLiteBehavior [ RunTime:0.000018s ]
INFO: [ app_init ] --END-- [ RunTime:0.000508s ]
ERR: 无法加载模块:Public

[ 2018-05-14T11:30:12+08:00 ] 192.168.1.251 /Public/Upload/admin2018-05-10/5af3b4855a701.jpg
INFO: [ app_init ] --START--
INFO: Run Behavior\BuildLiteBehavior [ RunTime:0.000017s ]
INFO: [ app_init ] --END-- [ RunTime:0.000529s ]
ERR: 无法加载模块:Public

[ 2018-05-14T11:30:12+08:00 ] 192.168.1.251 /Public/Upload/admin2018-05-10/5af3b07d6a49e.jpg
INFO: [ app_init ] --START--
INFO: Run Behavior\BuildLiteBehavior [ RunTime:0.000016s ]
INFO: [ app_init ] --END-- [ RunTime:0.000478s ]
ERR: 无法加载模块:Public

[ 2018-05-14T11:30:12+08:00 ] 192.168.1.251 /Public/Upload/admin2018-05-10/5af3b2de05b5f.jpg
INFO: [ app_init ] --START--
INFO: Run Behavior\BuildLiteBehavior [ RunTime:0.000020s ]
INFO: [ app_init ] --END-- [ RunTime:0.003038s ]
ERR: 无法加载模块:Public

[ 2018-05-14T11:30:12+08:00 ] 192.168.1.251 /Public/Upload/admin2018-05-10/5af3ad5e82c57.jpg
INFO: [ app_init ] --START--
INFO: Run Behavior\BuildLiteBehavior [ RunTime:0.000017s ]
INFO: [ app_init ] --END-- [ RunTime:0.000500s ]
ERR: 无法加载模块:Public

[ 2018-05-14T11:30:12+08:00 ] 192.168.1.251 /Public/Upload/admin2018-05-10/5af3ab000cd90.jpg
INFO: [ app_init ] --START--
INFO: Run Behavior\BuildLiteBehavior [ RunTime:0.000017s ]
INFO: [ app_init ] --END-- [ RunTime:0.000543s ]
ERR: 无法加载模块:Public

[ 2018-05-14T11:30:44+08:00 ] 192.168.1.251 /Public/Upload/admin2018-05-07/5af01bb8e7123.jpg
INFO: [ app_init ] --START--
INFO: Run Behavior\BuildLiteBehavior [ RunTime:0.000022s ]
INFO: [ app_init ] --END-- [ RunTime:0.000500s ]
ERR: 无法加载模块:Public

[ 2018-05-14T11:30:48+08:00 ] 192.168.1.251 /Public/Upload/admin2018-05-07/5af01bb8e7123.jpg
INFO: [ app_init ] --START--
INFO: Run Behavior\BuildLiteBehavior [ RunTime:0.000020s ]
INFO: [ app_init ] --END-- [ RunTime:0.000468s ]
ERR: 无法加载模块:Public

[ 2018-05-14T11:30:48+08:00 ] 192.168.1.251 /Public/Upload/admin2018-05-07/5af01bc1d8030.jpg
INFO: [ app_init ] --START--
INFO: Run Behavior\BuildLiteBehavior [ RunTime:0.000017s ]
INFO: [ app_init ] --END-- [ RunTime:0.000461s ]
ERR: 无法加载模块:Public

[ 2018-05-14T11:30:48+08:00 ] 192.168.1.251 /Public/Upload/admin2018-05-07/5af01bbf0bdaf.jpg
INFO: [ app_init ] --START--
INFO: Run Behavior\BuildLiteBehavior [ RunTime:0.000018s ]
INFO: [ app_init ] --END-- [ RunTime:0.000497s ]
ERR: 无法加载模块:Public

[ 2018-05-14T11:30:48+08:00 ] 192.168.1.251 /Public/Upload/admin2018-05-07/5af01bbc3c851.jpg
INFO: [ app_init ] --START--
INFO: Run Behavior\BuildLiteBehavior [ RunTime:0.000022s ]
INFO: [ app_init ] --END-- [ RunTime:0.000567s ]
ERR: 无法加载模块:Public

[ 2018-05-14T11:31:55+08:00 ] 192.168.1.251 /Public/Upload/admin2018-05-11/5af529fe88fae.jpg
INFO: [ app_init ] --START--
INFO: Run Behavior\BuildLiteBehavior [ RunTime:0.000018s ]
INFO: [ app_init ] --END-- [ RunTime:0.000457s ]
ERR: 无法加载模块:Public

[ 2018-05-14T11:31:55+08:00 ] 192.168.1.251 /Public/Upload/admin2018-05-11/5af4ee8343e7c.jpg
INFO: [ app_init ] --START--
INFO: Run Behavior\BuildLiteBehavior [ RunTime:0.000016s ]
INFO: [ app_init ] --END-- [ RunTime:0.000511s ]
ERR: 无法加载模块:Public

[ 2018-05-14T11:31:55+08:00 ] 192.168.1.251 /Public/Upload/admin2018-05-10/5af40d9d8796b.jpg
INFO: [ app_init ] --START--
INFO: Run Behavior\BuildLiteBehavior [ RunTime:0.000040s ]
INFO: [ app_init ] --END-- [ RunTime:0.002994s ]
ERR: 无法加载模块:Public

[ 2018-05-14T11:31:55+08:00 ] 192.168.1.251 /Public/Upload/admin2018-05-11/5af5353d3d2c6.jpg
INFO: [ app_init ] --START--
INFO: Run Behavior\BuildLiteBehavior [ RunTime:0.000022s ]
INFO: [ app_init ] --END-- [ RunTime:0.002773s ]
ERR: 无法加载模块:Public

[ 2018-05-14T11:31:55+08:00 ] 192.168.1.251 /Public/Upload/admin2018-05-10/5af40039950d8.jpg
INFO: [ app_init ] --START--
INFO: Run Behavior\BuildLiteBehavior [ RunTime:0.000017s ]
INFO: [ app_init ] --END-- [ RunTime:0.000509s ]
ERR: 无法加载模块:Public

[ 2018-05-14T11:31:55+08:00 ] 192.168.1.251 /Public/Upload/admin2018-05-10/5af3bdc852ba4.jpg
INFO: [ app_init ] --START--
INFO: Run Behavior\BuildLiteBehavior [ RunTime:0.000016s ]
INFO: [ app_init ] --END-- [ RunTime:0.000644s ]
ERR: 无法加载模块:Public

[ 2018-05-14T11:31:55+08:00 ] 192.168.1.251 /Public/Upload/admin2018-05-10/5af3bc40874fe.jpg
INFO: [ app_init ] --START--
INFO: Run Behavior\BuildLiteBehavior [ RunTime:0.000016s ]
INFO: [ app_init ] --END-- [ RunTime:0.000453s ]
ERR: 无法加载模块:Public

[ 2018-05-14T11:31:55+08:00 ] 192.168.1.251 /Public/Upload/admin2018-05-11/5af507d9cb6e1.jpg
INFO: [ app_init ] --START--
INFO: Run Behavior\BuildLiteBehavior [ RunTime:0.000017s ]
INFO: [ app_init ] --END-- [ RunTime:0.000505s ]
ERR: 无法加载模块:Public

[ 2018-05-14T11:31:55+08:00 ] 192.168.1.251 /Public/Upload/admin2018-05-10/5af3baba91f54.jpg
INFO: [ app_init ] --START--
INFO: Run Behavior\BuildLiteBehavior [ RunTime:0.000020s ]
INFO: [ app_init ] --END-- [ RunTime:0.000469s ]
ERR: 无法加载模块:Public

[ 2018-05-14T11:31:55+08:00 ] 192.168.1.251 /Public/Upload/admin2018-05-10/5af3b7fd8c784.jpg
INFO: [ app_init ] --START--
INFO: Run Behavior\BuildLiteBehavior [ RunTime:0.000016s ]
INFO: [ app_init ] --END-- [ RunTime:0.000475s ]
ERR: 无法加载模块:Public

[ 2018-05-14T11:31:55+08:00 ] 192.168.1.251 /Public/Upload/admin2018-05-10/5af3b61a15eca.jpg
INFO: [ app_init ] --START--
INFO: Run Behavior\BuildLiteBehavior [ RunTime:0.000018s ]
INFO: [ app_init ] --END-- [ RunTime:0.000465s ]
ERR: 无法加载模块:Public

[ 2018-05-14T11:31:55+08:00 ] 192.168.1.251 /Public/Upload/admin2018-05-10/5af3b4855a701.jpg
INFO: [ app_init ] --START--
INFO: Run Behavior\BuildLiteBehavior [ RunTime:0.000015s ]
INFO: [ app_init ] --END-- [ RunTime:0.000445s ]
ERR: 无法加载模块:Public

[ 2018-05-14T11:31:55+08:00 ] 192.168.1.251 /Public/Upload/admin2018-05-10/5af3b3b26a34e.jpg
INFO: [ app_init ] --START--
INFO: Run Behavior\BuildLiteBehavior [ RunTime:0.000015s ]
INFO: [ app_init ] --END-- [ RunTime:0.000464s ]
ERR: 无法加载模块:Public

[ 2018-05-14T11:31:55+08:00 ] 192.168.1.251 /Public/Upload/admin2018-05-10/5af3b5663aaee.jpg
INFO: [ app_init ] --START--
INFO: Run Behavior\BuildLiteBehavior [ RunTime:0.000013s ]
INFO: [ app_init ] --END-- [ RunTime:0.000446s ]
ERR: 无法加载模块:Public

[ 2018-05-14T11:31:55+08:00 ] 192.168.1.251 /Public/Upload/admin2018-05-10/5af3b905e6690.jpg
INFO: [ app_init ] --START--
INFO: Run Behavior\BuildLiteBehavior [ RunTime:0.000015s ]
INFO: [ app_init ] --END-- [ RunTime:0.000454s ]
ERR: 无法加载模块:Public

[ 2018-05-14T11:31:55+08:00 ] 192.168.1.251 /Public/Upload/admin2018-05-10/5af3b07d6a49e.jpg
INFO: [ app_init ] --START--
INFO: Run Behavior\BuildLiteBehavior [ RunTime:0.000016s ]
INFO: [ app_init ] --END-- [ RunTime:0.000482s ]
ERR: 无法加载模块:Public

[ 2018-05-14T11:31:55+08:00 ] 192.168.1.251 /Public/Upload/admin2018-05-10/5af3ab000cd90.jpg
INFO: [ app_init ] --START--
INFO: Run Behavior\BuildLiteBehavior [ RunTime:0.000017s ]
INFO: [ app_init ] --END-- [ RunTime:0.000501s ]
ERR: 无法加载模块:Public

[ 2018-05-14T11:31:55+08:00 ] 192.168.1.251 /Public/Upload/admin2018-05-10/5af3b2de05b5f.jpg
INFO: [ app_init ] --START--
INFO: Run Behavior\BuildLiteBehavior [ RunTime:0.000018s ]
INFO: [ app_init ] --END-- [ RunTime:0.000928s ]
ERR: 无法加载模块:Public

[ 2018-05-14T11:31:55+08:00 ] 192.168.1.251 /Public/Upload/admin2018-05-10/5af3ad5e82c57.jpg
INFO: [ app_init ] --START--
INFO: Run Behavior\BuildLiteBehavior [ RunTime:0.000018s ]
INFO: [ app_init ] --END-- [ RunTime:0.000536s ]
ERR: 无法加载模块:Public

[ 2018-05-14T11:31:55+08:00 ] 192.168.1.251 /Public/Upload/admin2018-05-10/5af3bea2785fa.jpg
INFO: [ app_init ] --START--
INFO: Run Behavior\BuildLiteBehavior [ RunTime:0.000019s ]
INFO: [ app_init ] --END-- [ RunTime:0.000521s ]
ERR: 无法加载模块:Public

[ 2018-05-14T13:02:02+08:00 ] 192.168.1.251 /Public/Upload/admin2018-04-28/5ae3e3d188626.gif
INFO: [ app_init ] --START--
INFO: Run Behavior\BuildLiteBehavior [ RunTime:0.000055s ]
INFO: [ app_init ] --END-- [ RunTime:0.000859s ]
ERR: 无法加载模块:Public

[ 2018-05-14T13:06:13+08:00 ] 192.168.1.251 /Public/Upload/admin2018-04-28/5ae3e3d188626.gif
INFO: [ app_init ] --START--
INFO: Run Behavior\BuildLiteBehavior [ RunTime:0.000026s ]
INFO: [ app_init ] --END-- [ RunTime:0.000640s ]
ERR: 无法加载模块:Public

[ 2018-05-14T13:06:15+08:00 ] 192.168.1.251 /Public/Upload/admin2018-04-28/5ae3e3d188626.gif
INFO: [ app_init ] --START--
INFO: Run Behavior\BuildLiteBehavior [ RunTime:0.000015s ]
INFO: [ app_init ] --END-- [ RunTime:0.000352s ]
ERR: 无法加载模块:Public

[ 2018-05-14T13:06:47+08:00 ] 192.168.1.251 /Public/Upload/admin2018-04-28/5ae3e3d188626.gif
INFO: [ app_init ] --START--
INFO: Run Behavior\BuildLiteBehavior [ RunTime:0.000012s ]
INFO: [ app_init ] --END-- [ RunTime:0.000352s ]
ERR: 无法加载模块:Public

[ 2018-05-14T13:07:33+08:00 ] 192.168.1.251 /Public/Upload/admin2018-04-28/5ae3e3d188626.gif
INFO: [ app_init ] --START--
INFO: Run Behavior\BuildLiteBehavior [ RunTime:0.000014s ]
INFO: [ app_init ] --END-- [ RunTime:0.000576s ]
ERR: 无法加载模块:Public

[ 2018-05-14T13:07:49+08:00 ] 192.168.1.251 /Public/Upload/admin2018-04-28/5ae3e3d188626.gif
INFO: [ app_init ] --START--
INFO: Run Behavior\BuildLiteBehavior [ RunTime:0.000012s ]
INFO: [ app_init ] --END-- [ RunTime:0.000339s ]
ERR: 无法加载模块:Public

[ 2018-05-14T13:07:53+08:00 ] 192.168.1.251 /Public/Upload/admin2018-04-28/5ae3e3d188626.gif
INFO: [ app_init ] --START--
INFO: Run Behavior\BuildLiteBehavior [ RunTime:0.000019s ]
INFO: [ app_init ] --END-- [ RunTime:0.000597s ]
ERR: 无法加载模块:Public

[ 2018-05-14T13:08:01+08:00 ] 192.168.1.251 /Public/Upload/admin2018-04-28/5ae3e3d188626.gif
INFO: [ app_init ] --START--
INFO: Run Behavior\BuildLiteBehavior [ RunTime:0.000020s ]
INFO: [ app_init ] --END-- [ RunTime:0.000733s ]
ERR: 无法加载模块:Public

[ 2018-05-14T13:08:09+08:00 ] 192.168.1.251 /Public/Upload/admin2018-04-28/5ae3e3d188626.gif
INFO: [ app_init ] --START--
INFO: Run Behavior\BuildLiteBehavior [ RunTime:0.002310s ]
INFO: [ app_init ] --END-- [ RunTime:0.004498s ]
ERR: 无法加载模块:Public

[ 2018-05-14T13:08:13+08:00 ] 192.168.1.251 /Public/Upload/admin2018-04-28/5ae3e3d188626.gif
INFO: [ app_init ] --START--
INFO: Run Behavior\BuildLiteBehavior [ RunTime:0.000012s ]
INFO: [ app_init ] --END-- [ RunTime:0.000411s ]
ERR: 无法加载模块:Public

[ 2018-05-14T13:08:23+08:00 ] 192.168.1.251 /Public/Upload/admin2018-04-28/5ae3e3d188626.gif
INFO: [ app_init ] --START--
INFO: Run Behavior\BuildLiteBehavior [ RunTime:0.000011s ]
INFO: [ app_init ] --END-- [ RunTime:0.000377s ]
ERR: 无法加载模块:Public

[ 2018-05-14T13:08:34+08:00 ] 192.168.1.251 /Public/Upload/admin2018-04-28/5ae3e3d188626.gif
INFO: [ app_init ] --START--
INFO: Run Behavior\BuildLiteBehavior [ RunTime:0.000011s ]
INFO: [ app_init ] --END-- [ RunTime:0.000353s ]
ERR: 无法加载模块:Public

[ 2018-05-14T13:08:37+08:00 ] 192.168.1.251 /Public/Upload/admin2018-04-28/5ae3e3d188626.gif
INFO: [ app_init ] --START--
INFO: Run Behavior\BuildLiteBehavior [ RunTime:0.000017s ]
INFO: [ app_init ] --END-- [ RunTime:0.000548s ]
ERR: 无法加载模块:Public

[ 2018-05-14T13:08:43+08:00 ] 192.168.1.251 /Public/Upload/admin2018-04-28/5ae3e3d188626.gif
INFO: [ app_init ] --START--
INFO: Run Behavior\BuildLiteBehavior [ RunTime:0.000017s ]
INFO: [ app_init ] --END-- [ RunTime:0.000493s ]
ERR: 无法加载模块:Public

[ 2018-05-14T13:08:47+08:00 ] 192.168.1.251 /Public/Upload/admin2018-04-28/5ae3e3d188626.gif
INFO: [ app_init ] --START--
INFO: Run Behavior\BuildLiteBehavior [ RunTime:0.000050s ]
INFO: [ app_init ] --END-- [ RunTime:0.000863s ]
ERR: 无法加载模块:Public

[ 2018-05-14T13:08:49+08:00 ] 192.168.1.251 /Public/Upload/admin2018-04-28/5ae3e3d188626.gif
INFO: [ app_init ] --START--
INFO: Run Behavior\BuildLiteBehavior [ RunTime:0.000011s ]
INFO: [ app_init ] --END-- [ RunTime:0.000356s ]
ERR: 无法加载模块:Public

[ 2018-05-14T13:08:53+08:00 ] 192.168.1.251 /Public/Upload/admin2018-04-28/5ae3e3d188626.gif
INFO: [ app_init ] --START--
INFO: Run Behavior\BuildLiteBehavior [ RunTime:0.000010s ]
INFO: [ app_init ] --END-- [ RunTime:0.000313s ]
ERR: 无法加载模块:Public

[ 2018-05-14T13:09:14+08:00 ] 192.168.1.251 /Public/Upload/admin2018-04-28/5ae3e3d188626.gif
INFO: [ app_init ] --START--
INFO: Run Behavior\BuildLiteBehavior [ RunTime:0.000011s ]
INFO: [ app_init ] --END-- [ RunTime:0.000329s ]
ERR: 无法加载模块:Public

[ 2018-05-14T13:09:16+08:00 ] 192.168.1.251 /Public/Upload/admin2018-04-28/5ae3e3d188626.gif
INFO: [ app_init ] --START--
INFO: Run Behavior\BuildLiteBehavior [ RunTime:0.000010s ]
INFO: [ app_init ] --END-- [ RunTime:0.000310s ]
ERR: 无法加载模块:Public

[ 2018-05-14T13:09:19+08:00 ] 192.168.1.251 /Public/Upload/admin2018-04-28/5ae3e3d188626.gif
INFO: [ app_init ] --START--
INFO: Run Behavior\BuildLiteBehavior [ RunTime:0.000015s ]
INFO: [ app_init ] --END-- [ RunTime:0.000438s ]
ERR: 无法加载模块:Public

[ 2018-05-14T13:09:42+08:00 ] 192.168.1.251 /Public/Upload/admin2018-04-28/5ae3e3d188626.gif
INFO: [ app_init ] --START--
INFO: Run Behavior\BuildLiteBehavior [ RunTime:0.000014s ]
INFO: [ app_init ] --END-- [ RunTime:0.000484s ]
ERR: 无法加载模块:Public

[ 2018-05-14T13:11:35+08:00 ] 192.168.1.251 /Public/Upload/admin2018-04-28/5ae3e3d188626.gif
INFO: [ app_init ] --START--
INFO: Run Behavior\BuildLiteBehavior [ RunTime:0.000014s ]
INFO: [ app_init ] --END-- [ RunTime:0.001003s ]
ERR: 无法加载模块:Public

[ 2018-05-14T13:11:38+08:00 ] 192.168.1.251 /Public/Upload/admin2018-04-28/5ae3e3d188626.gif
INFO: [ app_init ] --START--
INFO: Run Behavior\BuildLiteBehavior [ RunTime:0.000016s ]
INFO: [ app_init ] --END-- [ RunTime:0.000691s ]
ERR: 无法加载模块:Public

[ 2018-05-14T13:11:40+08:00 ] 192.168.1.251 /Public/Upload/admin2018-04-28/5ae3e3d188626.gif
INFO: [ app_init ] --START--
INFO: Run Behavior\BuildLiteBehavior [ RunTime:0.000014s ]
INFO: [ app_init ] --END-- [ RunTime:0.000495s ]
ERR: 无法加载模块:Public

[ 2018-05-14T13:12:03+08:00 ] 192.168.1.251 /Public/Upload/admin2018-04-28/5ae3e3d188626.gif
INFO: [ app_init ] --START--
INFO: Run Behavior\BuildLiteBehavior [ RunTime:0.000012s ]
INFO: [ app_init ] --END-- [ RunTime:0.000384s ]
ERR: 无法加载模块:Public

[ 2018-05-14T13:13:09+08:00 ] 192.168.1.251 /Public/Upload/admin2018-04-28/5ae3e3d188626.gif
INFO: [ app_init ] --START--
INFO: Run Behavior\BuildLiteBehavior [ RunTime:0.000011s ]
INFO: [ app_init ] --END-- [ RunTime:0.000307s ]
ERR: 无法加载模块:Public

[ 2018-05-14T13:13:13+08:00 ] 192.168.1.251 /Public/Upload/admin2018-04-28/5ae3e3d188626.gif
INFO: [ app_init ] --START--
INFO: Run Behavior\BuildLiteBehavior [ RunTime:0.000011s ]
INFO: [ app_init ] --END-- [ RunTime:0.000315s ]
ERR: 无法加载模块:Public

[ 2018-05-14T13:13:14+08:00 ] 192.168.1.251 /Public/Upload/admin2018-04-28/5ae3e3d188626.gif
INFO: [ app_init ] --START--
INFO: Run Behavior\BuildLiteBehavior [ RunTime:0.000013s ]
INFO: [ app_init ] --END-- [ RunTime:0.000372s ]
ERR: 无法加载模块:Public

[ 2018-05-14T13:13:15+08:00 ] 192.168.1.251 /Public/Upload/admin2018-04-28/5ae3e3d188626.gif
INFO: [ app_init ] --START--
INFO: Run Behavior\BuildLiteBehavior [ RunTime:0.000012s ]
INFO: [ app_init ] --END-- [ RunTime:0.000375s ]
ERR: 无法加载模块:Public

[ 2018-05-14T13:13:16+08:00 ] 192.168.1.251 /Public/Upload/admin2018-04-28/5ae3e3d188626.gif
INFO: [ app_init ] --START--
INFO: Run Behavior\BuildLiteBehavior [ RunTime:0.000011s ]
INFO: [ app_init ] --END-- [ RunTime:0.000457s ]
ERR: 无法加载模块:Public

[ 2018-05-14T13:13:19+08:00 ] 192.168.1.251 /Public/Upload/admin2018-04-28/5ae3e3d188626.gif
INFO: [ app_init ] --START--
INFO: Run Behavior\BuildLiteBehavior [ RunTime:0.000015s ]
INFO: [ app_init ] --END-- [ RunTime:0.000381s ]
ERR: 无法加载模块:Public

[ 2018-05-14T13:13:21+08:00 ] 192.168.1.251 /Public/Upload/admin2018-04-28/5ae3e3d188626.gif
INFO: [ app_init ] --START--
INFO: Run Behavior\BuildLiteBehavior [ RunTime:0.000011s ]
INFO: [ app_init ] --END-- [ RunTime:0.000311s ]
ERR: 无法加载模块:Public

[ 2018-05-14T13:13:22+08:00 ] 192.168.1.251 /Public/Upload/admin2018-04-28/5ae3e3d188626.gif
INFO: [ app_init ] --START--
INFO: Run Behavior\BuildLiteBehavior [ RunTime:0.000010s ]
INFO: [ app_init ] --END-- [ RunTime:0.000310s ]
ERR: 无法加载模块:Public

[ 2018-05-14T13:13:24+08:00 ] 192.168.1.251 /Public/Upload/admin2018-04-28/5ae3e3d188626.gif
INFO: [ app_init ] --START--
INFO: Run Behavior\BuildLiteBehavior [ RunTime:0.000020s ]
INFO: [ app_init ] --END-- [ RunTime:0.000616s ]
ERR: 无法加载模块:Public

[ 2018-05-14T13:13:26+08:00 ] 192.168.1.251 /Public/Upload/admin2018-04-28/5ae3e3d188626.gif
INFO: [ app_init ] --START--
INFO: Run Behavior\BuildLiteBehavior [ RunTime:0.000011s ]
INFO: [ app_init ] --END-- [ RunTime:0.000357s ]
ERR: 无法加载模块:Public

[ 2018-05-14T13:13:28+08:00 ] 192.168.1.251 /Public/Upload/admin2018-04-28/5ae3e3d188626.gif
INFO: [ app_init ] --START--
INFO: Run Behavior\BuildLiteBehavior [ RunTime:0.000022s ]
INFO: [ app_init ] --END-- [ RunTime:0.000488s ]
ERR: 无法加载模块:Public

[ 2018-05-14T13:13:31+08:00 ] 192.168.1.251 /Public/Upload/admin2018-04-28/5ae3e3d188626.gif
INFO: [ app_init ] --START--
INFO: Run Behavior\BuildLiteBehavior [ RunTime:0.000019s ]
INFO: [ app_init ] --END-- [ RunTime:0.000582s ]
ERR: 无法加载模块:Public

[ 2018-05-14T13:13:33+08:00 ] 192.168.1.251 /Public/Upload/admin2018-04-28/5ae3e3d188626.gif
INFO: [ app_init ] --START--
INFO: Run Behavior\BuildLiteBehavior [ RunTime:0.000014s ]
INFO: [ app_init ] --END-- [ RunTime:0.000424s ]
ERR: 无法加载模块:Public

[ 2018-05-14T13:13:35+08:00 ] 192.168.1.251 /Public/Upload/admin2018-04-28/5ae3e3d188626.gif
INFO: [ app_init ] --START--
INFO: Run Behavior\BuildLiteBehavior [ RunTime:0.000029s ]
INFO: [ app_init ] --END-- [ RunTime:0.000670s ]
ERR: 无法加载模块:Public

[ 2018-05-14T13:13:38+08:00 ] 192.168.1.251 /Public/Upload/admin2018-04-28/5ae3e3d188626.gif
INFO: [ app_init ] --START--
INFO: Run Behavior\BuildLiteBehavior [ RunTime:0.000013s ]
INFO: [ app_init ] --END-- [ RunTime:0.000490s ]
ERR: 无法加载模块:Public

[ 2018-05-14T13:13:40+08:00 ] 192.168.1.251 /Public/Upload/admin2018-04-28/5ae3e3d188626.gif
INFO: [ app_init ] --START--
INFO: Run Behavior\BuildLiteBehavior [ RunTime:0.000017s ]
INFO: [ app_init ] --END-- [ RunTime:0.000564s ]
ERR: 无法加载模块:Public

[ 2018-05-14T13:13:51+08:00 ] 192.168.1.251 /Public/Upload/admin2018-04-28/5ae3e3d188626.gif
INFO: [ app_init ] --START--
INFO: Run Behavior\BuildLiteBehavior [ RunTime:0.000010s ]
INFO: [ app_init ] --END-- [ RunTime:0.000330s ]
ERR: 无法加载模块:Public

[ 2018-05-14T13:14:48+08:00 ] 192.168.1.251 /Public/Upload/admin2018-04-28/5ae3e3d188626.gif
INFO: [ app_init ] --START--
INFO: Run Behavior\BuildLiteBehavior [ RunTime:0.000011s ]
INFO: [ app_init ] --END-- [ RunTime:0.000317s ]
ERR: 无法加载模块:Public

[ 2018-05-14T13:14:51+08:00 ] 192.168.1.251 /Public/Upload/admin2018-04-28/5ae3e3d188626.gif
INFO: [ app_init ] --START--
INFO: Run Behavior\BuildLiteBehavior [ RunTime:0.000020s ]
INFO: [ app_init ] --END-- [ RunTime:0.000769s ]
ERR: 无法加载模块:Public

[ 2018-05-14T13:14:54+08:00 ] 192.168.1.251 /Public/Upload/admin2018-04-28/5ae3e3d188626.gif
INFO: [ app_init ] --START--
INFO: Run Behavior\BuildLiteBehavior [ RunTime:0.000011s ]
INFO: [ app_init ] --END-- [ RunTime:0.000323s ]
ERR: 无法加载模块:Public

[ 2018-05-14T13:15:01+08:00 ] 192.168.1.251 /Public/Upload/admin2018-04-28/5ae3e3d188626.gif
INFO: [ app_init ] --START--
INFO: Run Behavior\BuildLiteBehavior [ RunTime:0.000020s ]
INFO: [ app_init ] --END-- [ RunTime:0.000785s ]
ERR: 无法加载模块:Public

[ 2018-05-14T13:15:04+08:00 ] 192.168.1.251 /Public/Upload/admin2018-04-28/5ae3e3d188626.gif
INFO: [ app_init ] --START--
INFO: Run Behavior\BuildLiteBehavior [ RunTime:0.000011s ]
INFO: [ app_init ] --END-- [ RunTime:0.000313s ]
ERR: 无法加载模块:Public

[ 2018-05-14T13:15:07+08:00 ] 192.168.1.251 /Public/Upload/admin2018-04-28/5ae3e3d188626.gif
INFO: [ app_init ] --START--
INFO: Run Behavior\BuildLiteBehavior [ RunTime:0.000010s ]
INFO: [ app_init ] --END-- [ RunTime:0.000329s ]
ERR: 无法加载模块:Public

[ 2018-05-14T13:15:08+08:00 ] 192.168.1.251 /Public/Upload/admin2018-04-28/5ae3e3d188626.gif
INFO: [ app_init ] --START--
INFO: Run Behavior\BuildLiteBehavior [ RunTime:0.000021s ]
INFO: [ app_init ] --END-- [ RunTime:0.000728s ]
ERR: 无法加载模块:Public

[ 2018-05-14T13:15:10+08:00 ] 192.168.1.251 /Public/Upload/admin2018-04-28/5ae3e3d188626.gif
INFO: [ app_init ] --START--
INFO: Run Behavior\BuildLiteBehavior [ RunTime:0.000011s ]
INFO: [ app_init ] --END-- [ RunTime:0.000357s ]
ERR: 无法加载模块:Public

[ 2018-05-14T13:15:31+08:00 ] 192.168.1.251 /Public/Upload/admin2018-04-28/5ae3e3d188626.gif
INFO: [ app_init ] --START--
INFO: Run Behavior\BuildLiteBehavior [ RunTime:0.000013s ]
INFO: [ app_init ] --END-- [ RunTime:0.000362s ]
ERR: 无法加载模块:Public

[ 2018-05-14T13:15:49+08:00 ] 192.168.1.251 /Public/Upload/admin2018-04-28/5ae3e3d188626.gif
INFO: [ app_init ] --START--
INFO: Run Behavior\BuildLiteBehavior [ RunTime:0.000012s ]
INFO: [ app_init ] --END-- [ RunTime:0.000393s ]
ERR: 无法加载模块:Public

[ 2018-05-14T13:15:53+08:00 ] 192.168.1.251 /Public/Upload/admin2018-04-28/5ae3e3d188626.gif
INFO: [ app_init ] --START--
INFO: Run Behavior\BuildLiteBehavior [ RunTime:0.000011s ]
INFO: [ app_init ] --END-- [ RunTime:0.000343s ]
ERR: 无法加载模块:Public

[ 2018-05-14T13:15:54+08:00 ] 192.168.1.251 /Public/Upload/admin2018-04-28/5ae3e3d188626.gif
INFO: [ app_init ] --START--
INFO: Run Behavior\BuildLiteBehavior [ RunTime:0.000016s ]
INFO: [ app_init ] --END-- [ RunTime:0.000484s ]
ERR: 无法加载模块:Public

[ 2018-05-14T13:15:55+08:00 ] 192.168.1.251 /Public/Upload/admin2018-04-28/5ae3e3d188626.gif
INFO: [ app_init ] --START--
INFO: Run Behavior\BuildLiteBehavior [ RunTime:0.000011s ]
INFO: [ app_init ] --END-- [ RunTime:0.000438s ]
ERR: 无法加载模块:Public

[ 2018-05-14T13:16:01+08:00 ] 192.168.1.251 /Public/Upload/admin2018-04-28/5ae3e3d188626.gif
INFO: [ app_init ] --START--
INFO: Run Behavior\BuildLiteBehavior [ RunTime:0.000010s ]
INFO: [ app_init ] --END-- [ RunTime:0.000317s ]
ERR: 无法加载模块:Public

[ 2018-05-14T13:16:07+08:00 ] 192.168.1.251 /Public/Upload/admin2018-04-28/5ae3e3d188626.gif
INFO: [ app_init ] --START--
INFO: Run Behavior\BuildLiteBehavior [ RunTime:0.000017s ]
INFO: [ app_init ] --END-- [ RunTime:0.000561s ]
ERR: 无法加载模块:Public

[ 2018-05-14T13:16:21+08:00 ] 192.168.1.251 /Public/Upload/admin2018-04-28/5ae3e3d188626.gif
INFO: [ app_init ] --START--
INFO: Run Behavior\BuildLiteBehavior [ RunTime:0.000018s ]
INFO: [ app_init ] --END-- [ RunTime:0.000592s ]
ERR: 无法加载模块:Public

[ 2018-05-14T13:16:39+08:00 ] 192.168.1.251 /Public/Upload/admin2018-04-28/5ae3e3d188626.gif
INFO: [ app_init ] --START--
INFO: Run Behavior\BuildLiteBehavior [ RunTime:0.000011s ]
INFO: [ app_init ] --END-- [ RunTime:0.000304s ]
ERR: 无法加载模块:Public

[ 2018-05-14T13:16:48+08:00 ] 192.168.1.251 /Public/Upload/admin2018-04-28/5ae3e3d188626.gif
INFO: [ app_init ] --START--
INFO: Run Behavior\BuildLiteBehavior [ RunTime:0.000022s ]
INFO: [ app_init ] --END-- [ RunTime:0.000797s ]
ERR: 无法加载模块:Public

[ 2018-05-14T13:16:51+08:00 ] 192.168.1.251 /Public/Upload/admin2018-04-28/5ae3e3d188626.gif
INFO: [ app_init ] --START--
INFO: Run Behavior\BuildLiteBehavior [ RunTime:0.000021s ]
INFO: [ app_init ] --END-- [ RunTime:0.000577s ]
ERR: 无法加载模块:Public

[ 2018-05-14T13:16:53+08:00 ] 192.168.1.251 /Public/Upload/admin2018-04-28/5ae3e3d188626.gif
INFO: [ app_init ] --START--
INFO: Run Behavior\BuildLiteBehavior [ RunTime:0.000018s ]
INFO: [ app_init ] --END-- [ RunTime:0.000588s ]
ERR: 无法加载模块:Public

[ 2018-05-14T13:16:54+08:00 ] 192.168.1.251 /Public/Upload/admin2018-04-28/5ae3e3d188626.gif
INFO: [ app_init ] --START--
INFO: Run Behavior\BuildLiteBehavior [ RunTime:0.000013s ]
INFO: [ app_init ] --END-- [ RunTime:0.000460s ]
ERR: 无法加载模块:Public

[ 2018-05-14T13:16:56+08:00 ] 192.168.1.251 /Public/Upload/admin2018-04-28/5ae3e3d188626.gif
INFO: [ app_init ] --START--
INFO: Run Behavior\BuildLiteBehavior [ RunTime:0.000011s ]
INFO: [ app_init ] --END-- [ RunTime:0.000378s ]
ERR: 无法加载模块:Public

[ 2018-05-14T13:17:06+08:00 ] 192.168.1.251 /Public/Upload/admin2018-04-28/5ae3e3d188626.gif
INFO: [ app_init ] --START--
INFO: Run Behavior\BuildLiteBehavior [ RunTime:0.000010s ]
INFO: [ app_init ] --END-- [ RunTime:0.000311s ]
ERR: 无法加载模块:Public

[ 2018-05-14T13:17:08+08:00 ] 192.168.1.251 /Public/Upload/admin2018-04-28/5ae3e3d188626.gif
INFO: [ app_init ] --START--
INFO: Run Behavior\BuildLiteBehavior [ RunTime:0.000016s ]
INFO: [ app_init ] --END-- [ RunTime:0.000443s ]
ERR: 无法加载模块:Public

[ 2018-05-14T13:17:13+08:00 ] 192.168.1.251 /Public/Upload/admin2018-04-28/5ae3e3d188626.gif
INFO: [ app_init ] --START--
INFO: Run Behavior\BuildLiteBehavior [ RunTime:0.000011s ]
INFO: [ app_init ] --END-- [ RunTime:0.000302s ]
ERR: 无法加载模块:Public

[ 2018-05-14T13:17:22+08:00 ] 192.168.1.251 /Public/Upload/admin2018-04-28/5ae3e3d188626.gif
INFO: [ app_init ] --START--
INFO: Run Behavior\BuildLiteBehavior [ RunTime:0.000011s ]
INFO: [ app_init ] --END-- [ RunTime:0.000377s ]
ERR: 无法加载模块:Public

[ 2018-05-14T13:17:30+08:00 ] 192.168.1.251 /Public/Upload/admin2018-04-28/5ae3e3d188626.gif
INFO: [ app_init ] --START--
INFO: Run Behavior\BuildLiteBehavior [ RunTime:0.000025s ]
INFO: [ app_init ] --END-- [ RunTime:0.000664s ]
ERR: 无法加载模块:Public

[ 2018-05-14T13:17:37+08:00 ] 192.168.1.251 /Public/Upload/admin2018-04-28/5ae3e3d188626.gif
INFO: [ app_init ] --START--
INFO: Run Behavior\BuildLiteBehavior [ RunTime:0.000014s ]
INFO: [ app_init ] --END-- [ RunTime:0.000443s ]
ERR: 无法加载模块:Public

[ 2018-05-14T13:18:04+08:00 ] 192.168.1.251 /Public/Upload/admin2018-04-28/5ae3e3d188626.gif
INFO: [ app_init ] --START--
INFO: Run Behavior\BuildLiteBehavior [ RunTime:0.000015s ]
INFO: [ app_init ] --END-- [ RunTime:0.000442s ]
ERR: 无法加载模块:Public

[ 2018-05-14T13:18:18+08:00 ] 192.168.1.251 /Public/Upload/admin2018-04-28/5ae3e3d188626.gif
INFO: [ app_init ] --START--
INFO: Run Behavior\BuildLiteBehavior [ RunTime:0.000012s ]
INFO: [ app_init ] --END-- [ RunTime:0.000331s ]
ERR: 无法加载模块:Public

[ 2018-05-14T13:18:21+08:00 ] 192.168.1.251 /Public/Upload/admin2018-04-28/5ae3e3d188626.gif
INFO: [ app_init ] --START--
INFO: Run Behavior\BuildLiteBehavior [ RunTime:0.000017s ]
INFO: [ app_init ] --END-- [ RunTime:0.000536s ]
ERR: 无法加载模块:Public

[ 2018-05-14T13:18:23+08:00 ] 192.168.1.251 /Public/Upload/admin2018-04-28/5ae3e3d188626.gif
INFO: [ app_init ] --START--
INFO: Run Behavior\BuildLiteBehavior [ RunTime:0.000016s ]
INFO: [ app_init ] --END-- [ RunTime:0.000536s ]
ERR: 无法加载模块:Public

[ 2018-05-14T13:18:25+08:00 ] 192.168.1.251 /Public/Upload/admin2018-04-28/5ae3e3d188626.gif
INFO: [ app_init ] --START--
INFO: Run Behavior\BuildLiteBehavior [ RunTime:0.000019s ]
INFO: [ app_init ] --END-- [ RunTime:0.000580s ]
ERR: 无法加载模块:Public

[ 2018-05-14T13:18:30+08:00 ] 192.168.1.251 /Public/Upload/admin2018-04-28/5ae3e3d188626.gif
INFO: [ app_init ] --START--
INFO: Run Behavior\BuildLiteBehavior [ RunTime:0.000013s ]
INFO: [ app_init ] --END-- [ RunTime:0.000430s ]
ERR: 无法加载模块:Public

[ 2018-05-14T13:18:35+08:00 ] 192.168.1.251 /Public/Upload/admin2018-04-28/5ae3e3d188626.gif
INFO: [ app_init ] --START--
INFO: Run Behavior\BuildLiteBehavior [ RunTime:0.000025s ]
INFO: [ app_init ] --END-- [ RunTime:0.000490s ]
ERR: 无法加载模块:Public

[ 2018-05-14T13:18:37+08:00 ] 192.168.1.251 /Public/Upload/admin2018-04-28/5ae3e3d188626.gif
INFO: [ app_init ] --START--
INFO: Run Behavior\BuildLiteBehavior [ RunTime:0.000011s ]
INFO: [ app_init ] --END-- [ RunTime:0.000316s ]
ERR: 无法加载模块:Public

[ 2018-05-14T13:18:39+08:00 ] 192.168.1.251 /Public/Upload/admin2018-04-28/5ae3e3d188626.gif
INFO: [ app_init ] --START--
INFO: Run Behavior\BuildLiteBehavior [ RunTime:0.000023s ]
INFO: [ app_init ] --END-- [ RunTime:0.000606s ]
ERR: 无法加载模块:Public

[ 2018-05-14T13:18:47+08:00 ] 192.168.1.251 /Public/Upload/admin2018-04-28/5ae3e3d188626.gif
INFO: [ app_init ] --START--
INFO: Run Behavior\BuildLiteBehavior [ RunTime:0.000010s ]
INFO: [ app_init ] --END-- [ RunTime:0.000316s ]
ERR: 无法加载模块:Public

[ 2018-05-14T13:18:52+08:00 ] 192.168.1.251 /Public/Upload/admin2018-04-28/5ae3e3d188626.gif
INFO: [ app_init ] --START--
INFO: Run Behavior\BuildLiteBehavior [ RunTime:0.000011s ]
INFO: [ app_init ] --END-- [ RunTime:0.000320s ]
ERR: 无法加载模块:Public

[ 2018-05-14T13:18:56+08:00 ] 192.168.1.251 /Public/Upload/admin2018-04-28/5ae3e3d188626.gif
INFO: [ app_init ] --START--
INFO: Run Behavior\BuildLiteBehavior [ RunTime:0.000013s ]
INFO: [ app_init ] --END-- [ RunTime:0.000653s ]
ERR: 无法加载模块:Public

[ 2018-05-14T13:19:01+08:00 ] 192.168.1.251 /Public/Upload/admin2018-04-28/5ae3e3d188626.gif
INFO: [ app_init ] --START--
INFO: Run Behavior\BuildLiteBehavior [ RunTime:0.000011s ]
INFO: [ app_init ] --END-- [ RunTime:0.000317s ]
ERR: 无法加载模块:Public

[ 2018-05-14T13:19:08+08:00 ] 192.168.1.251 /Public/Upload/admin2018-04-28/5ae3e3d188626.gif
INFO: [ app_init ] --START--
INFO: Run Behavior\BuildLiteBehavior [ RunTime:0.000011s ]
INFO: [ app_init ] --END-- [ RunTime:0.000383s ]
ERR: 无法加载模块:Public

[ 2018-05-14T13:19:10+08:00 ] 192.168.1.251 /Public/Upload/admin2018-04-28/5ae3e3d188626.gif
INFO: [ app_init ] --START--
INFO: Run Behavior\BuildLiteBehavior [ RunTime:0.000011s ]
INFO: [ app_init ] --END-- [ RunTime:0.000314s ]
ERR: 无法加载模块:Public

[ 2018-05-14T13:19:31+08:00 ] 192.168.1.251 /Public/Upload/admin2018-04-28/5ae3e3d188626.gif
INFO: [ app_init ] --START--
INFO: Run Behavior\BuildLiteBehavior [ RunTime:0.000018s ]
INFO: [ app_init ] --END-- [ RunTime:0.000509s ]
ERR: 无法加载模块:Public

[ 2018-05-14T13:19:40+08:00 ] 192.168.1.251 /Public/Upload/admin2018-04-28/5ae3e3d188626.gif
INFO: [ app_init ] --START--
INFO: Run Behavior\BuildLiteBehavior [ RunTime:0.000017s ]
INFO: [ app_init ] --END-- [ RunTime:0.000516s ]
ERR: 无法加载模块:Public

[ 2018-05-14T13:19:41+08:00 ] 192.168.1.251 /Public/Upload/admin2018-04-28/5ae3e3d188626.gif
INFO: [ app_init ] --START--
INFO: Run Behavior\BuildLiteBehavior [ RunTime:0.000019s ]
INFO: [ app_init ] --END-- [ RunTime:0.000565s ]
ERR: 无法加载模块:Public

[ 2018-05-14T13:19:45+08:00 ] 192.168.1.251 /Public/Upload/admin2018-04-28/5ae3e3d188626.gif
INFO: [ app_init ] --START--
INFO: Run Behavior\BuildLiteBehavior [ RunTime:0.000019s ]
INFO: [ app_init ] --END-- [ RunTime:0.000583s ]
ERR: 无法加载模块:Public

[ 2018-05-14T13:19:47+08:00 ] 192.168.1.251 /Public/Upload/admin2018-04-28/5ae3e3d188626.gif
INFO: [ app_init ] --START--
INFO: Run Behavior\BuildLiteBehavior [ RunTime:0.000019s ]
INFO: [ app_init ] --END-- [ RunTime:0.000611s ]
ERR: 无法加载模块:Public

[ 2018-05-14T13:19:51+08:00 ] 192.168.1.251 /Public/Upload/admin2018-04-28/5ae3e3d188626.gif
INFO: [ app_init ] --START--
INFO: Run Behavior\BuildLiteBehavior [ RunTime:0.000011s ]
INFO: [ app_init ] --END-- [ RunTime:0.000336s ]
ERR: 无法加载模块:Public

[ 2018-05-14T13:20:10+08:00 ] 192.168.1.251 /Public/Upload/admin2018-04-28/5ae3e3d188626.gif
INFO: [ app_init ] --START--
INFO: Run Behavior\BuildLiteBehavior [ RunTime:0.000013s ]
INFO: [ app_init ] --END-- [ RunTime:0.000350s ]
ERR: 无法加载模块:Public

[ 2018-05-14T13:20:12+08:00 ] 192.168.1.251 /Public/Upload/admin2018-04-28/5ae3e3d188626.gif
INFO: [ app_init ] --START--
INFO: Run Behavior\BuildLiteBehavior [ RunTime:0.000016s ]
INFO: [ app_init ] --END-- [ RunTime:0.000389s ]
ERR: 无法加载模块:Public

[ 2018-05-14T13:20:17+08:00 ] 192.168.1.251 /Public/Upload/admin2018-04-28/5ae3e3d188626.gif
INFO: [ app_init ] --START--
INFO: Run Behavior\BuildLiteBehavior [ RunTime:0.000017s ]
INFO: [ app_init ] --END-- [ RunTime:0.000484s ]
ERR: 无法加载模块:Public

[ 2018-05-14T13:20:19+08:00 ] 192.168.1.251 /Public/Upload/admin2018-04-28/5ae3e3d188626.gif
INFO: [ app_init ] --START--
INFO: Run Behavior\BuildLiteBehavior [ RunTime:0.000018s ]
INFO: [ app_init ] --END-- [ RunTime:0.000526s ]
ERR: 无法加载模块:Public

[ 2018-05-14T13:20:20+08:00 ] 192.168.1.251 /Public/Upload/admin2018-04-28/5ae3e3d188626.gif
INFO: [ app_init ] --START--
INFO: Run Behavior\BuildLiteBehavior [ RunTime:0.000022s ]
INFO: [ app_init ] --END-- [ RunTime:0.000647s ]
ERR: 无法加载模块:Public

[ 2018-05-14T13:20:25+08:00 ] 192.168.1.251 /Public/Upload/admin2018-04-28/5ae3e3d188626.gif
INFO: [ app_init ] --START--
INFO: Run Behavior\BuildLiteBehavior [ RunTime:0.000020s ]
INFO: [ app_init ] --END-- [ RunTime:0.000667s ]
ERR: 无法加载模块:Public

[ 2018-05-14T13:20:28+08:00 ] 192.168.1.251 /Public/Upload/admin2018-04-28/5ae3e3d188626.gif
INFO: [ app_init ] --START--
INFO: Run Behavior\BuildLiteBehavior [ RunTime:0.000018s ]
INFO: [ app_init ] --END-- [ RunTime:0.000524s ]
ERR: 无法加载模块:Public

[ 2018-05-14T13:20:29+08:00 ] 192.168.1.251 /Public/Upload/admin2018-04-28/5ae3e3d188626.gif
INFO: [ app_init ] --START--
INFO: Run Behavior\BuildLiteBehavior [ RunTime:0.000012s ]
INFO: [ app_init ] --END-- [ RunTime:0.000329s ]
ERR: 无法加载模块:Public

[ 2018-05-14T13:20:30+08:00 ] 192.168.1.251 /Public/Upload/admin2018-04-28/5ae3e3d188626.gif
INFO: [ app_init ] --START--
INFO: Run Behavior\BuildLiteBehavior [ RunTime:0.000021s ]
INFO: [ app_init ] --END-- [ RunTime:0.000630s ]
ERR: 无法加载模块:Public

[ 2018-05-14T13:21:18+08:00 ] 192.168.1.251 /Public/Upload/admin2018-04-28/5ae3e3d188626.gif
INFO: [ app_init ] --START--
INFO: Run Behavior\BuildLiteBehavior [ RunTime:0.000011s ]
INFO: [ app_init ] --END-- [ RunTime:0.000340s ]
ERR: 无法加载模块:Public

[ 2018-05-14T13:21:31+08:00 ] 192.168.1.251 /Public/Upload/admin2018-04-28/5ae3e3d188626.gif
INFO: [ app_init ] --START--
INFO: Run Behavior\BuildLiteBehavior [ RunTime:0.000010s ]
INFO: [ app_init ] --END-- [ RunTime:0.000319s ]
ERR: 无法加载模块:Public

[ 2018-05-14T13:21:34+08:00 ] 192.168.1.251 /Public/Upload/admin2018-04-28/5ae3e3d188626.gif
INFO: [ app_init ] --START--
INFO: Run Behavior\BuildLiteBehavior [ RunTime:0.000015s ]
INFO: [ app_init ] --END-- [ RunTime:0.000477s ]
ERR: 无法加载模块:Public

[ 2018-05-14T13:21:36+08:00 ] 192.168.1.251 /Public/Upload/admin2018-04-28/5ae3e3d188626.gif
INFO: [ app_init ] --START--
INFO: Run Behavior\BuildLiteBehavior [ RunTime:0.000019s ]
INFO: [ app_init ] --END-- [ RunTime:0.000557s ]
ERR: 无法加载模块:Public

[ 2018-05-14T13:21:38+08:00 ] 192.168.1.251 /Public/Upload/admin2018-04-28/5ae3e3d188626.gif
INFO: [ app_init ] --START--
INFO: Run Behavior\BuildLiteBehavior [ RunTime:0.000019s ]
INFO: [ app_init ] --END-- [ RunTime:0.000592s ]
ERR: 无法加载模块:Public

[ 2018-05-14T13:21:43+08:00 ] 192.168.1.251 /Public/Upload/admin2018-04-28/5ae3e3d188626.gif
INFO: [ app_init ] --START--
INFO: Run Behavior\BuildLiteBehavior [ RunTime:0.000011s ]
INFO: [ app_init ] --END-- [ RunTime:0.000362s ]
ERR: 无法加载模块:Public

[ 2018-05-14T13:21:57+08:00 ] 192.168.1.251 /Public/Upload/admin2018-04-28/5ae3e3d188626.gif
INFO: [ app_init ] --START--
INFO: Run Behavior\BuildLiteBehavior [ RunTime:0.000022s ]
INFO: [ app_init ] --END-- [ RunTime:0.000612s ]
ERR: 无法加载模块:Public

[ 2018-05-14T13:22:00+08:00 ] 192.168.1.251 /Public/Upload/admin2018-04-28/5ae3e3d188626.gif
INFO: [ app_init ] --START--
INFO: Run Behavior\BuildLiteBehavior [ RunTime:0.000011s ]
INFO: [ app_init ] --END-- [ RunTime:0.000325s ]
ERR: 无法加载模块:Public

[ 2018-05-14T13:22:13+08:00 ] 192.168.1.251 /Public/Upload/admin2018-04-28/5ae3e3d188626.gif
INFO: [ app_init ] --START--
INFO: Run Behavior\BuildLiteBehavior [ RunTime:0.000025s ]
INFO: [ app_init ] --END-- [ RunTime:0.000669s ]
ERR: 无法加载模块:Public

[ 2018-05-14T13:22:19+08:00 ] 192.168.1.251 /Public/Upload/admin2018-04-28/5ae3e3d188626.gif
INFO: [ app_init ] --START--
INFO: Run Behavior\BuildLiteBehavior [ RunTime:0.000010s ]
INFO: [ app_init ] --END-- [ RunTime:0.000310s ]
ERR: 无法加载模块:Public

[ 2018-05-14T13:33:07+08:00 ] 192.168.1.251 /Public/Upload/admin2018-04-28/5ae3e3d188626.gif
INFO: [ app_init ] --START--
INFO: Run Behavior\BuildLiteBehavior [ RunTime:0.000022s ]
INFO: [ app_init ] --END-- [ RunTime:0.000861s ]
ERR: 无法加载模块:Public

[ 2018-05-14T13:33:08+08:00 ] 192.168.1.251 /Public/Upload/admin2018-04-28/5ae3e3d188626.gif
INFO: [ app_init ] --START--
INFO: Run Behavior\BuildLiteBehavior [ RunTime:0.000012s ]
INFO: [ app_init ] --END-- [ RunTime:0.000310s ]
ERR: 无法加载模块:Public

[ 2018-05-14T13:33:13+08:00 ] 192.168.1.251 /Public/Upload/admin2018-04-28/5ae3e3d188626.gif
INFO: [ app_init ] --START--
INFO: Run Behavior\BuildLiteBehavior [ RunTime:0.000011s ]
INFO: [ app_init ] --END-- [ RunTime:0.000329s ]
ERR: 无法加载模块:Public

[ 2018-05-14T13:33:16+08:00 ] 192.168.1.251 /Public/Upload/admin2018-04-28/5ae3e3d188626.gif
INFO: [ app_init ] --START--
INFO: Run Behavior\BuildLiteBehavior [ RunTime:0.000012s ]
INFO: [ app_init ] --END-- [ RunTime:0.000389s ]
ERR: 无法加载模块:Public

[ 2018-05-14T13:33:18+08:00 ] 192.168.1.251 /Public/Upload/admin2018-04-28/5ae3e3d188626.gif
INFO: [ app_init ] --START--
INFO: Run Behavior\BuildLiteBehavior [ RunTime:0.000013s ]
INFO: [ app_init ] --END-- [ RunTime:0.000424s ]
ERR: 无法加载模块:Public

[ 2018-05-14T13:33:23+08:00 ] 192.168.1.251 /Public/Upload/admin2018-04-28/5ae3e3d188626.gif
INFO: [ app_init ] --START--
INFO: Run Behavior\BuildLiteBehavior [ RunTime:0.000014s ]
INFO: [ app_init ] --END-- [ RunTime:0.000584s ]
ERR: 无法加载模块:Public

[ 2018-05-14T13:33:26+08:00 ] 192.168.1.251 /Public/Upload/admin2018-04-28/5ae3e3d188626.gif
INFO: [ app_init ] --START--
INFO: Run Behavior\BuildLiteBehavior [ RunTime:0.000032s ]
INFO: [ app_init ] --END-- [ RunTime:0.000676s ]
ERR: 无法加载模块:Public

[ 2018-05-14T13:33:27+08:00 ] 192.168.1.251 /Public/Upload/admin2018-04-28/5ae3e3d188626.gif
INFO: [ app_init ] --START--
INFO: Run Behavior\BuildLiteBehavior [ RunTime:0.000021s ]
INFO: [ app_init ] --END-- [ RunTime:0.000356s ]
ERR: 无法加载模块:Public

[ 2018-05-14T13:33:29+08:00 ] 192.168.1.251 /Public/Upload/admin2018-04-28/5ae3e3d188626.gif
INFO: [ app_init ] --START--
INFO: Run Behavior\BuildLiteBehavior [ RunTime:0.000011s ]
INFO: [ app_init ] --END-- [ RunTime:0.000363s ]
ERR: 无法加载模块:Public

[ 2018-05-14T13:33:30+08:00 ] 192.168.1.251 /Public/Upload/admin2018-04-28/5ae3e3d188626.gif
INFO: [ app_init ] --START--
INFO: Run Behavior\BuildLiteBehavior [ RunTime:0.000010s ]
INFO: [ app_init ] --END-- [ RunTime:0.000313s ]
ERR: 无法加载模块:Public

[ 2018-05-14T13:33:33+08:00 ] 192.168.1.251 /Public/Upload/admin2018-04-28/5ae3e3d188626.gif
INFO: [ app_init ] --START--
INFO: Run Behavior\BuildLiteBehavior [ RunTime:0.000020s ]
INFO: [ app_init ] --END-- [ RunTime:0.000462s ]
ERR: 无法加载模块:Public

[ 2018-05-14T13:37:02+08:00 ] 192.168.1.251 /Public/Upload/admin2018-04-28/5ae3e3d188626.gif
INFO: [ app_init ] --START--
INFO: Run Behavior\BuildLiteBehavior [ RunTime:0.000022s ]
INFO: [ app_init ] --END-- [ RunTime:0.000634s ]
ERR: 无法加载模块:Public

[ 2018-05-14T13:37:07+08:00 ] 192.168.1.251 /Public/Upload/admin2018-04-28/5ae3e3d188626.gif
INFO: [ app_init ] --START--
INFO: Run Behavior\BuildLiteBehavior [ RunTime:0.000011s ]
INFO: [ app_init ] --END-- [ RunTime:0.000344s ]
ERR: 无法加载模块:Public

[ 2018-05-14T13:37:08+08:00 ] 192.168.1.251 /Public/Upload/admin2018-04-28/5ae3e3d188626.gif
INFO: [ app_init ] --START--
INFO: Run Behavior\BuildLiteBehavior [ RunTime:0.000011s ]
INFO: [ app_init ] --END-- [ RunTime:0.000393s ]
ERR: 无法加载模块:Public

[ 2018-05-14T13:50:23+08:00 ] 192.168.1.251 /Public/Upload/admin2018-04-28/5ae3e3d188626.gif
INFO: [ app_init ] --START--
INFO: Run Behavior\BuildLiteBehavior [ RunTime:0.000019s ]
INFO: [ app_init ] --END-- [ RunTime:0.000580s ]
ERR: 无法加载模块:Public

[ 2018-05-14T13:51:22+08:00 ] 192.168.1.251 /Public/Upload/admin2018-04-28/5ae3e3d188626.gif
INFO: [ app_init ] --START--
INFO: Run Behavior\BuildLiteBehavior [ RunTime:0.000013s ]
INFO: [ app_init ] --END-- [ RunTime:0.000650s ]
ERR: 无法加载模块:Public

[ 2018-05-14T13:51:28+08:00 ] 192.168.1.251 /Public/Upload/admin2018-04-28/5ae3e3d188626.gif
INFO: [ app_init ] --START--
INFO: Run Behavior\BuildLiteBehavior [ RunTime:0.000017s ]
INFO: [ app_init ] --END-- [ RunTime:0.000544s ]
ERR: 无法加载模块:Public

[ 2018-05-14T13:51:29+08:00 ] 192.168.1.251 /Public/Upload/admin2018-04-28/5ae3e3d188626.gif
INFO: [ app_init ] --START--
INFO: Run Behavior\BuildLiteBehavior [ RunTime:0.000019s ]
INFO: [ app_init ] --END-- [ RunTime:0.000549s ]
ERR: 无法加载模块:Public

[ 2018-05-14T13:52:04+08:00 ] 192.168.1.251 /Public/Upload/admin2018-04-28/5ae3e3d188626.gif
INFO: [ app_init ] --START--
INFO: Run Behavior\BuildLiteBehavior [ RunTime:0.000018s ]
INFO: [ app_init ] --END-- [ RunTime:0.000573s ]
ERR: 无法加载模块:Public

[ 2018-05-14T14:02:36+08:00 ] 192.168.1.251 /Public/Upload/admin2018-04-28/5ae3e3d188626.gif
INFO: [ app_init ] --START--
INFO: Run Behavior\BuildLiteBehavior [ RunTime:0.000013s ]
INFO: [ app_init ] --END-- [ RunTime:0.000357s ]
ERR: 无法加载模块:Public

[ 2018-05-14T14:02:43+08:00 ] 192.168.1.251 /Public/Upload/admin2018-04-28/5ae3e3d188626.gif
INFO: [ app_init ] --START--
INFO: Run Behavior\BuildLiteBehavior [ RunTime:0.000017s ]
INFO: [ app_init ] --END-- [ RunTime:0.000539s ]
ERR: 无法加载模块:Public

[ 2018-05-14T15:00:11+08:00 ] 192.168.1.251 /favicon.ico
INFO: [ app_init ] --START--
INFO: Run Behavior\BuildLiteBehavior [ RunTime:0.000018s ]
INFO: [ app_init ] --END-- [ RunTime:0.000418s ]
ERR: 无法加载模块:Favicon

[ 2018-05-14T15:00:25+08:00 ] 192.168.1.251 /favicon.ico
INFO: [ app_init ] --START--
INFO: Run Behavior\BuildLiteBehavior [ RunTime:0.000013s ]
INFO: [ app_init ] --END-- [ RunTime:0.000389s ]
ERR: 无法加载模块:Favicon

