[ 2018-05-11T10:30:25+08:00 ] 192.168.1.251 /Public/Upload/main/2018-05-04/5aebd592ae418.png
INFO: [ app_init ] --START--
INFO: Run Behavior\BuildLiteBehavior [ RunTime:0.000021s ]
INFO: [ app_init ] --END-- [ RunTime:0.000539s ]
ERR: 无法加载模块:Public

[ 2018-05-11T10:30:25+08:00 ] 192.168.1.251 /Public/Upload/special/2018-05-10/5af40e51dd98a.png
INFO: [ app_init ] --START--
INFO: Run Behavior\BuildLiteBehavior [ RunTime:0.000016s ]
INFO: [ app_init ] --END-- [ RunTime:0.000468s ]
ERR: 无法加载模块:Public

[ 2018-05-11T10:30:25+08:00 ] 192.168.1.251 /Public/Upload/special/2018-05-10/5af40e5f2cc0a.png
INFO: [ app_init ] --START--
INFO: Run Behavior\BuildLiteBehavior [ RunTime:0.000023s ]
INFO: [ app_init ] --END-- [ RunTime:0.000720s ]
ERR: 无法加载模块:Public

[ 2018-05-11T10:30:25+08:00 ] 192.168.1.251 /Public/Upload/special/2018-05-07/5aeffcf7009d2.png
INFO: [ app_init ] --START--
INFO: Run Behavior\BuildLiteBehavior [ RunTime:0.000023s ]
INFO: [ app_init ] --END-- [ RunTime:0.000569s ]
ERR: 无法加载模块:Public

[ 2018-05-11T10:30:25+08:00 ] 192.168.1.251 /Public/Upload/special/2018-05-10/5af3ac3319155.png
INFO: [ app_init ] --START--
INFO: Run Behavior\BuildLiteBehavior [ RunTime:0.000019s ]
INFO: [ app_init ] --END-- [ RunTime:0.000607s ]
ERR: 无法加载模块:Public

[ 2018-05-11T10:30:25+08:00 ] 192.168.1.251 /Public/Upload/special/2018-05-07/5aeffd64795f0.png
INFO: [ app_init ] --START--
INFO: Run Behavior\BuildLiteBehavior [ RunTime:0.000019s ]
INFO: [ app_init ] --END-- [ RunTime:0.000513s ]
ERR: 无法加载模块:Public

[ 2018-05-11T10:30:31+08:00 ] 192.168.1.251 //Public/Upload/admin/2018-05-09/5af2a029ac7a2.jpg
INFO: [ app_init ] --START--
INFO: Run Behavior\BuildLiteBehavior [ RunTime:0.000015s ]
INFO: [ app_init ] --END-- [ RunTime:0.000484s ]
ERR: 无法加载模块:Public

