[ 2018-05-09T09:31:38+08:00 ] 192.168.1.251 /favicon.ico
INFO: [ app_init ] --START--
INFO: Run Behavior\BuildLiteBehavior [ RunTime:0.000010s ]
INFO: [ app_init ] --END-- [ RunTime:0.000403s ]
ERR: 无法加载模块:Favicon

[ 2018-05-09T10:33:56+08:00 ] 192.168.1.251 /Public/Upload/special/2018-04-28/5ae3e0943e4a3.jpg
INFO: [ app_init ] --START--
INFO: Run Behavior\BuildLiteBehavior [ RunTime:0.000013s ]
INFO: [ app_init ] --END-- [ RunTime:0.000363s ]
ERR: 无法加载模块:Public

[ 2018-05-09T10:33:56+08:00 ] 192.168.1.251 /Public/Upload/special/2018-04-27/5ae2ca554bd03.jpg
INFO: [ app_init ] --START--
INFO: Run Behavior\BuildLiteBehavior [ RunTime:0.000015s ]
INFO: [ app_init ] --END-- [ RunTime:0.000444s ]
ERR: 无法加载模块:Public

[ 2018-05-09T10:37:47+08:00 ] 192.168.1.251 /Public/Upload/special/2018-04-28/5ae3e0943e4a3.jpg
INFO: [ app_init ] --START--
INFO: Run Behavior\BuildLiteBehavior [ RunTime:0.000022s ]
INFO: [ app_init ] --END-- [ RunTime:0.000534s ]
ERR: 无法加载模块:Public

[ 2018-05-09T10:37:47+08:00 ] 192.168.1.251 /Public/Upload/special/2018-04-27/5ae2ca554bd03.jpg
INFO: [ app_init ] --START--
INFO: Run Behavior\BuildLiteBehavior [ RunTime:0.000014s ]
INFO: [ app_init ] --END-- [ RunTime:0.000389s ]
ERR: 无法加载模块:Public

[ 2018-05-09T10:48:53+08:00 ] 192.168.1.251 /Public/Upload/special/2018-04-28/5ae3e0943e4a3.jpg
INFO: [ app_init ] --START--
INFO: Run Behavior\BuildLiteBehavior [ RunTime:0.000021s ]
INFO: [ app_init ] --END-- [ RunTime:0.000584s ]
ERR: 无法加载模块:Public

[ 2018-05-09T10:48:53+08:00 ] 192.168.1.251 /Public/Upload/special/2018-04-27/5ae2ca554bd03.jpg
INFO: [ app_init ] --START--
INFO: Run Behavior\BuildLiteBehavior [ RunTime:0.000020s ]
INFO: [ app_init ] --END-- [ RunTime:0.000878s ]
ERR: 无法加载模块:Public

