[ 2018-05-04T14:51:06+08:00 ] 192.168.1.251 /Public/Upload/admin2018-05-04/5aec020dbaadf.png
INFO: [ app_init ] --START--
INFO: Run Behavior\BuildLiteBehavior [ RunTime:0.000016s ]
INFO: [ app_init ] --END-- [ RunTime:0.000402s ]
ERR: 无法加载模块:Public

[ 2018-05-04T14:51:06+08:00 ] 192.168.1.251 /Public/Upload/admin2018-05-04/5aebd473ba282.jpg
INFO: [ app_init ] --START--
INFO: Run Behavior\BuildLiteBehavior [ RunTime:0.000020s ]
INFO: [ app_init ] --END-- [ RunTime:0.000568s ]
ERR: 无法加载模块:Public

[ 2018-05-04T14:51:06+08:00 ] 192.168.1.251 /Public/Upload/admin2018-05-04/5aebf15bd3e46.jpg
INFO: [ app_init ] --START--
INFO: Run Behavior\BuildLiteBehavior [ RunTime:0.000013s ]
INFO: [ app_init ] --END-- [ RunTime:0.000368s ]
ERR: 无法加载模块:Public

[ 2018-05-04T14:51:06+08:00 ] 192.168.1.251 /Public/Upload/admin2018-05-04/5aebf4d5b2a69.jpg
INFO: [ app_init ] --START--
INFO: Run Behavior\BuildLiteBehavior [ RunTime:0.000020s ]
INFO: [ app_init ] --END-- [ RunTime:0.000524s ]
ERR: 无法加载模块:Public

[ 2018-05-04T14:51:06+08:00 ] 192.168.1.251 /Public/Upload/admin2018-05-04/5aebfe65e3a19.jpg
INFO: [ app_init ] --START--
INFO: Run Behavior\BuildLiteBehavior [ RunTime:0.000022s ]
INFO: [ app_init ] --END-- [ RunTime:0.000685s ]
ERR: 无法加载模块:Public

[ 2018-05-04T14:56:13+08:00 ] 192.168.1.251 /Public/Upload/special/2018-04-28/5ae3e0943e4a3.jpg
INFO: [ app_init ] --START--
INFO: Run Behavior\BuildLiteBehavior [ RunTime:0.000013s ]
INFO: [ app_init ] --END-- [ RunTime:0.000367s ]
ERR: 无法加载模块:Public

[ 2018-05-04T14:56:13+08:00 ] 192.168.1.251 /Public/Upload/special/2018-04-27/5ae2ca554bd03.jpg
INFO: [ app_init ] --START--
INFO: Run Behavior\BuildLiteBehavior [ RunTime:0.000012s ]
INFO: [ app_init ] --END-- [ RunTime:0.000429s ]
ERR: 无法加载模块:Public

[ 2018-05-04T14:56:30+08:00 ] 192.168.1.251 /Public/Upload/special/2018-04-27/5ae2ca554bd03.jpg
INFO: [ app_init ] --START--
INFO: Run Behavior\BuildLiteBehavior [ RunTime:0.000022s ]
INFO: [ app_init ] --END-- [ RunTime:0.000493s ]
ERR: 无法加载模块:Public

[ 2018-05-04T14:56:30+08:00 ] 192.168.1.251 /Public/Upload/special/2018-04-28/5ae3e0943e4a3.jpg
INFO: [ app_init ] --START--
INFO: Run Behavior\BuildLiteBehavior [ RunTime:0.000025s ]
INFO: [ app_init ] --END-- [ RunTime:0.001034s ]
ERR: 无法加载模块:Public

